INFO: COMMAND: train.py --data data/en-fr/prepared --source-lang fr --target-lang en --save-dir assignments/03/output/en-fr_bs1_lr0048/checkpoints/ --log-file logs/en-fr_bs1_lr0048.log --batch-size 1 --lr 0.0048
INFO: Arguments: {'cuda': False, 'data': 'data/en-fr/prepared', 'source_lang': 'fr', 'target_lang': 'en', 'max_tokens': None, 'batch_size': 1, 'train_on_tiny': False, 'arch': 'lstm', 'max_epoch': 10000, 'clip_norm': 4.0, 'lr': 0.0048, 'patience': 3, 'log_file': 'logs/en-fr_bs1_lr0048.log', 'save_dir': 'assignments/03/output/en-fr_bs1_lr0048/checkpoints/', 'restore_file': 'checkpoint_last.pt', 'save_interval': 1, 'no_save': False, 'epoch_checkpoints': False, 'encoder_embed_dim': 64, 'encoder_embed_path': None, 'encoder_hidden_size': 64, 'encoder_num_layers': 1, 'encoder_bidirectional': 'True', 'encoder_dropout_in': 0.25, 'encoder_dropout_out': 0.25, 'decoder_embed_dim': 64, 'decoder_embed_path': None, 'decoder_hidden_size': 128, 'decoder_num_layers': 1, 'decoder_dropout_in': 0.25, 'decoder_dropout_out': 0.25, 'decoder_use_attention': 'True', 'decoder_use_lexical_model': 'False', 'device_id': 0}
INFO: Loaded a source dictionary (fr) with 4000 words
INFO: Loaded a target dictionary (en) with 4000 words
INFO: Built a model with 1308576 parameters
INFO: Epoch 000: loss 4.454 | lr 0.0048 | num_tokens 9.1 | batch_size 1 | grad_norm 33.14 | clip 0.9998
INFO: Epoch 000: valid_loss 4.36 | num_tokens 9.14 | batch_size 500 | valid_perplexity 77.9
INFO: Epoch 001: loss 3.925 | lr 0.0048 | num_tokens 9.1 | batch_size 1 | grad_norm 26.41 | clip 1
INFO: Epoch 001: valid_loss 4.18 | num_tokens 9.14 | batch_size 500 | valid_perplexity 65.4
INFO: Epoch 002: loss 3.751 | lr 0.0048 | num_tokens 9.1 | batch_size 1 | grad_norm 25.45 | clip 0.9996
INFO: Epoch 002: valid_loss 4.12 | num_tokens 9.14 | batch_size 500 | valid_perplexity 61.6
INFO: Epoch 003: loss 3.655 | lr 0.0048 | num_tokens 9.1 | batch_size 1 | grad_norm 24.81 | clip 0.9998
INFO: Epoch 003: valid_loss 4.03 | num_tokens 9.14 | batch_size 500 | valid_perplexity 56
INFO: Epoch 004: loss 3.6 | lr 0.0048 | num_tokens 9.1 | batch_size 1 | grad_norm 24.64 | clip 0.9998
INFO: Epoch 004: valid_loss 4.02 | num_tokens 9.14 | batch_size 500 | valid_perplexity 55.9
INFO: Epoch 005: loss 3.534 | lr 0.0048 | num_tokens 9.1 | batch_size 1 | grad_norm 23.43 | clip 0.9996
INFO: Epoch 005: valid_loss 4.2 | num_tokens 9.14 | batch_size 500 | valid_perplexity 66.5
INFO: Epoch 006: loss 3.503 | lr 0.0048 | num_tokens 9.1 | batch_size 1 | grad_norm 23.69 | clip 0.9994
INFO: Epoch 006: valid_loss 4.03 | num_tokens 9.14 | batch_size 500 | valid_perplexity 56.3
INFO: Epoch 007: loss 3.457 | lr 0.0048 | num_tokens 9.1 | batch_size 1 | grad_norm 23.13 | clip 0.9993
INFO: Epoch 007: valid_loss 3.92 | num_tokens 9.14 | batch_size 500 | valid_perplexity 50.5
INFO: Epoch 008: loss 3.439 | lr 0.0048 | num_tokens 9.1 | batch_size 1 | grad_norm 23.34 | clip 0.9999
INFO: Epoch 008: valid_loss 3.88 | num_tokens 9.14 | batch_size 500 | valid_perplexity 48.6
INFO: Epoch 009: loss 3.42 | lr 0.0048 | num_tokens 9.1 | batch_size 1 | grad_norm 23.03 | clip 0.9998
INFO: Epoch 009: valid_loss 3.83 | num_tokens 9.14 | batch_size 500 | valid_perplexity 46
INFO: Epoch 010: loss 3.402 | lr 0.0048 | num_tokens 9.1 | batch_size 1 | grad_norm 22.74 | clip 0.9996
INFO: Epoch 010: valid_loss 3.8 | num_tokens 9.14 | batch_size 500 | valid_perplexity 44.7
INFO: Epoch 011: loss 3.372 | lr 0.0048 | num_tokens 9.1 | batch_size 1 | grad_norm 22.94 | clip 0.9997
INFO: Epoch 011: valid_loss 3.98 | num_tokens 9.14 | batch_size 500 | valid_perplexity 53.5
INFO: Epoch 012: loss 3.358 | lr 0.0048 | num_tokens 9.1 | batch_size 1 | grad_norm 22.8 | clip 0.9996
INFO: Epoch 012: valid_loss 3.92 | num_tokens 9.14 | batch_size 500 | valid_perplexity 50.6
INFO: Epoch 013: loss 3.348 | lr 0.0048 | num_tokens 9.1 | batch_size 1 | grad_norm 23 | clip 0.9995
INFO: Epoch 013: valid_loss 3.89 | num_tokens 9.14 | batch_size 500 | valid_perplexity 49
INFO: No validation set improvements observed for 3 epochs. Early stop!
