INFO: COMMAND: train.py --data data/en-fr/prepared --source-lang fr --target-lang en --save-dir assignments/03/output/en-fr_bs16_lr0012/checkpoints/ --log-file logs/en-fr_bs16_lr0012.log --batch-size 16 --lr 0.0012
INFO: Arguments: {'cuda': False, 'data': 'data/en-fr/prepared', 'source_lang': 'fr', 'target_lang': 'en', 'max_tokens': None, 'batch_size': 16, 'train_on_tiny': False, 'arch': 'lstm', 'max_epoch': 10000, 'clip_norm': 4.0, 'lr': 0.0012, 'patience': 3, 'log_file': 'logs/en-fr_bs16_lr0012.log', 'save_dir': 'assignments/03/output/en-fr_bs16_lr0012/checkpoints/', 'restore_file': 'checkpoint_last.pt', 'save_interval': 1, 'no_save': False, 'epoch_checkpoints': False, 'encoder_embed_dim': 64, 'encoder_embed_path': None, 'encoder_hidden_size': 64, 'encoder_num_layers': 1, 'encoder_bidirectional': 'True', 'encoder_dropout_in': 0.25, 'encoder_dropout_out': 0.25, 'decoder_embed_dim': 64, 'decoder_embed_path': None, 'decoder_hidden_size': 128, 'decoder_num_layers': 1, 'decoder_dropout_in': 0.25, 'decoder_dropout_out': 0.25, 'decoder_use_attention': 'True', 'decoder_use_lexical_model': 'False', 'device_id': 0}
INFO: Loaded a source dictionary (fr) with 4000 words
INFO: Loaded a target dictionary (en) with 4000 words
INFO: Built a model with 1308576 parameters
INFO: Epoch 000: loss 4.8 | lr 0.0012 | num_tokens 9.1 | batch_size 16 | grad_norm 8.808 | clip 0.9872
INFO: Epoch 000: valid_loss 4.78 | num_tokens 9.14 | batch_size 500 | valid_perplexity 119
INFO: Epoch 001: loss 4.006 | lr 0.0012 | num_tokens 9.1 | batch_size 16 | grad_norm 7.886 | clip 1
INFO: Epoch 001: valid_loss 4.33 | num_tokens 9.14 | batch_size 500 | valid_perplexity 75.8
INFO: Epoch 002: loss 3.663 | lr 0.0012 | num_tokens 9.1 | batch_size 16 | grad_norm 8.294 | clip 1
INFO: Epoch 002: valid_loss 4 | num_tokens 9.14 | batch_size 500 | valid_perplexity 54.7
INFO: Epoch 003: loss 3.421 | lr 0.0012 | num_tokens 9.1 | batch_size 16 | grad_norm 8.848 | clip 1
INFO: Epoch 003: valid_loss 3.79 | num_tokens 9.14 | batch_size 500 | valid_perplexity 44.2
INFO: Epoch 004: loss 3.227 | lr 0.0012 | num_tokens 9.1 | batch_size 16 | grad_norm 9.354 | clip 1
INFO: Epoch 004: valid_loss 3.63 | num_tokens 9.14 | batch_size 500 | valid_perplexity 37.5
INFO: Epoch 005: loss 3.044 | lr 0.0012 | num_tokens 9.1 | batch_size 16 | grad_norm 9.77 | clip 1
INFO: Epoch 005: valid_loss 3.49 | num_tokens 9.14 | batch_size 500 | valid_perplexity 32.7
INFO: Epoch 006: loss 2.889 | lr 0.0012 | num_tokens 9.1 | batch_size 16 | grad_norm 10.18 | clip 1
INFO: Epoch 006: valid_loss 3.33 | num_tokens 9.14 | batch_size 500 | valid_perplexity 28
INFO: Epoch 007: loss 2.745 | lr 0.0012 | num_tokens 9.1 | batch_size 16 | grad_norm 10.55 | clip 1
INFO: Epoch 007: valid_loss 3.28 | num_tokens 9.14 | batch_size 500 | valid_perplexity 26.6
INFO: Epoch 008: loss 2.625 | lr 0.0012 | num_tokens 9.1 | batch_size 16 | grad_norm 10.93 | clip 1
INFO: Epoch 008: valid_loss 3.11 | num_tokens 9.14 | batch_size 500 | valid_perplexity 22.3
INFO: Epoch 009: loss 2.513 | lr 0.0012 | num_tokens 9.1 | batch_size 16 | grad_norm 11.23 | clip 1
INFO: Epoch 009: valid_loss 3.05 | num_tokens 9.14 | batch_size 500 | valid_perplexity 21.2
INFO: Epoch 010: loss 2.411 | lr 0.0012 | num_tokens 9.1 | batch_size 16 | grad_norm 11.47 | clip 1
INFO: Epoch 010: valid_loss 2.99 | num_tokens 9.14 | batch_size 500 | valid_perplexity 19.9
INFO: Epoch 011: loss 2.325 | lr 0.0012 | num_tokens 9.1 | batch_size 16 | grad_norm 11.78 | clip 1
INFO: Epoch 011: valid_loss 2.96 | num_tokens 9.14 | batch_size 500 | valid_perplexity 19.4
INFO: Epoch 012: loss 2.24 | lr 0.0012 | num_tokens 9.1 | batch_size 16 | grad_norm 11.96 | clip 1
INFO: Epoch 012: valid_loss 2.89 | num_tokens 9.14 | batch_size 500 | valid_perplexity 18.1
INFO: Epoch 013: loss 2.163 | lr 0.0012 | num_tokens 9.1 | batch_size 16 | grad_norm 12.29 | clip 1
INFO: Epoch 013: valid_loss 2.83 | num_tokens 9.14 | batch_size 500 | valid_perplexity 16.9
INFO: Epoch 014: loss 2.093 | lr 0.0012 | num_tokens 9.1 | batch_size 16 | grad_norm 12.42 | clip 1
INFO: Epoch 014: valid_loss 2.79 | num_tokens 9.14 | batch_size 500 | valid_perplexity 16.3
INFO: Epoch 015: loss 2.025 | lr 0.0012 | num_tokens 9.1 | batch_size 16 | grad_norm 12.61 | clip 1
INFO: Epoch 015: valid_loss 2.77 | num_tokens 9.14 | batch_size 500 | valid_perplexity 16
INFO: Epoch 016: loss 1.971 | lr 0.0012 | num_tokens 9.1 | batch_size 16 | grad_norm 12.75 | clip 1
INFO: Epoch 016: valid_loss 2.72 | num_tokens 9.14 | batch_size 500 | valid_perplexity 15.2
INFO: Epoch 017: loss 1.911 | lr 0.0012 | num_tokens 9.1 | batch_size 16 | grad_norm 12.87 | clip 1
INFO: Epoch 017: valid_loss 2.69 | num_tokens 9.14 | batch_size 500 | valid_perplexity 14.7
INFO: Epoch 018: loss 1.859 | lr 0.0012 | num_tokens 9.1 | batch_size 16 | grad_norm 13 | clip 1
INFO: Epoch 018: valid_loss 2.65 | num_tokens 9.14 | batch_size 500 | valid_perplexity 14.2
INFO: Epoch 019: loss 1.816 | lr 0.0012 | num_tokens 9.1 | batch_size 16 | grad_norm 13.03 | clip 1
INFO: Epoch 019: valid_loss 2.67 | num_tokens 9.14 | batch_size 500 | valid_perplexity 14.5
INFO: Epoch 020: loss 1.771 | lr 0.0012 | num_tokens 9.1 | batch_size 16 | grad_norm 13.18 | clip 1
INFO: Epoch 020: valid_loss 2.62 | num_tokens 9.14 | batch_size 500 | valid_perplexity 13.7
INFO: Epoch 021: loss 1.735 | lr 0.0012 | num_tokens 9.1 | batch_size 16 | grad_norm 13.03 | clip 1
INFO: Epoch 021: valid_loss 2.61 | num_tokens 9.14 | batch_size 500 | valid_perplexity 13.5
INFO: Epoch 022: loss 1.695 | lr 0.0012 | num_tokens 9.1 | batch_size 16 | grad_norm 13.2 | clip 1
INFO: Epoch 022: valid_loss 2.56 | num_tokens 9.14 | batch_size 500 | valid_perplexity 13
INFO: Epoch 023: loss 1.656 | lr 0.0012 | num_tokens 9.1 | batch_size 16 | grad_norm 13.28 | clip 1
INFO: Epoch 023: valid_loss 2.54 | num_tokens 9.14 | batch_size 500 | valid_perplexity 12.7
INFO: Epoch 024: loss 1.623 | lr 0.0012 | num_tokens 9.1 | batch_size 16 | grad_norm 13.23 | clip 1
INFO: Epoch 024: valid_loss 2.58 | num_tokens 9.14 | batch_size 500 | valid_perplexity 13.2
INFO: Epoch 025: loss 1.592 | lr 0.0012 | num_tokens 9.1 | batch_size 16 | grad_norm 13.37 | clip 1
INFO: Epoch 025: valid_loss 2.52 | num_tokens 9.14 | batch_size 500 | valid_perplexity 12.5
INFO: Epoch 026: loss 1.556 | lr 0.0012 | num_tokens 9.1 | batch_size 16 | grad_norm 13.34 | clip 1
INFO: Epoch 026: valid_loss 2.52 | num_tokens 9.14 | batch_size 500 | valid_perplexity 12.4
INFO: Epoch 027: loss 1.534 | lr 0.0012 | num_tokens 9.1 | batch_size 16 | grad_norm 13.49 | clip 1
INFO: Epoch 027: valid_loss 2.52 | num_tokens 9.14 | batch_size 500 | valid_perplexity 12.4
INFO: Epoch 028: loss 1.508 | lr 0.0012 | num_tokens 9.1 | batch_size 16 | grad_norm 13.44 | clip 1
INFO: Epoch 028: valid_loss 2.52 | num_tokens 9.14 | batch_size 500 | valid_perplexity 12.4
INFO: Epoch 029: loss 1.472 | lr 0.0012 | num_tokens 9.1 | batch_size 16 | grad_norm 13.38 | clip 1
INFO: Epoch 029: valid_loss 2.53 | num_tokens 9.14 | batch_size 500 | valid_perplexity 12.6
INFO: No validation set improvements observed for 3 epochs. Early stop!
