INFO: COMMAND: train.py --data data/en-fr/prepared --source-lang fr --target-lang en --save-dir assignments/03/output/en-fr_bs64_lr0048/checkpoints/ --log-file logs/en-fr_bs64_lr0048.log --batch-size 64 --lr 0.0048
INFO: Arguments: {'cuda': False, 'data': 'data/en-fr/prepared', 'source_lang': 'fr', 'target_lang': 'en', 'max_tokens': None, 'batch_size': 64, 'train_on_tiny': False, 'arch': 'lstm', 'max_epoch': 10000, 'clip_norm': 4.0, 'lr': 0.0048, 'patience': 3, 'log_file': 'logs/en-fr_bs64_lr0048.log', 'save_dir': 'assignments/03/output/en-fr_bs64_lr0048/checkpoints/', 'restore_file': 'checkpoint_last.pt', 'save_interval': 1, 'no_save': False, 'epoch_checkpoints': False, 'encoder_embed_dim': 64, 'encoder_embed_path': None, 'encoder_hidden_size': 64, 'encoder_num_layers': 1, 'encoder_bidirectional': 'True', 'encoder_dropout_in': 0.25, 'encoder_dropout_out': 0.25, 'decoder_embed_dim': 64, 'decoder_embed_path': None, 'decoder_hidden_size': 128, 'decoder_num_layers': 1, 'decoder_dropout_in': 0.25, 'decoder_dropout_out': 0.25, 'decoder_use_attention': 'True', 'decoder_use_lexical_model': 'False', 'device_id': 0}
INFO: Loaded a source dictionary (fr) with 4000 words
INFO: Loaded a target dictionary (en) with 4000 words
INFO: Built a model with 1308576 parameters
INFO: Epoch 000: loss 5.132 | lr 0.0048 | num_tokens 9.309 | batch_size 63.69 | grad_norm 8.471 | clip 0.9873
INFO: Epoch 000: valid_loss 5.46 | num_tokens 9.14 | batch_size 500 | valid_perplexity 235
INFO: Epoch 001: loss 4.366 | lr 0.0048 | num_tokens 9.309 | batch_size 63.69 | grad_norm 5.954 | clip 0.8917
INFO: Epoch 001: valid_loss 4.75 | num_tokens 9.14 | batch_size 500 | valid_perplexity 115
INFO: Epoch 002: loss 3.925 | lr 0.0048 | num_tokens 9.309 | batch_size 63.69 | grad_norm 5.145 | clip 0.7389
INFO: Epoch 002: valid_loss 4.34 | num_tokens 9.14 | batch_size 500 | valid_perplexity 77
INFO: Epoch 003: loss 3.632 | lr 0.0048 | num_tokens 9.309 | batch_size 63.69 | grad_norm 4.92 | clip 0.7006
INFO: Epoch 003: valid_loss 3.96 | num_tokens 9.14 | batch_size 500 | valid_perplexity 52.5
INFO: Epoch 004: loss 3.423 | lr 0.0048 | num_tokens 9.309 | batch_size 63.69 | grad_norm 4.782 | clip 0.6815
INFO: Epoch 004: valid_loss 3.8 | num_tokens 9.14 | batch_size 500 | valid_perplexity 44.9
INFO: Epoch 005: loss 3.251 | lr 0.0048 | num_tokens 9.309 | batch_size 63.69 | grad_norm 4.804 | clip 0.6306
INFO: Epoch 005: valid_loss 3.64 | num_tokens 9.14 | batch_size 500 | valid_perplexity 38
INFO: Epoch 006: loss 3.108 | lr 0.0048 | num_tokens 9.309 | batch_size 63.69 | grad_norm 4.829 | clip 0.6497
INFO: Epoch 006: valid_loss 3.54 | num_tokens 9.14 | batch_size 500 | valid_perplexity 34.3
INFO: Epoch 007: loss 2.96 | lr 0.0048 | num_tokens 9.309 | batch_size 63.69 | grad_norm 4.937 | clip 0.6306
INFO: Epoch 007: valid_loss 3.43 | num_tokens 9.14 | batch_size 500 | valid_perplexity 30.8
INFO: Epoch 008: loss 2.84 | lr 0.0048 | num_tokens 9.309 | batch_size 63.69 | grad_norm 4.93 | clip 0.6688
INFO: Epoch 008: valid_loss 3.36 | num_tokens 9.14 | batch_size 500 | valid_perplexity 28.7
INFO: Epoch 009: loss 2.716 | lr 0.0048 | num_tokens 9.309 | batch_size 63.69 | grad_norm 4.976 | clip 0.6815
INFO: Epoch 009: valid_loss 3.27 | num_tokens 9.14 | batch_size 500 | valid_perplexity 26.3
INFO: Epoch 010: loss 2.601 | lr 0.0048 | num_tokens 9.309 | batch_size 63.69 | grad_norm 5.084 | clip 0.6815
INFO: Epoch 010: valid_loss 3.21 | num_tokens 9.14 | batch_size 500 | valid_perplexity 24.9
INFO: Epoch 011: loss 2.502 | lr 0.0048 | num_tokens 9.309 | batch_size 63.69 | grad_norm 5.121 | clip 0.7134
INFO: Epoch 011: valid_loss 3.15 | num_tokens 9.14 | batch_size 500 | valid_perplexity 23.4
INFO: Epoch 012: loss 2.398 | lr 0.0048 | num_tokens 9.309 | batch_size 63.69 | grad_norm 5.201 | clip 0.7197
INFO: Epoch 012: valid_loss 3.11 | num_tokens 9.14 | batch_size 500 | valid_perplexity 22.4
INFO: Epoch 013: loss 2.302 | lr 0.0048 | num_tokens 9.309 | batch_size 63.69 | grad_norm 5.22 | clip 0.7389
INFO: Epoch 013: valid_loss 3.02 | num_tokens 9.14 | batch_size 500 | valid_perplexity 20.6
INFO: Epoch 014: loss 2.219 | lr 0.0048 | num_tokens 9.309 | batch_size 63.69 | grad_norm 5.281 | clip 0.7325
INFO: Epoch 014: valid_loss 2.95 | num_tokens 9.14 | batch_size 500 | valid_perplexity 19.1
INFO: Epoch 015: loss 2.13 | lr 0.0048 | num_tokens 9.309 | batch_size 63.69 | grad_norm 5.299 | clip 0.7389
INFO: Epoch 015: valid_loss 2.92 | num_tokens 9.14 | batch_size 500 | valid_perplexity 18.5
INFO: Epoch 016: loss 2.056 | lr 0.0048 | num_tokens 9.309 | batch_size 63.69 | grad_norm 5.342 | clip 0.758
INFO: Epoch 016: valid_loss 2.89 | num_tokens 9.14 | batch_size 500 | valid_perplexity 18
INFO: Epoch 017: loss 1.993 | lr 0.0048 | num_tokens 9.309 | batch_size 63.69 | grad_norm 5.398 | clip 0.758
INFO: Epoch 017: valid_loss 2.84 | num_tokens 9.14 | batch_size 500 | valid_perplexity 17.1
INFO: Epoch 018: loss 1.928 | lr 0.0048 | num_tokens 9.309 | batch_size 63.69 | grad_norm 5.379 | clip 0.7325
INFO: Epoch 018: valid_loss 2.82 | num_tokens 9.14 | batch_size 500 | valid_perplexity 16.8
INFO: Epoch 019: loss 1.878 | lr 0.0048 | num_tokens 9.309 | batch_size 63.69 | grad_norm 5.443 | clip 0.7643
INFO: Epoch 019: valid_loss 2.82 | num_tokens 9.14 | batch_size 500 | valid_perplexity 16.8
INFO: Epoch 020: loss 1.831 | lr 0.0048 | num_tokens 9.309 | batch_size 63.69 | grad_norm 5.442 | clip 0.7516
INFO: Epoch 020: valid_loss 2.74 | num_tokens 9.14 | batch_size 500 | valid_perplexity 15.4
INFO: Epoch 021: loss 1.775 | lr 0.0048 | num_tokens 9.309 | batch_size 63.69 | grad_norm 5.408 | clip 0.7389
INFO: Epoch 021: valid_loss 2.71 | num_tokens 9.14 | batch_size 500 | valid_perplexity 15
INFO: Epoch 022: loss 1.726 | lr 0.0048 | num_tokens 9.309 | batch_size 63.69 | grad_norm 5.445 | clip 0.7325
INFO: Epoch 022: valid_loss 2.78 | num_tokens 9.14 | batch_size 500 | valid_perplexity 16.1
INFO: Epoch 023: loss 1.695 | lr 0.0048 | num_tokens 9.309 | batch_size 63.69 | grad_norm 5.425 | clip 0.7325
INFO: Epoch 023: valid_loss 2.77 | num_tokens 9.14 | batch_size 500 | valid_perplexity 15.9
INFO: Epoch 024: loss 1.658 | lr 0.0048 | num_tokens 9.309 | batch_size 63.69 | grad_norm 5.469 | clip 0.7452
INFO: Epoch 024: valid_loss 2.76 | num_tokens 9.14 | batch_size 500 | valid_perplexity 15.8
INFO: No validation set improvements observed for 3 epochs. Early stop!
