INFO: COMMAND: train.py --data data/en-fr/prepared --source-lang fr --target-lang en --save-dir assignments/03/output/en-fr_bs16_lr0003/checkpoints/ --log-file logs/en-fr_bs16_lr0003.log --batch-size 16 --lr 0.0003
INFO: Arguments: {'cuda': False, 'data': 'data/en-fr/prepared', 'source_lang': 'fr', 'target_lang': 'en', 'max_tokens': None, 'batch_size': 16, 'train_on_tiny': False, 'arch': 'lstm', 'max_epoch': 10000, 'clip_norm': 4.0, 'lr': 0.0003, 'patience': 3, 'log_file': 'logs/en-fr_bs16_lr0003.log', 'save_dir': 'assignments/03/output/en-fr_bs16_lr0003/checkpoints/', 'restore_file': 'checkpoint_last.pt', 'save_interval': 1, 'no_save': False, 'epoch_checkpoints': False, 'encoder_embed_dim': 64, 'encoder_embed_path': None, 'encoder_hidden_size': 64, 'encoder_num_layers': 1, 'encoder_bidirectional': 'True', 'encoder_dropout_in': 0.25, 'encoder_dropout_out': 0.25, 'decoder_embed_dim': 64, 'decoder_embed_path': None, 'decoder_hidden_size': 128, 'decoder_num_layers': 1, 'decoder_dropout_in': 0.25, 'decoder_dropout_out': 0.25, 'decoder_use_attention': 'True', 'decoder_use_lexical_model': 'False', 'device_id': 0}
INFO: Loaded a source dictionary (fr) with 4000 words
INFO: Loaded a target dictionary (en) with 4000 words
INFO: Built a model with 1308576 parameters
INFO: Epoch 000: loss 5.27 | lr 0.0003 | num_tokens 9.1 | batch_size 16 | grad_norm 9.576 | clip 0.9584
INFO: Epoch 000: valid_loss 5.1 | num_tokens 9.14 | batch_size 500 | valid_perplexity 163
INFO: Epoch 001: loss 4.581 | lr 0.0003 | num_tokens 9.1 | batch_size 16 | grad_norm 9.114 | clip 1
INFO: Epoch 001: valid_loss 4.91 | num_tokens 9.14 | batch_size 500 | valid_perplexity 136
INFO: Epoch 002: loss 4.383 | lr 0.0003 | num_tokens 9.1 | batch_size 16 | grad_norm 8.849 | clip 1
INFO: Epoch 002: valid_loss 4.66 | num_tokens 9.14 | batch_size 500 | valid_perplexity 105
INFO: Epoch 003: loss 4.215 | lr 0.0003 | num_tokens 9.1 | batch_size 16 | grad_norm 8.701 | clip 1
INFO: Epoch 003: valid_loss 4.49 | num_tokens 9.14 | batch_size 500 | valid_perplexity 88.8
INFO: Epoch 004: loss 4.069 | lr 0.0003 | num_tokens 9.1 | batch_size 16 | grad_norm 8.776 | clip 1
INFO: Epoch 004: valid_loss 4.31 | num_tokens 9.14 | batch_size 500 | valid_perplexity 74.2
INFO: Epoch 005: loss 3.936 | lr 0.0003 | num_tokens 9.1 | batch_size 16 | grad_norm 8.796 | clip 1
INFO: Epoch 005: valid_loss 4.19 | num_tokens 9.14 | batch_size 500 | valid_perplexity 66
INFO: Epoch 006: loss 3.827 | lr 0.0003 | num_tokens 9.1 | batch_size 16 | grad_norm 8.989 | clip 1
INFO: Epoch 006: valid_loss 4.12 | num_tokens 9.14 | batch_size 500 | valid_perplexity 61.3
INFO: Epoch 007: loss 3.719 | lr 0.0003 | num_tokens 9.1 | batch_size 16 | grad_norm 9.264 | clip 1
INFO: Epoch 007: valid_loss 4.02 | num_tokens 9.14 | batch_size 500 | valid_perplexity 55.6
INFO: Epoch 008: loss 3.619 | lr 0.0003 | num_tokens 9.1 | batch_size 16 | grad_norm 9.533 | clip 1
INFO: Epoch 008: valid_loss 3.94 | num_tokens 9.14 | batch_size 500 | valid_perplexity 51.7
INFO: Epoch 009: loss 3.525 | lr 0.0003 | num_tokens 9.1 | batch_size 16 | grad_norm 9.838 | clip 1
INFO: Epoch 009: valid_loss 3.86 | num_tokens 9.14 | batch_size 500 | valid_perplexity 47.6
INFO: Epoch 010: loss 3.442 | lr 0.0003 | num_tokens 9.1 | batch_size 16 | grad_norm 10.1 | clip 1
INFO: Epoch 010: valid_loss 3.79 | num_tokens 9.14 | batch_size 500 | valid_perplexity 44
INFO: Epoch 011: loss 3.366 | lr 0.0003 | num_tokens 9.1 | batch_size 16 | grad_norm 10.35 | clip 1
INFO: Epoch 011: valid_loss 3.69 | num_tokens 9.14 | batch_size 500 | valid_perplexity 39.9
INFO: Epoch 012: loss 3.296 | lr 0.0003 | num_tokens 9.1 | batch_size 16 | grad_norm 10.56 | clip 1
INFO: Epoch 012: valid_loss 3.61 | num_tokens 9.14 | batch_size 500 | valid_perplexity 37
INFO: Epoch 013: loss 3.227 | lr 0.0003 | num_tokens 9.1 | batch_size 16 | grad_norm 10.85 | clip 1
INFO: Epoch 013: valid_loss 3.56 | num_tokens 9.14 | batch_size 500 | valid_perplexity 35
INFO: Epoch 014: loss 3.166 | lr 0.0003 | num_tokens 9.1 | batch_size 16 | grad_norm 11.02 | clip 1
INFO: Epoch 014: valid_loss 3.51 | num_tokens 9.14 | batch_size 500 | valid_perplexity 33.3
INFO: Epoch 015: loss 3.104 | lr 0.0003 | num_tokens 9.1 | batch_size 16 | grad_norm 11.38 | clip 1
INFO: Epoch 015: valid_loss 3.43 | num_tokens 9.14 | batch_size 500 | valid_perplexity 30.8
INFO: Epoch 016: loss 3.05 | lr 0.0003 | num_tokens 9.1 | batch_size 16 | grad_norm 11.58 | clip 1
INFO: Epoch 016: valid_loss 3.38 | num_tokens 9.14 | batch_size 500 | valid_perplexity 29.4
INFO: Epoch 017: loss 2.995 | lr 0.0003 | num_tokens 9.1 | batch_size 16 | grad_norm 11.84 | clip 1
INFO: Epoch 017: valid_loss 3.34 | num_tokens 9.14 | batch_size 500 | valid_perplexity 28.3
INFO: Epoch 018: loss 2.944 | lr 0.0003 | num_tokens 9.1 | batch_size 16 | grad_norm 12.05 | clip 1
INFO: Epoch 018: valid_loss 3.32 | num_tokens 9.14 | batch_size 500 | valid_perplexity 27.7
INFO: Epoch 019: loss 2.899 | lr 0.0003 | num_tokens 9.1 | batch_size 16 | grad_norm 12.21 | clip 1
INFO: Epoch 019: valid_loss 3.29 | num_tokens 9.14 | batch_size 500 | valid_perplexity 26.8
INFO: Epoch 020: loss 2.854 | lr 0.0003 | num_tokens 9.1 | batch_size 16 | grad_norm 12.46 | clip 1
INFO: Epoch 020: valid_loss 3.24 | num_tokens 9.14 | batch_size 500 | valid_perplexity 25.4
INFO: Epoch 021: loss 2.805 | lr 0.0003 | num_tokens 9.1 | batch_size 16 | grad_norm 12.64 | clip 1
INFO: Epoch 021: valid_loss 3.23 | num_tokens 9.14 | batch_size 500 | valid_perplexity 25.3
INFO: Epoch 022: loss 2.761 | lr 0.0003 | num_tokens 9.1 | batch_size 16 | grad_norm 13 | clip 1
INFO: Epoch 022: valid_loss 3.15 | num_tokens 9.14 | batch_size 500 | valid_perplexity 23.3
INFO: Epoch 023: loss 2.722 | lr 0.0003 | num_tokens 9.1 | batch_size 16 | grad_norm 12.98 | clip 1
INFO: Epoch 023: valid_loss 3.14 | num_tokens 9.14 | batch_size 500 | valid_perplexity 23.1
INFO: Epoch 024: loss 2.677 | lr 0.0003 | num_tokens 9.1 | batch_size 16 | grad_norm 13.13 | clip 1
INFO: Epoch 024: valid_loss 3.12 | num_tokens 9.14 | batch_size 500 | valid_perplexity 22.6
INFO: Epoch 025: loss 2.64 | lr 0.0003 | num_tokens 9.1 | batch_size 16 | grad_norm 13.58 | clip 1
INFO: Epoch 025: valid_loss 3.05 | num_tokens 9.14 | batch_size 500 | valid_perplexity 21.2
INFO: Epoch 026: loss 2.602 | lr 0.0003 | num_tokens 9.1 | batch_size 16 | grad_norm 13.42 | clip 1
INFO: Epoch 026: valid_loss 3.04 | num_tokens 9.14 | batch_size 500 | valid_perplexity 20.9
INFO: Epoch 027: loss 2.562 | lr 0.0003 | num_tokens 9.1 | batch_size 16 | grad_norm 13.64 | clip 1
INFO: Epoch 027: valid_loss 3.04 | num_tokens 9.14 | batch_size 500 | valid_perplexity 21
INFO: Epoch 028: loss 2.525 | lr 0.0003 | num_tokens 9.1 | batch_size 16 | grad_norm 13.84 | clip 1
INFO: Epoch 028: valid_loss 2.98 | num_tokens 9.14 | batch_size 500 | valid_perplexity 19.7
INFO: Epoch 029: loss 2.491 | lr 0.0003 | num_tokens 9.1 | batch_size 16 | grad_norm 13.98 | clip 1
INFO: Epoch 029: valid_loss 2.97 | num_tokens 9.14 | batch_size 500 | valid_perplexity 19.5
INFO: Epoch 030: loss 2.453 | lr 0.0003 | num_tokens 9.1 | batch_size 16 | grad_norm 14.11 | clip 1
INFO: Epoch 030: valid_loss 2.96 | num_tokens 9.14 | batch_size 500 | valid_perplexity 19.2
INFO: Epoch 031: loss 2.426 | lr 0.0003 | num_tokens 9.1 | batch_size 16 | grad_norm 14.43 | clip 1
INFO: Epoch 031: valid_loss 2.91 | num_tokens 9.14 | batch_size 500 | valid_perplexity 18.4
INFO: Epoch 032: loss 2.387 | lr 0.0003 | num_tokens 9.1 | batch_size 16 | grad_norm 14.54 | clip 1
INFO: Epoch 032: valid_loss 2.87 | num_tokens 9.14 | batch_size 500 | valid_perplexity 17.7
INFO: Epoch 033: loss 2.357 | lr 0.0003 | num_tokens 9.1 | batch_size 16 | grad_norm 14.59 | clip 1
INFO: Epoch 033: valid_loss 2.86 | num_tokens 9.14 | batch_size 500 | valid_perplexity 17.4
INFO: Epoch 034: loss 2.321 | lr 0.0003 | num_tokens 9.1 | batch_size 16 | grad_norm 14.74 | clip 1
INFO: Epoch 034: valid_loss 2.84 | num_tokens 9.14 | batch_size 500 | valid_perplexity 17.1
INFO: Epoch 035: loss 2.289 | lr 0.0003 | num_tokens 9.1 | batch_size 16 | grad_norm 14.64 | clip 1
INFO: Epoch 035: valid_loss 2.86 | num_tokens 9.14 | batch_size 500 | valid_perplexity 17.5
INFO: Epoch 036: loss 2.264 | lr 0.0003 | num_tokens 9.1 | batch_size 16 | grad_norm 15.1 | clip 1
INFO: Epoch 036: valid_loss 2.81 | num_tokens 9.14 | batch_size 500 | valid_perplexity 16.6
INFO: Epoch 037: loss 2.234 | lr 0.0003 | num_tokens 9.1 | batch_size 16 | grad_norm 15.03 | clip 1
INFO: Epoch 037: valid_loss 2.78 | num_tokens 9.14 | batch_size 500 | valid_perplexity 16.1
INFO: Epoch 038: loss 2.212 | lr 0.0003 | num_tokens 9.1 | batch_size 16 | grad_norm 15.21 | clip 1
INFO: Epoch 038: valid_loss 2.77 | num_tokens 9.14 | batch_size 500 | valid_perplexity 16
INFO: Epoch 039: loss 2.182 | lr 0.0003 | num_tokens 9.1 | batch_size 16 | grad_norm 15.3 | clip 1
INFO: Epoch 039: valid_loss 2.75 | num_tokens 9.14 | batch_size 500 | valid_perplexity 15.6
INFO: Epoch 040: loss 2.157 | lr 0.0003 | num_tokens 9.1 | batch_size 16 | grad_norm 15.61 | clip 1
INFO: Epoch 040: valid_loss 2.73 | num_tokens 9.14 | batch_size 500 | valid_perplexity 15.4
INFO: Epoch 041: loss 2.13 | lr 0.0003 | num_tokens 9.1 | batch_size 16 | grad_norm 15.75 | clip 1
INFO: Epoch 041: valid_loss 2.71 | num_tokens 9.14 | batch_size 500 | valid_perplexity 15
INFO: Epoch 042: loss 2.107 | lr 0.0003 | num_tokens 9.1 | batch_size 16 | grad_norm 15.73 | clip 1
INFO: Epoch 042: valid_loss 2.69 | num_tokens 9.14 | batch_size 500 | valid_perplexity 14.7
INFO: Epoch 043: loss 2.083 | lr 0.0003 | num_tokens 9.1 | batch_size 16 | grad_norm 16.03 | clip 1
INFO: Epoch 043: valid_loss 2.67 | num_tokens 9.14 | batch_size 500 | valid_perplexity 14.5
INFO: Epoch 044: loss 2.056 | lr 0.0003 | num_tokens 9.1 | batch_size 16 | grad_norm 16.08 | clip 1
INFO: Epoch 044: valid_loss 2.68 | num_tokens 9.14 | batch_size 500 | valid_perplexity 14.6
INFO: Epoch 045: loss 2.033 | lr 0.0003 | num_tokens 9.1 | batch_size 16 | grad_norm 16.2 | clip 1
INFO: Epoch 045: valid_loss 2.66 | num_tokens 9.14 | batch_size 500 | valid_perplexity 14.3
INFO: Epoch 046: loss 2.017 | lr 0.0003 | num_tokens 9.1 | batch_size 16 | grad_norm 16.3 | clip 1
INFO: Epoch 046: valid_loss 2.62 | num_tokens 9.14 | batch_size 500 | valid_perplexity 13.8
INFO: Epoch 047: loss 1.986 | lr 0.0003 | num_tokens 9.1 | batch_size 16 | grad_norm 16.13 | clip 1
INFO: Epoch 047: valid_loss 2.61 | num_tokens 9.14 | batch_size 500 | valid_perplexity 13.7
INFO: Epoch 048: loss 1.97 | lr 0.0003 | num_tokens 9.1 | batch_size 16 | grad_norm 16.29 | clip 1
INFO: Epoch 048: valid_loss 2.63 | num_tokens 9.14 | batch_size 500 | valid_perplexity 13.9
INFO: Epoch 049: loss 1.95 | lr 0.0003 | num_tokens 9.1 | batch_size 16 | grad_norm 16.29 | clip 1
INFO: Epoch 049: valid_loss 2.59 | num_tokens 9.14 | batch_size 500 | valid_perplexity 13.3
INFO: Epoch 050: loss 1.929 | lr 0.0003 | num_tokens 9.1 | batch_size 16 | grad_norm 16.37 | clip 1
INFO: Epoch 050: valid_loss 2.59 | num_tokens 9.14 | batch_size 500 | valid_perplexity 13.3
INFO: Epoch 051: loss 1.905 | lr 0.0003 | num_tokens 9.1 | batch_size 16 | grad_norm 16.51 | clip 1
INFO: Epoch 051: valid_loss 2.59 | num_tokens 9.14 | batch_size 500 | valid_perplexity 13.3
INFO: Epoch 052: loss 1.884 | lr 0.0003 | num_tokens 9.1 | batch_size 16 | grad_norm 16.75 | clip 1
INFO: Epoch 052: valid_loss 2.56 | num_tokens 9.14 | batch_size 500 | valid_perplexity 12.9
INFO: Epoch 053: loss 1.862 | lr 0.0003 | num_tokens 9.1 | batch_size 16 | grad_norm 16.7 | clip 1
INFO: Epoch 053: valid_loss 2.55 | num_tokens 9.14 | batch_size 500 | valid_perplexity 12.8
INFO: Epoch 054: loss 1.846 | lr 0.0003 | num_tokens 9.1 | batch_size 16 | grad_norm 16.68 | clip 1
INFO: Epoch 054: valid_loss 2.58 | num_tokens 9.14 | batch_size 500 | valid_perplexity 13.2
INFO: Epoch 055: loss 1.83 | lr 0.0003 | num_tokens 9.1 | batch_size 16 | grad_norm 16.8 | clip 1
INFO: Epoch 055: valid_loss 2.54 | num_tokens 9.14 | batch_size 500 | valid_perplexity 12.7
INFO: Epoch 056: loss 1.808 | lr 0.0003 | num_tokens 9.1 | batch_size 16 | grad_norm 16.85 | clip 1
INFO: Epoch 056: valid_loss 2.51 | num_tokens 9.14 | batch_size 500 | valid_perplexity 12.3
INFO: Epoch 057: loss 1.789 | lr 0.0003 | num_tokens 9.1 | batch_size 16 | grad_norm 17 | clip 1
INFO: Epoch 057: valid_loss 2.52 | num_tokens 9.14 | batch_size 500 | valid_perplexity 12.4
INFO: Epoch 058: loss 1.772 | lr 0.0003 | num_tokens 9.1 | batch_size 16 | grad_norm 17 | clip 1
INFO: Epoch 058: valid_loss 2.5 | num_tokens 9.14 | batch_size 500 | valid_perplexity 12.1
INFO: Epoch 059: loss 1.762 | lr 0.0003 | num_tokens 9.1 | batch_size 16 | grad_norm 17.12 | clip 1
INFO: Epoch 059: valid_loss 2.52 | num_tokens 9.14 | batch_size 500 | valid_perplexity 12.4
INFO: Epoch 060: loss 1.745 | lr 0.0003 | num_tokens 9.1 | batch_size 16 | grad_norm 17.44 | clip 1
INFO: Epoch 060: valid_loss 2.48 | num_tokens 9.14 | batch_size 500 | valid_perplexity 11.9
INFO: Epoch 061: loss 1.727 | lr 0.0003 | num_tokens 9.1 | batch_size 16 | grad_norm 17.36 | clip 1
INFO: Epoch 061: valid_loss 2.48 | num_tokens 9.14 | batch_size 500 | valid_perplexity 11.9
INFO: Epoch 062: loss 1.707 | lr 0.0003 | num_tokens 9.1 | batch_size 16 | grad_norm 17.15 | clip 1
INFO: Epoch 062: valid_loss 2.48 | num_tokens 9.14 | batch_size 500 | valid_perplexity 12
INFO: Epoch 063: loss 1.699 | lr 0.0003 | num_tokens 9.1 | batch_size 16 | grad_norm 17.26 | clip 1
INFO: Epoch 063: valid_loss 2.48 | num_tokens 9.14 | batch_size 500 | valid_perplexity 12
INFO: No validation set improvements observed for 3 epochs. Early stop!
