INFO: COMMAND: train.py --data data/en-fr/prepared --source-lang fr --target-lang en --save-dir assignments/03/output/en-fr_bs256_lr0003/checkpoints/ --log-file logs/en-fr_bs256_lr0003.log --batch-size 256 --lr 0.0003
INFO: Arguments: {'cuda': False, 'data': 'data/en-fr/prepared', 'source_lang': 'fr', 'target_lang': 'en', 'max_tokens': None, 'batch_size': 256, 'train_on_tiny': False, 'arch': 'lstm', 'max_epoch': 10000, 'clip_norm': 4.0, 'lr': 0.0003, 'patience': 3, 'log_file': 'logs/en-fr_bs256_lr0003.log', 'save_dir': 'assignments/03/output/en-fr_bs256_lr0003/checkpoints/', 'restore_file': 'checkpoint_last.pt', 'save_interval': 1, 'no_save': False, 'epoch_checkpoints': False, 'encoder_embed_dim': 64, 'encoder_embed_path': None, 'encoder_hidden_size': 64, 'encoder_num_layers': 1, 'encoder_bidirectional': 'True', 'encoder_dropout_in': 0.25, 'encoder_dropout_out': 0.25, 'decoder_embed_dim': 64, 'decoder_embed_path': None, 'decoder_hidden_size': 128, 'decoder_num_layers': 1, 'decoder_dropout_in': 0.25, 'decoder_dropout_out': 0.25, 'decoder_use_attention': 'True', 'decoder_use_lexical_model': 'False', 'device_id': 0}
INFO: Loaded a source dictionary (fr) with 4000 words
INFO: Loaded a target dictionary (en) with 4000 words
INFO: Built a model with 1308576 parameters
INFO: Epoch 000: loss 7.879 | lr 0.0003 | num_tokens 10.13 | batch_size 250 | grad_norm 7.633 | clip 0.5
INFO: Epoch 000: valid_loss 6.52 | num_tokens 9.14 | batch_size 500 | valid_perplexity 681
INFO: Epoch 001: loss 5.902 | lr 0.0003 | num_tokens 10.13 | batch_size 250 | grad_norm 11.73 | clip 1
INFO: Epoch 001: valid_loss 5.37 | num_tokens 9.14 | batch_size 500 | valid_perplexity 214
INFO: Epoch 002: loss 5.419 | lr 0.0003 | num_tokens 10.13 | batch_size 250 | grad_norm 7.386 | clip 0.7
INFO: Epoch 002: valid_loss 5.2 | num_tokens 9.14 | batch_size 500 | valid_perplexity 182
INFO: Epoch 003: loss 5.291 | lr 0.0003 | num_tokens 10.13 | batch_size 250 | grad_norm 7.888 | clip 0.875
INFO: Epoch 003: valid_loss 5.14 | num_tokens 9.14 | batch_size 500 | valid_perplexity 171
INFO: Epoch 004: loss 5.165 | lr 0.0003 | num_tokens 10.13 | batch_size 250 | grad_norm 8.15 | clip 0.9
INFO: Epoch 004: valid_loss 5.04 | num_tokens 9.14 | batch_size 500 | valid_perplexity 154
INFO: Epoch 005: loss 5.081 | lr 0.0003 | num_tokens 10.13 | batch_size 250 | grad_norm 8.297 | clip 0.875
INFO: Epoch 005: valid_loss 4.91 | num_tokens 9.14 | batch_size 500 | valid_perplexity 136
INFO: Epoch 006: loss 4.993 | lr 0.0003 | num_tokens 10.13 | batch_size 250 | grad_norm 7.809 | clip 0.725
INFO: Epoch 006: valid_loss 4.84 | num_tokens 9.14 | batch_size 500 | valid_perplexity 126
INFO: Epoch 007: loss 4.922 | lr 0.0003 | num_tokens 10.13 | batch_size 250 | grad_norm 7.705 | clip 0.65
INFO: Epoch 007: valid_loss 4.79 | num_tokens 9.14 | batch_size 500 | valid_perplexity 120
INFO: Epoch 008: loss 4.874 | lr 0.0003 | num_tokens 10.13 | batch_size 250 | grad_norm 7.833 | clip 0.725
INFO: Epoch 008: valid_loss 4.75 | num_tokens 9.14 | batch_size 500 | valid_perplexity 116
INFO: Epoch 009: loss 4.836 | lr 0.0003 | num_tokens 10.13 | batch_size 250 | grad_norm 7.906 | clip 0.8
INFO: Epoch 009: valid_loss 4.7 | num_tokens 9.14 | batch_size 500 | valid_perplexity 110
INFO: Epoch 010: loss 4.793 | lr 0.0003 | num_tokens 10.13 | batch_size 250 | grad_norm 8.208 | clip 0.775
INFO: Epoch 010: valid_loss 4.65 | num_tokens 9.14 | batch_size 500 | valid_perplexity 104
INFO: Epoch 011: loss 4.744 | lr 0.0003 | num_tokens 10.13 | batch_size 250 | grad_norm 7.965 | clip 0.75
INFO: Epoch 011: valid_loss 4.61 | num_tokens 9.14 | batch_size 500 | valid_perplexity 101
INFO: Epoch 012: loss 4.701 | lr 0.0003 | num_tokens 10.13 | batch_size 250 | grad_norm 7.802 | clip 0.725
INFO: Epoch 012: valid_loss 4.57 | num_tokens 9.14 | batch_size 500 | valid_perplexity 96.4
INFO: Epoch 013: loss 4.658 | lr 0.0003 | num_tokens 10.13 | batch_size 250 | grad_norm 7.623 | clip 0.7
INFO: Epoch 013: valid_loss 4.53 | num_tokens 9.14 | batch_size 500 | valid_perplexity 92.6
INFO: Epoch 014: loss 4.614 | lr 0.0003 | num_tokens 10.13 | batch_size 250 | grad_norm 7.541 | clip 0.675
INFO: Epoch 014: valid_loss 4.49 | num_tokens 9.14 | batch_size 500 | valid_perplexity 88.8
INFO: Epoch 015: loss 4.572 | lr 0.0003 | num_tokens 10.13 | batch_size 250 | grad_norm 7.39 | clip 0.675
INFO: Epoch 015: valid_loss 4.45 | num_tokens 9.14 | batch_size 500 | valid_perplexity 85.4
INFO: Epoch 016: loss 4.533 | lr 0.0003 | num_tokens 10.13 | batch_size 250 | grad_norm 7.357 | clip 0.7
INFO: Epoch 016: valid_loss 4.41 | num_tokens 9.14 | batch_size 500 | valid_perplexity 82.4
INFO: Epoch 017: loss 4.495 | lr 0.0003 | num_tokens 10.13 | batch_size 250 | grad_norm 7.301 | clip 0.7
INFO: Epoch 017: valid_loss 4.38 | num_tokens 9.14 | batch_size 500 | valid_perplexity 79.6
INFO: Epoch 018: loss 4.458 | lr 0.0003 | num_tokens 10.13 | batch_size 250 | grad_norm 7.205 | clip 0.7
INFO: Epoch 018: valid_loss 4.34 | num_tokens 9.14 | batch_size 500 | valid_perplexity 76.7
INFO: Epoch 019: loss 4.418 | lr 0.0003 | num_tokens 10.13 | batch_size 250 | grad_norm 7.083 | clip 0.675
INFO: Epoch 019: valid_loss 4.31 | num_tokens 9.14 | batch_size 500 | valid_perplexity 74.3
INFO: Epoch 020: loss 4.386 | lr 0.0003 | num_tokens 10.13 | batch_size 250 | grad_norm 6.915 | clip 0.675
INFO: Epoch 020: valid_loss 4.27 | num_tokens 9.14 | batch_size 500 | valid_perplexity 71.5
INFO: Epoch 021: loss 4.349 | lr 0.0003 | num_tokens 10.13 | batch_size 250 | grad_norm 6.697 | clip 0.675
INFO: Epoch 021: valid_loss 4.23 | num_tokens 9.14 | batch_size 500 | valid_perplexity 68.9
INFO: Epoch 022: loss 4.312 | lr 0.0003 | num_tokens 10.13 | batch_size 250 | grad_norm 6.441 | clip 0.625
INFO: Epoch 022: valid_loss 4.2 | num_tokens 9.14 | batch_size 500 | valid_perplexity 66.7
INFO: Epoch 023: loss 4.277 | lr 0.0003 | num_tokens 10.13 | batch_size 250 | grad_norm 6.397 | clip 0.65
INFO: Epoch 023: valid_loss 4.17 | num_tokens 9.14 | batch_size 500 | valid_perplexity 64.5
INFO: Epoch 024: loss 4.24 | lr 0.0003 | num_tokens 10.13 | batch_size 250 | grad_norm 6.346 | clip 0.625
INFO: Epoch 024: valid_loss 4.14 | num_tokens 9.14 | batch_size 500 | valid_perplexity 62.8
INFO: Epoch 025: loss 4.205 | lr 0.0003 | num_tokens 10.13 | batch_size 250 | grad_norm 6.403 | clip 0.575
INFO: Epoch 025: valid_loss 4.1 | num_tokens 9.14 | batch_size 500 | valid_perplexity 60.2
INFO: Epoch 026: loss 4.174 | lr 0.0003 | num_tokens 10.13 | batch_size 250 | grad_norm 6.623 | clip 0.55
INFO: Epoch 026: valid_loss 4.08 | num_tokens 9.14 | batch_size 500 | valid_perplexity 59.1
INFO: Epoch 027: loss 4.141 | lr 0.0003 | num_tokens 10.13 | batch_size 250 | grad_norm 5.883 | clip 0.525
INFO: Epoch 027: valid_loss 4.04 | num_tokens 9.14 | batch_size 500 | valid_perplexity 56.6
INFO: Epoch 028: loss 4.106 | lr 0.0003 | num_tokens 10.13 | batch_size 250 | grad_norm 5.68 | clip 0.45
INFO: Epoch 028: valid_loss 4.01 | num_tokens 9.14 | batch_size 500 | valid_perplexity 55.2
INFO: Epoch 029: loss 4.074 | lr 0.0003 | num_tokens 10.13 | batch_size 250 | grad_norm 5.621 | clip 0.45
INFO: Epoch 029: valid_loss 3.98 | num_tokens 9.14 | batch_size 500 | valid_perplexity 53.5
INFO: Epoch 030: loss 4.045 | lr 0.0003 | num_tokens 10.13 | batch_size 250 | grad_norm 5.404 | clip 0.475
INFO: Epoch 030: valid_loss 3.96 | num_tokens 9.14 | batch_size 500 | valid_perplexity 52.2
INFO: Epoch 031: loss 4.011 | lr 0.0003 | num_tokens 10.13 | batch_size 250 | grad_norm 5.341 | clip 0.475
INFO: Epoch 031: valid_loss 3.93 | num_tokens 9.14 | batch_size 500 | valid_perplexity 50.7
INFO: Epoch 032: loss 3.982 | lr 0.0003 | num_tokens 10.13 | batch_size 250 | grad_norm 5.392 | clip 0.475
INFO: Epoch 032: valid_loss 3.9 | num_tokens 9.14 | batch_size 500 | valid_perplexity 49.4
INFO: Epoch 033: loss 3.952 | lr 0.0003 | num_tokens 10.13 | batch_size 250 | grad_norm 5.245 | clip 0.425
INFO: Epoch 033: valid_loss 3.87 | num_tokens 9.14 | batch_size 500 | valid_perplexity 48
INFO: Epoch 034: loss 3.926 | lr 0.0003 | num_tokens 10.13 | batch_size 250 | grad_norm 5.105 | clip 0.4
INFO: Epoch 034: valid_loss 3.85 | num_tokens 9.14 | batch_size 500 | valid_perplexity 46.8
INFO: Epoch 035: loss 3.896 | lr 0.0003 | num_tokens 10.13 | batch_size 250 | grad_norm 4.98 | clip 0.4
INFO: Epoch 035: valid_loss 3.83 | num_tokens 9.14 | batch_size 500 | valid_perplexity 45.9
INFO: Epoch 036: loss 3.873 | lr 0.0003 | num_tokens 10.13 | batch_size 250 | grad_norm 5.178 | clip 0.45
INFO: Epoch 036: valid_loss 3.81 | num_tokens 9.14 | batch_size 500 | valid_perplexity 45
INFO: Epoch 037: loss 3.841 | lr 0.0003 | num_tokens 10.13 | batch_size 250 | grad_norm 4.744 | clip 0.4
INFO: Epoch 037: valid_loss 3.79 | num_tokens 9.14 | batch_size 500 | valid_perplexity 44
INFO: Epoch 038: loss 3.817 | lr 0.0003 | num_tokens 10.13 | batch_size 250 | grad_norm 4.869 | clip 0.375
INFO: Epoch 038: valid_loss 3.76 | num_tokens 9.14 | batch_size 500 | valid_perplexity 43
INFO: Epoch 039: loss 3.792 | lr 0.0003 | num_tokens 10.13 | batch_size 250 | grad_norm 4.988 | clip 0.35
INFO: Epoch 039: valid_loss 3.74 | num_tokens 9.14 | batch_size 500 | valid_perplexity 42.3
INFO: Epoch 040: loss 3.771 | lr 0.0003 | num_tokens 10.13 | batch_size 250 | grad_norm 4.698 | clip 0.325
INFO: Epoch 040: valid_loss 3.72 | num_tokens 9.14 | batch_size 500 | valid_perplexity 41.2
INFO: Epoch 041: loss 3.742 | lr 0.0003 | num_tokens 10.13 | batch_size 250 | grad_norm 4.614 | clip 0.3
INFO: Epoch 041: valid_loss 3.71 | num_tokens 9.14 | batch_size 500 | valid_perplexity 40.7
INFO: Epoch 042: loss 3.719 | lr 0.0003 | num_tokens 10.13 | batch_size 250 | grad_norm 4.461 | clip 0.325
INFO: Epoch 042: valid_loss 3.69 | num_tokens 9.14 | batch_size 500 | valid_perplexity 39.9
INFO: Epoch 043: loss 3.699 | lr 0.0003 | num_tokens 10.13 | batch_size 250 | grad_norm 4.539 | clip 0.3
INFO: Epoch 043: valid_loss 3.68 | num_tokens 9.14 | batch_size 500 | valid_perplexity 39.5
INFO: Epoch 044: loss 3.677 | lr 0.0003 | num_tokens 10.13 | batch_size 250 | grad_norm 4.62 | clip 0.375
INFO: Epoch 044: valid_loss 3.65 | num_tokens 9.14 | batch_size 500 | valid_perplexity 38.5
INFO: Epoch 045: loss 3.653 | lr 0.0003 | num_tokens 10.13 | batch_size 250 | grad_norm 4.632 | clip 0.3
INFO: Epoch 045: valid_loss 3.63 | num_tokens 9.14 | batch_size 500 | valid_perplexity 37.9
INFO: Epoch 046: loss 3.634 | lr 0.0003 | num_tokens 10.13 | batch_size 250 | grad_norm 4.718 | clip 0.3
INFO: Epoch 046: valid_loss 3.61 | num_tokens 9.14 | batch_size 500 | valid_perplexity 37.1
INFO: Epoch 047: loss 3.612 | lr 0.0003 | num_tokens 10.13 | batch_size 250 | grad_norm 4.51 | clip 0.3
INFO: Epoch 047: valid_loss 3.6 | num_tokens 9.14 | batch_size 500 | valid_perplexity 36.5
INFO: Epoch 048: loss 3.587 | lr 0.0003 | num_tokens 10.13 | batch_size 250 | grad_norm 4.605 | clip 0.275
INFO: Epoch 048: valid_loss 3.59 | num_tokens 9.14 | batch_size 500 | valid_perplexity 36.1
INFO: Epoch 049: loss 3.568 | lr 0.0003 | num_tokens 10.13 | batch_size 250 | grad_norm 4.652 | clip 0.35
INFO: Epoch 049: valid_loss 3.56 | num_tokens 9.14 | batch_size 500 | valid_perplexity 35.3
INFO: Epoch 050: loss 3.547 | lr 0.0003 | num_tokens 10.13 | batch_size 250 | grad_norm 4.626 | clip 0.35
INFO: Epoch 050: valid_loss 3.55 | num_tokens 9.14 | batch_size 500 | valid_perplexity 34.8
INFO: Epoch 051: loss 3.525 | lr 0.0003 | num_tokens 10.13 | batch_size 250 | grad_norm 4.928 | clip 0.375
INFO: Epoch 051: valid_loss 3.53 | num_tokens 9.14 | batch_size 500 | valid_perplexity 34.3
INFO: Epoch 052: loss 3.504 | lr 0.0003 | num_tokens 10.13 | batch_size 250 | grad_norm 4.678 | clip 0.375
INFO: Epoch 052: valid_loss 3.52 | num_tokens 9.14 | batch_size 500 | valid_perplexity 33.6
INFO: Epoch 053: loss 3.482 | lr 0.0003 | num_tokens 10.13 | batch_size 250 | grad_norm 4.656 | clip 0.375
INFO: Epoch 053: valid_loss 3.49 | num_tokens 9.14 | batch_size 500 | valid_perplexity 32.9
INFO: Epoch 054: loss 3.463 | lr 0.0003 | num_tokens 10.13 | batch_size 250 | grad_norm 4.727 | clip 0.35
INFO: Epoch 054: valid_loss 3.48 | num_tokens 9.14 | batch_size 500 | valid_perplexity 32.6
INFO: Epoch 055: loss 3.445 | lr 0.0003 | num_tokens 10.13 | batch_size 250 | grad_norm 4.616 | clip 0.375
INFO: Epoch 055: valid_loss 3.45 | num_tokens 9.14 | batch_size 500 | valid_perplexity 31.6
INFO: Epoch 056: loss 3.419 | lr 0.0003 | num_tokens 10.13 | batch_size 250 | grad_norm 4.612 | clip 0.325
INFO: Epoch 056: valid_loss 3.45 | num_tokens 9.14 | batch_size 500 | valid_perplexity 31.5
INFO: Epoch 057: loss 3.407 | lr 0.0003 | num_tokens 10.13 | batch_size 250 | grad_norm 4.991 | clip 0.4
INFO: Epoch 057: valid_loss 3.42 | num_tokens 9.14 | batch_size 500 | valid_perplexity 30.6
INFO: Epoch 058: loss 3.382 | lr 0.0003 | num_tokens 10.13 | batch_size 250 | grad_norm 5.119 | clip 0.35
INFO: Epoch 058: valid_loss 3.42 | num_tokens 9.14 | batch_size 500 | valid_perplexity 30.6
INFO: Epoch 059: loss 3.366 | lr 0.0003 | num_tokens 10.13 | batch_size 250 | grad_norm 4.736 | clip 0.375
INFO: Epoch 059: valid_loss 3.39 | num_tokens 9.14 | batch_size 500 | valid_perplexity 29.6
INFO: Epoch 060: loss 3.342 | lr 0.0003 | num_tokens 10.13 | batch_size 250 | grad_norm 4.983 | clip 0.325
INFO: Epoch 060: valid_loss 3.39 | num_tokens 9.14 | batch_size 500 | valid_perplexity 29.6
INFO: Epoch 061: loss 3.328 | lr 0.0003 | num_tokens 10.13 | batch_size 250 | grad_norm 4.961 | clip 0.425
INFO: Epoch 061: valid_loss 3.36 | num_tokens 9.14 | batch_size 500 | valid_perplexity 28.8
INFO: Epoch 062: loss 3.304 | lr 0.0003 | num_tokens 10.13 | batch_size 250 | grad_norm 4.978 | clip 0.35
INFO: Epoch 062: valid_loss 3.36 | num_tokens 9.14 | batch_size 500 | valid_perplexity 28.8
INFO: Epoch 063: loss 3.293 | lr 0.0003 | num_tokens 10.13 | batch_size 250 | grad_norm 5.151 | clip 0.35
INFO: Epoch 063: valid_loss 3.33 | num_tokens 9.14 | batch_size 500 | valid_perplexity 28
INFO: Epoch 064: loss 3.271 | lr 0.0003 | num_tokens 10.13 | batch_size 250 | grad_norm 5.07 | clip 0.325
INFO: Epoch 064: valid_loss 3.34 | num_tokens 9.14 | batch_size 500 | valid_perplexity 28.2
INFO: Epoch 065: loss 3.263 | lr 0.0003 | num_tokens 10.13 | batch_size 250 | grad_norm 4.879 | clip 0.375
INFO: Epoch 065: valid_loss 3.3 | num_tokens 9.14 | batch_size 500 | valid_perplexity 27.2
INFO: Epoch 066: loss 3.236 | lr 0.0003 | num_tokens 10.13 | batch_size 250 | grad_norm 4.954 | clip 0.35
INFO: Epoch 066: valid_loss 3.31 | num_tokens 9.14 | batch_size 500 | valid_perplexity 27.3
INFO: Epoch 067: loss 3.229 | lr 0.0003 | num_tokens 10.13 | batch_size 250 | grad_norm 4.84 | clip 0.375
INFO: Epoch 067: valid_loss 3.28 | num_tokens 9.14 | batch_size 500 | valid_perplexity 26.5
INFO: Epoch 068: loss 3.206 | lr 0.0003 | num_tokens 10.13 | batch_size 250 | grad_norm 4.777 | clip 0.3
INFO: Epoch 068: valid_loss 3.28 | num_tokens 9.14 | batch_size 500 | valid_perplexity 26.5
INFO: Epoch 069: loss 3.191 | lr 0.0003 | num_tokens 10.13 | batch_size 250 | grad_norm 4.851 | clip 0.45
INFO: Epoch 069: valid_loss 3.26 | num_tokens 9.14 | batch_size 500 | valid_perplexity 25.9
INFO: Epoch 070: loss 3.172 | lr 0.0003 | num_tokens 10.13 | batch_size 250 | grad_norm 4.868 | clip 0.425
INFO: Epoch 070: valid_loss 3.25 | num_tokens 9.14 | batch_size 500 | valid_perplexity 25.7
INFO: Epoch 071: loss 3.159 | lr 0.0003 | num_tokens 10.13 | batch_size 250 | grad_norm 4.753 | clip 0.35
INFO: Epoch 071: valid_loss 3.23 | num_tokens 9.14 | batch_size 500 | valid_perplexity 25.3
INFO: Epoch 072: loss 3.144 | lr 0.0003 | num_tokens 10.13 | batch_size 250 | grad_norm 4.885 | clip 0.4
INFO: Epoch 072: valid_loss 3.22 | num_tokens 9.14 | batch_size 500 | valid_perplexity 25.1
INFO: Epoch 073: loss 3.129 | lr 0.0003 | num_tokens 10.13 | batch_size 250 | grad_norm 4.806 | clip 0.4
INFO: Epoch 073: valid_loss 3.21 | num_tokens 9.14 | batch_size 500 | valid_perplexity 24.8
INFO: Epoch 074: loss 3.116 | lr 0.0003 | num_tokens 10.13 | batch_size 250 | grad_norm 5.292 | clip 0.4
INFO: Epoch 074: valid_loss 3.2 | num_tokens 9.14 | batch_size 500 | valid_perplexity 24.5
INFO: Epoch 075: loss 3.1 | lr 0.0003 | num_tokens 10.13 | batch_size 250 | grad_norm 4.84 | clip 0.375
INFO: Epoch 075: valid_loss 3.19 | num_tokens 9.14 | batch_size 500 | valid_perplexity 24.3
INFO: Epoch 076: loss 3.086 | lr 0.0003 | num_tokens 10.13 | batch_size 250 | grad_norm 5.009 | clip 0.4
INFO: Epoch 076: valid_loss 3.18 | num_tokens 9.14 | batch_size 500 | valid_perplexity 24
INFO: Epoch 077: loss 3.073 | lr 0.0003 | num_tokens 10.13 | batch_size 250 | grad_norm 4.823 | clip 0.35
INFO: Epoch 077: valid_loss 3.17 | num_tokens 9.14 | batch_size 500 | valid_perplexity 23.7
INFO: Epoch 078: loss 3.061 | lr 0.0003 | num_tokens 10.13 | batch_size 250 | grad_norm 5.063 | clip 0.425
INFO: Epoch 078: valid_loss 3.16 | num_tokens 9.14 | batch_size 500 | valid_perplexity 23.5
INFO: Epoch 079: loss 3.047 | lr 0.0003 | num_tokens 10.13 | batch_size 250 | grad_norm 5.14 | clip 0.45
INFO: Epoch 079: valid_loss 3.16 | num_tokens 9.14 | batch_size 500 | valid_perplexity 23.5
INFO: Epoch 080: loss 3.039 | lr 0.0003 | num_tokens 10.13 | batch_size 250 | grad_norm 5.13 | clip 0.45
INFO: Epoch 080: valid_loss 3.13 | num_tokens 9.14 | batch_size 500 | valid_perplexity 23
INFO: Epoch 081: loss 3.019 | lr 0.0003 | num_tokens 10.13 | batch_size 250 | grad_norm 5.486 | clip 0.35
INFO: Epoch 081: valid_loss 3.14 | num_tokens 9.14 | batch_size 500 | valid_perplexity 23.1
INFO: Epoch 082: loss 3.011 | lr 0.0003 | num_tokens 10.13 | batch_size 250 | grad_norm 5.349 | clip 0.45
INFO: Epoch 082: valid_loss 3.11 | num_tokens 9.14 | batch_size 500 | valid_perplexity 22.5
INFO: Epoch 083: loss 2.994 | lr 0.0003 | num_tokens 10.13 | batch_size 250 | grad_norm 6.344 | clip 0.45
INFO: Epoch 083: valid_loss 3.12 | num_tokens 9.14 | batch_size 500 | valid_perplexity 22.6
INFO: Epoch 084: loss 2.988 | lr 0.0003 | num_tokens 10.13 | batch_size 250 | grad_norm 5.019 | clip 0.425
INFO: Epoch 084: valid_loss 3.1 | num_tokens 9.14 | batch_size 500 | valid_perplexity 22.2
INFO: Epoch 085: loss 2.971 | lr 0.0003 | num_tokens 10.13 | batch_size 250 | grad_norm 5.34 | clip 0.475
INFO: Epoch 085: valid_loss 3.1 | num_tokens 9.14 | batch_size 500 | valid_perplexity 22.2
INFO: Epoch 086: loss 2.962 | lr 0.0003 | num_tokens 10.13 | batch_size 250 | grad_norm 5.364 | clip 0.475
INFO: Epoch 086: valid_loss 3.08 | num_tokens 9.14 | batch_size 500 | valid_perplexity 21.8
INFO: Epoch 087: loss 2.946 | lr 0.0003 | num_tokens 10.13 | batch_size 250 | grad_norm 5.547 | clip 0.4
INFO: Epoch 087: valid_loss 3.08 | num_tokens 9.14 | batch_size 500 | valid_perplexity 21.8
INFO: Epoch 088: loss 2.94 | lr 0.0003 | num_tokens 10.13 | batch_size 250 | grad_norm 5.84 | clip 0.45
INFO: Epoch 088: valid_loss 3.06 | num_tokens 9.14 | batch_size 500 | valid_perplexity 21.3
INFO: Epoch 089: loss 2.921 | lr 0.0003 | num_tokens 10.13 | batch_size 250 | grad_norm 5.746 | clip 0.425
INFO: Epoch 089: valid_loss 3.06 | num_tokens 9.14 | batch_size 500 | valid_perplexity 21.3
INFO: Epoch 090: loss 2.915 | lr 0.0003 | num_tokens 10.13 | batch_size 250 | grad_norm 5.552 | clip 0.525
INFO: Epoch 090: valid_loss 3.04 | num_tokens 9.14 | batch_size 500 | valid_perplexity 21
INFO: Epoch 091: loss 2.899 | lr 0.0003 | num_tokens 10.13 | batch_size 250 | grad_norm 5.93 | clip 0.4
INFO: Epoch 091: valid_loss 3.04 | num_tokens 9.14 | batch_size 500 | valid_perplexity 21
INFO: Epoch 092: loss 2.893 | lr 0.0003 | num_tokens 10.13 | batch_size 250 | grad_norm 5.61 | clip 0.475
INFO: Epoch 092: valid_loss 3.03 | num_tokens 9.14 | batch_size 500 | valid_perplexity 20.6
INFO: Epoch 093: loss 2.87 | lr 0.0003 | num_tokens 10.13 | batch_size 250 | grad_norm 5.597 | clip 0.45
INFO: Epoch 093: valid_loss 3.03 | num_tokens 9.14 | batch_size 500 | valid_perplexity 20.8
INFO: Epoch 094: loss 2.871 | lr 0.0003 | num_tokens 10.13 | batch_size 250 | grad_norm 5.211 | clip 0.5
INFO: Epoch 094: valid_loss 3.01 | num_tokens 9.14 | batch_size 500 | valid_perplexity 20.3
INFO: Epoch 095: loss 2.854 | lr 0.0003 | num_tokens 10.13 | batch_size 250 | grad_norm 5.272 | clip 0.5
INFO: Epoch 095: valid_loss 3.01 | num_tokens 9.14 | batch_size 500 | valid_perplexity 20.3
INFO: Epoch 096: loss 2.847 | lr 0.0003 | num_tokens 10.13 | batch_size 250 | grad_norm 5.432 | clip 0.5
INFO: Epoch 096: valid_loss 2.99 | num_tokens 9.14 | batch_size 500 | valid_perplexity 19.9
INFO: Epoch 097: loss 2.828 | lr 0.0003 | num_tokens 10.13 | batch_size 250 | grad_norm 5.684 | clip 0.4
INFO: Epoch 097: valid_loss 2.99 | num_tokens 9.14 | batch_size 500 | valid_perplexity 19.9
INFO: Epoch 098: loss 2.822 | lr 0.0003 | num_tokens 10.13 | batch_size 250 | grad_norm 5.328 | clip 0.5
INFO: Epoch 098: valid_loss 2.98 | num_tokens 9.14 | batch_size 500 | valid_perplexity 19.6
INFO: Epoch 099: loss 2.806 | lr 0.0003 | num_tokens 10.13 | batch_size 250 | grad_norm 5.213 | clip 0.45
INFO: Epoch 099: valid_loss 2.98 | num_tokens 9.14 | batch_size 500 | valid_perplexity 19.7
INFO: Epoch 100: loss 2.8 | lr 0.0003 | num_tokens 10.13 | batch_size 250 | grad_norm 5.465 | clip 0.425
INFO: Epoch 100: valid_loss 2.96 | num_tokens 9.14 | batch_size 500 | valid_perplexity 19.3
INFO: Epoch 101: loss 2.785 | lr 0.0003 | num_tokens 10.13 | batch_size 250 | grad_norm 5.451 | clip 0.45
INFO: Epoch 101: valid_loss 2.96 | num_tokens 9.14 | batch_size 500 | valid_perplexity 19.3
INFO: Epoch 102: loss 2.776 | lr 0.0003 | num_tokens 10.13 | batch_size 250 | grad_norm 5.344 | clip 0.5
INFO: Epoch 102: valid_loss 2.95 | num_tokens 9.14 | batch_size 500 | valid_perplexity 19.1
INFO: Epoch 103: loss 2.763 | lr 0.0003 | num_tokens 10.13 | batch_size 250 | grad_norm 5.578 | clip 0.475
INFO: Epoch 103: valid_loss 2.94 | num_tokens 9.14 | batch_size 500 | valid_perplexity 19
INFO: Epoch 104: loss 2.752 | lr 0.0003 | num_tokens 10.13 | batch_size 250 | grad_norm 5.507 | clip 0.45
INFO: Epoch 104: valid_loss 2.93 | num_tokens 9.14 | batch_size 500 | valid_perplexity 18.8
INFO: Epoch 105: loss 2.745 | lr 0.0003 | num_tokens 10.13 | batch_size 250 | grad_norm 5.775 | clip 0.5
INFO: Epoch 105: valid_loss 2.93 | num_tokens 9.14 | batch_size 500 | valid_perplexity 18.7
INFO: Epoch 106: loss 2.731 | lr 0.0003 | num_tokens 10.13 | batch_size 250 | grad_norm 5.418 | clip 0.525
INFO: Epoch 106: valid_loss 2.92 | num_tokens 9.14 | batch_size 500 | valid_perplexity 18.6
INFO: Epoch 107: loss 2.724 | lr 0.0003 | num_tokens 10.13 | batch_size 250 | grad_norm 5.668 | clip 0.5
INFO: Epoch 107: valid_loss 2.91 | num_tokens 9.14 | batch_size 500 | valid_perplexity 18.4
INFO: Epoch 108: loss 2.712 | lr 0.0003 | num_tokens 10.13 | batch_size 250 | grad_norm 5.529 | clip 0.475
INFO: Epoch 108: valid_loss 2.91 | num_tokens 9.14 | batch_size 500 | valid_perplexity 18.3
INFO: Epoch 109: loss 2.702 | lr 0.0003 | num_tokens 10.13 | batch_size 250 | grad_norm 5.509 | clip 0.55
INFO: Epoch 109: valid_loss 2.9 | num_tokens 9.14 | batch_size 500 | valid_perplexity 18.1
INFO: Epoch 110: loss 2.693 | lr 0.0003 | num_tokens 10.13 | batch_size 250 | grad_norm 5.934 | clip 0.575
INFO: Epoch 110: valid_loss 2.9 | num_tokens 9.14 | batch_size 500 | valid_perplexity 18.1
INFO: Epoch 111: loss 2.686 | lr 0.0003 | num_tokens 10.13 | batch_size 250 | grad_norm 5.796 | clip 0.525
INFO: Epoch 111: valid_loss 2.88 | num_tokens 9.14 | batch_size 500 | valid_perplexity 17.8
INFO: Epoch 112: loss 2.674 | lr 0.0003 | num_tokens 10.13 | batch_size 250 | grad_norm 6.828 | clip 0.45
INFO: Epoch 112: valid_loss 2.88 | num_tokens 9.14 | batch_size 500 | valid_perplexity 17.8
INFO: Epoch 113: loss 2.664 | lr 0.0003 | num_tokens 10.13 | batch_size 250 | grad_norm 5.826 | clip 0.525
INFO: Epoch 113: valid_loss 2.87 | num_tokens 9.14 | batch_size 500 | valid_perplexity 17.7
INFO: Epoch 114: loss 2.649 | lr 0.0003 | num_tokens 10.13 | batch_size 250 | grad_norm 5.486 | clip 0.525
INFO: Epoch 114: valid_loss 2.87 | num_tokens 9.14 | batch_size 500 | valid_perplexity 17.6
INFO: Epoch 115: loss 2.644 | lr 0.0003 | num_tokens 10.13 | batch_size 250 | grad_norm 5.963 | clip 0.525
INFO: Epoch 115: valid_loss 2.86 | num_tokens 9.14 | batch_size 500 | valid_perplexity 17.4
INFO: Epoch 116: loss 2.638 | lr 0.0003 | num_tokens 10.13 | batch_size 250 | grad_norm 6.103 | clip 0.55
INFO: Epoch 116: valid_loss 2.86 | num_tokens 9.14 | batch_size 500 | valid_perplexity 17.4
INFO: Epoch 117: loss 2.625 | lr 0.0003 | num_tokens 10.13 | batch_size 250 | grad_norm 6.524 | clip 0.5
INFO: Epoch 117: valid_loss 2.84 | num_tokens 9.14 | batch_size 500 | valid_perplexity 17.1
INFO: Epoch 118: loss 2.61 | lr 0.0003 | num_tokens 10.13 | batch_size 250 | grad_norm 6.305 | clip 0.475
INFO: Epoch 118: valid_loss 2.85 | num_tokens 9.14 | batch_size 500 | valid_perplexity 17.3
INFO: Epoch 119: loss 2.61 | lr 0.0003 | num_tokens 10.13 | batch_size 250 | grad_norm 6.177 | clip 0.525
INFO: Epoch 119: valid_loss 2.83 | num_tokens 9.14 | batch_size 500 | valid_perplexity 16.9
INFO: Epoch 120: loss 2.591 | lr 0.0003 | num_tokens 10.13 | batch_size 250 | grad_norm 5.921 | clip 0.5
INFO: Epoch 120: valid_loss 2.84 | num_tokens 9.14 | batch_size 500 | valid_perplexity 17.1
INFO: Epoch 121: loss 2.593 | lr 0.0003 | num_tokens 10.13 | batch_size 250 | grad_norm 5.736 | clip 0.5
INFO: Epoch 121: valid_loss 2.82 | num_tokens 9.14 | batch_size 500 | valid_perplexity 16.7
INFO: Epoch 122: loss 2.578 | lr 0.0003 | num_tokens 10.13 | batch_size 250 | grad_norm 5.948 | clip 0.45
INFO: Epoch 122: valid_loss 2.82 | num_tokens 9.14 | batch_size 500 | valid_perplexity 16.8
INFO: Epoch 123: loss 2.571 | lr 0.0003 | num_tokens 10.13 | batch_size 250 | grad_norm 5.654 | clip 0.575
INFO: Epoch 123: valid_loss 2.81 | num_tokens 9.14 | batch_size 500 | valid_perplexity 16.6
INFO: Epoch 124: loss 2.559 | lr 0.0003 | num_tokens 10.13 | batch_size 250 | grad_norm 5.844 | clip 0.525
INFO: Epoch 124: valid_loss 2.81 | num_tokens 9.14 | batch_size 500 | valid_perplexity 16.7
INFO: Epoch 125: loss 2.556 | lr 0.0003 | num_tokens 10.13 | batch_size 250 | grad_norm 6.166 | clip 0.55
INFO: Epoch 125: valid_loss 2.79 | num_tokens 9.14 | batch_size 500 | valid_perplexity 16.3
INFO: Epoch 126: loss 2.543 | lr 0.0003 | num_tokens 10.13 | batch_size 250 | grad_norm 6.372 | clip 0.55
INFO: Epoch 126: valid_loss 2.81 | num_tokens 9.14 | batch_size 500 | valid_perplexity 16.6
INFO: Epoch 127: loss 2.536 | lr 0.0003 | num_tokens 10.13 | batch_size 250 | grad_norm 6.136 | clip 0.575
INFO: Epoch 127: valid_loss 2.78 | num_tokens 9.14 | batch_size 500 | valid_perplexity 16.2
INFO: Epoch 128: loss 2.522 | lr 0.0003 | num_tokens 10.13 | batch_size 250 | grad_norm 6.032 | clip 0.575
INFO: Epoch 128: valid_loss 2.79 | num_tokens 9.14 | batch_size 500 | valid_perplexity 16.3
INFO: Epoch 129: loss 2.522 | lr 0.0003 | num_tokens 10.13 | batch_size 250 | grad_norm 5.793 | clip 0.6
INFO: Epoch 129: valid_loss 2.77 | num_tokens 9.14 | batch_size 500 | valid_perplexity 16
INFO: Epoch 130: loss 2.507 | lr 0.0003 | num_tokens 10.13 | batch_size 250 | grad_norm 5.794 | clip 0.575
INFO: Epoch 130: valid_loss 2.77 | num_tokens 9.14 | batch_size 500 | valid_perplexity 16
INFO: Epoch 131: loss 2.499 | lr 0.0003 | num_tokens 10.13 | batch_size 250 | grad_norm 5.781 | clip 0.65
INFO: Epoch 131: valid_loss 2.77 | num_tokens 9.14 | batch_size 500 | valid_perplexity 15.9
INFO: Epoch 132: loss 2.484 | lr 0.0003 | num_tokens 10.13 | batch_size 250 | grad_norm 5.913 | clip 0.6
INFO: Epoch 132: valid_loss 2.77 | num_tokens 9.14 | batch_size 500 | valid_perplexity 15.9
INFO: Epoch 133: loss 2.484 | lr 0.0003 | num_tokens 10.13 | batch_size 250 | grad_norm 5.935 | clip 0.575
INFO: Epoch 133: valid_loss 2.75 | num_tokens 9.14 | batch_size 500 | valid_perplexity 15.7
INFO: Epoch 134: loss 2.47 | lr 0.0003 | num_tokens 10.13 | batch_size 250 | grad_norm 5.88 | clip 0.6
INFO: Epoch 134: valid_loss 2.76 | num_tokens 9.14 | batch_size 500 | valid_perplexity 15.8
INFO: Epoch 135: loss 2.464 | lr 0.0003 | num_tokens 10.13 | batch_size 250 | grad_norm 5.933 | clip 0.575
INFO: Epoch 135: valid_loss 2.74 | num_tokens 9.14 | batch_size 500 | valid_perplexity 15.5
INFO: Epoch 136: loss 2.454 | lr 0.0003 | num_tokens 10.13 | batch_size 250 | grad_norm 5.96 | clip 0.575
INFO: Epoch 136: valid_loss 2.74 | num_tokens 9.14 | batch_size 500 | valid_perplexity 15.5
INFO: Epoch 137: loss 2.45 | lr 0.0003 | num_tokens 10.13 | batch_size 250 | grad_norm 6.304 | clip 0.55
INFO: Epoch 137: valid_loss 2.73 | num_tokens 9.14 | batch_size 500 | valid_perplexity 15.4
INFO: Epoch 138: loss 2.438 | lr 0.0003 | num_tokens 10.13 | batch_size 250 | grad_norm 5.92 | clip 0.55
INFO: Epoch 138: valid_loss 2.73 | num_tokens 9.14 | batch_size 500 | valid_perplexity 15.3
INFO: Epoch 139: loss 2.426 | lr 0.0003 | num_tokens 10.13 | batch_size 250 | grad_norm 6.277 | clip 0.55
INFO: Epoch 139: valid_loss 2.73 | num_tokens 9.14 | batch_size 500 | valid_perplexity 15.3
INFO: Epoch 140: loss 2.422 | lr 0.0003 | num_tokens 10.13 | batch_size 250 | grad_norm 6.447 | clip 0.6
INFO: Epoch 140: valid_loss 2.73 | num_tokens 9.14 | batch_size 500 | valid_perplexity 15.3
INFO: Epoch 141: loss 2.415 | lr 0.0003 | num_tokens 10.13 | batch_size 250 | grad_norm 6.347 | clip 0.65
INFO: Epoch 141: valid_loss 2.71 | num_tokens 9.14 | batch_size 500 | valid_perplexity 15.1
INFO: Epoch 142: loss 2.403 | lr 0.0003 | num_tokens 10.13 | batch_size 250 | grad_norm 6.214 | clip 0.575
INFO: Epoch 142: valid_loss 2.71 | num_tokens 9.14 | batch_size 500 | valid_perplexity 15.1
INFO: Epoch 143: loss 2.392 | lr 0.0003 | num_tokens 10.13 | batch_size 250 | grad_norm 5.837 | clip 0.55
INFO: Epoch 143: valid_loss 2.71 | num_tokens 9.14 | batch_size 500 | valid_perplexity 15
INFO: Epoch 144: loss 2.385 | lr 0.0003 | num_tokens 10.13 | batch_size 250 | grad_norm 6.114 | clip 0.625
INFO: Epoch 144: valid_loss 2.7 | num_tokens 9.14 | batch_size 500 | valid_perplexity 14.9
INFO: Epoch 145: loss 2.383 | lr 0.0003 | num_tokens 10.13 | batch_size 250 | grad_norm 6.011 | clip 0.6
INFO: Epoch 145: valid_loss 2.69 | num_tokens 9.14 | batch_size 500 | valid_perplexity 14.8
INFO: Epoch 146: loss 2.371 | lr 0.0003 | num_tokens 10.13 | batch_size 250 | grad_norm 6.745 | clip 0.575
INFO: Epoch 146: valid_loss 2.7 | num_tokens 9.14 | batch_size 500 | valid_perplexity 14.8
INFO: Epoch 147: loss 2.366 | lr 0.0003 | num_tokens 10.13 | batch_size 250 | grad_norm 6.062 | clip 0.675
INFO: Epoch 147: valid_loss 2.68 | num_tokens 9.14 | batch_size 500 | valid_perplexity 14.6
INFO: Epoch 148: loss 2.352 | lr 0.0003 | num_tokens 10.13 | batch_size 250 | grad_norm 6.667 | clip 0.6
INFO: Epoch 148: valid_loss 2.69 | num_tokens 9.14 | batch_size 500 | valid_perplexity 14.8
INFO: Epoch 149: loss 2.354 | lr 0.0003 | num_tokens 10.13 | batch_size 250 | grad_norm 6.72 | clip 0.65
INFO: Epoch 149: valid_loss 2.67 | num_tokens 9.14 | batch_size 500 | valid_perplexity 14.5
INFO: Epoch 150: loss 2.339 | lr 0.0003 | num_tokens 10.13 | batch_size 250 | grad_norm 7.247 | clip 0.575
INFO: Epoch 150: valid_loss 2.69 | num_tokens 9.14 | batch_size 500 | valid_perplexity 14.7
INFO: Epoch 151: loss 2.34 | lr 0.0003 | num_tokens 10.13 | batch_size 250 | grad_norm 6.096 | clip 0.7
INFO: Epoch 151: valid_loss 2.67 | num_tokens 9.14 | batch_size 500 | valid_perplexity 14.4
INFO: Epoch 152: loss 2.323 | lr 0.0003 | num_tokens 10.13 | batch_size 250 | grad_norm 7.043 | clip 0.625
INFO: Epoch 152: valid_loss 2.67 | num_tokens 9.14 | batch_size 500 | valid_perplexity 14.4
INFO: Epoch 153: loss 2.318 | lr 0.0003 | num_tokens 10.13 | batch_size 250 | grad_norm 6.364 | clip 0.6
INFO: Epoch 153: valid_loss 2.66 | num_tokens 9.14 | batch_size 500 | valid_perplexity 14.3
INFO: Epoch 154: loss 2.309 | lr 0.0003 | num_tokens 10.13 | batch_size 250 | grad_norm 6.749 | clip 0.6
INFO: Epoch 154: valid_loss 2.66 | num_tokens 9.14 | batch_size 500 | valid_perplexity 14.3
INFO: Epoch 155: loss 2.306 | lr 0.0003 | num_tokens 10.13 | batch_size 250 | grad_norm 6.14 | clip 0.625
INFO: Epoch 155: valid_loss 2.65 | num_tokens 9.14 | batch_size 500 | valid_perplexity 14.1
INFO: Epoch 156: loss 2.292 | lr 0.0003 | num_tokens 10.13 | batch_size 250 | grad_norm 6.506 | clip 0.65
INFO: Epoch 156: valid_loss 2.65 | num_tokens 9.14 | batch_size 500 | valid_perplexity 14.2
INFO: Epoch 157: loss 2.292 | lr 0.0003 | num_tokens 10.13 | batch_size 250 | grad_norm 6.498 | clip 0.675
INFO: Epoch 157: valid_loss 2.65 | num_tokens 9.14 | batch_size 500 | valid_perplexity 14.1
INFO: Epoch 158: loss 2.279 | lr 0.0003 | num_tokens 10.13 | batch_size 250 | grad_norm 6.392 | clip 0.625
INFO: Epoch 158: valid_loss 2.64 | num_tokens 9.14 | batch_size 500 | valid_perplexity 14
INFO: Epoch 159: loss 2.271 | lr 0.0003 | num_tokens 10.13 | batch_size 250 | grad_norm 6.281 | clip 0.65
INFO: Epoch 159: valid_loss 2.63 | num_tokens 9.14 | batch_size 500 | valid_perplexity 13.9
INFO: Epoch 160: loss 2.265 | lr 0.0003 | num_tokens 10.13 | batch_size 250 | grad_norm 6.4 | clip 0.625
INFO: Epoch 160: valid_loss 2.64 | num_tokens 9.14 | batch_size 500 | valid_perplexity 14.1
INFO: Epoch 161: loss 2.258 | lr 0.0003 | num_tokens 10.13 | batch_size 250 | grad_norm 6.107 | clip 0.65
INFO: Epoch 161: valid_loss 2.63 | num_tokens 9.14 | batch_size 500 | valid_perplexity 13.9
INFO: Epoch 162: loss 2.249 | lr 0.0003 | num_tokens 10.13 | batch_size 250 | grad_norm 6.837 | clip 0.6
INFO: Epoch 162: valid_loss 2.63 | num_tokens 9.14 | batch_size 500 | valid_perplexity 13.9
INFO: Epoch 163: loss 2.243 | lr 0.0003 | num_tokens 10.13 | batch_size 250 | grad_norm 6.281 | clip 0.65
INFO: Epoch 163: valid_loss 2.62 | num_tokens 9.14 | batch_size 500 | valid_perplexity 13.7
INFO: Epoch 164: loss 2.237 | lr 0.0003 | num_tokens 10.13 | batch_size 250 | grad_norm 6.609 | clip 0.625
INFO: Epoch 164: valid_loss 2.62 | num_tokens 9.14 | batch_size 500 | valid_perplexity 13.8
INFO: Epoch 165: loss 2.234 | lr 0.0003 | num_tokens 10.13 | batch_size 250 | grad_norm 6.753 | clip 0.7
INFO: Epoch 165: valid_loss 2.61 | num_tokens 9.14 | batch_size 500 | valid_perplexity 13.6
INFO: Epoch 166: loss 2.225 | lr 0.0003 | num_tokens 10.13 | batch_size 250 | grad_norm 6.267 | clip 0.6
INFO: Epoch 166: valid_loss 2.61 | num_tokens 9.14 | batch_size 500 | valid_perplexity 13.6
INFO: Epoch 167: loss 2.216 | lr 0.0003 | num_tokens 10.13 | batch_size 250 | grad_norm 6.697 | clip 0.625
INFO: Epoch 167: valid_loss 2.6 | num_tokens 9.14 | batch_size 500 | valid_perplexity 13.5
INFO: Epoch 168: loss 2.206 | lr 0.0003 | num_tokens 10.13 | batch_size 250 | grad_norm 6.853 | clip 0.625
INFO: Epoch 168: valid_loss 2.61 | num_tokens 9.14 | batch_size 500 | valid_perplexity 13.6
INFO: Epoch 169: loss 2.2 | lr 0.0003 | num_tokens 10.13 | batch_size 250 | grad_norm 6.433 | clip 0.6
INFO: Epoch 169: valid_loss 2.59 | num_tokens 9.14 | batch_size 500 | valid_perplexity 13.3
INFO: Epoch 170: loss 2.191 | lr 0.0003 | num_tokens 10.13 | batch_size 250 | grad_norm 6.895 | clip 0.6
INFO: Epoch 170: valid_loss 2.59 | num_tokens 9.14 | batch_size 500 | valid_perplexity 13.4
INFO: Epoch 171: loss 2.191 | lr 0.0003 | num_tokens 10.13 | batch_size 250 | grad_norm 6.747 | clip 0.65
INFO: Epoch 171: valid_loss 2.58 | num_tokens 9.14 | batch_size 500 | valid_perplexity 13.2
INFO: Epoch 172: loss 2.175 | lr 0.0003 | num_tokens 10.13 | batch_size 250 | grad_norm 6.982 | clip 0.625
INFO: Epoch 172: valid_loss 2.59 | num_tokens 9.14 | batch_size 500 | valid_perplexity 13.4
INFO: Epoch 173: loss 2.175 | lr 0.0003 | num_tokens 10.13 | batch_size 250 | grad_norm 6.526 | clip 0.725
INFO: Epoch 173: valid_loss 2.58 | num_tokens 9.14 | batch_size 500 | valid_perplexity 13.1
INFO: Epoch 174: loss 2.164 | lr 0.0003 | num_tokens 10.13 | batch_size 250 | grad_norm 7.131 | clip 0.6
INFO: Epoch 174: valid_loss 2.58 | num_tokens 9.14 | batch_size 500 | valid_perplexity 13.2
INFO: Epoch 175: loss 2.161 | lr 0.0003 | num_tokens 10.13 | batch_size 250 | grad_norm 6.842 | clip 0.7
INFO: Epoch 175: valid_loss 2.57 | num_tokens 9.14 | batch_size 500 | valid_perplexity 13.1
INFO: Epoch 176: loss 2.152 | lr 0.0003 | num_tokens 10.13 | batch_size 250 | grad_norm 7.515 | clip 0.6
INFO: Epoch 176: valid_loss 2.58 | num_tokens 9.14 | batch_size 500 | valid_perplexity 13.3
INFO: Epoch 177: loss 2.153 | lr 0.0003 | num_tokens 10.13 | batch_size 250 | grad_norm 6.98 | clip 0.7
INFO: Epoch 177: valid_loss 2.56 | num_tokens 9.14 | batch_size 500 | valid_perplexity 13
INFO: Epoch 178: loss 2.14 | lr 0.0003 | num_tokens 10.13 | batch_size 250 | grad_norm 6.528 | clip 0.65
INFO: Epoch 178: valid_loss 2.57 | num_tokens 9.14 | batch_size 500 | valid_perplexity 13
INFO: Epoch 179: loss 2.137 | lr 0.0003 | num_tokens 10.13 | batch_size 250 | grad_norm 6.698 | clip 0.675
INFO: Epoch 179: valid_loss 2.56 | num_tokens 9.14 | batch_size 500 | valid_perplexity 12.9
INFO: Epoch 180: loss 2.122 | lr 0.0003 | num_tokens 10.13 | batch_size 250 | grad_norm 6.7 | clip 0.6
INFO: Epoch 180: valid_loss 2.56 | num_tokens 9.14 | batch_size 500 | valid_perplexity 13
INFO: Epoch 181: loss 2.12 | lr 0.0003 | num_tokens 10.13 | batch_size 250 | grad_norm 6.594 | clip 0.675
INFO: Epoch 181: valid_loss 2.55 | num_tokens 9.14 | batch_size 500 | valid_perplexity 12.8
INFO: Epoch 182: loss 2.115 | lr 0.0003 | num_tokens 10.13 | batch_size 250 | grad_norm 7 | clip 0.65
INFO: Epoch 182: valid_loss 2.56 | num_tokens 9.14 | batch_size 500 | valid_perplexity 12.9
INFO: Epoch 183: loss 2.115 | lr 0.0003 | num_tokens 10.13 | batch_size 250 | grad_norm 6.832 | clip 0.65
INFO: Epoch 183: valid_loss 2.54 | num_tokens 9.14 | batch_size 500 | valid_perplexity 12.7
INFO: Epoch 184: loss 2.102 | lr 0.0003 | num_tokens 10.13 | batch_size 250 | grad_norm 6.807 | clip 0.65
INFO: Epoch 184: valid_loss 2.55 | num_tokens 9.14 | batch_size 500 | valid_perplexity 12.8
INFO: Epoch 185: loss 2.096 | lr 0.0003 | num_tokens 10.13 | batch_size 250 | grad_norm 6.708 | clip 0.7
INFO: Epoch 185: valid_loss 2.54 | num_tokens 9.14 | batch_size 500 | valid_perplexity 12.6
INFO: Epoch 186: loss 2.086 | lr 0.0003 | num_tokens 10.13 | batch_size 250 | grad_norm 6.937 | clip 0.7
INFO: Epoch 186: valid_loss 2.54 | num_tokens 9.14 | batch_size 500 | valid_perplexity 12.7
INFO: Epoch 187: loss 2.087 | lr 0.0003 | num_tokens 10.13 | batch_size 250 | grad_norm 6.706 | clip 0.725
INFO: Epoch 187: valid_loss 2.53 | num_tokens 9.14 | batch_size 500 | valid_perplexity 12.5
INFO: Epoch 188: loss 2.076 | lr 0.0003 | num_tokens 10.13 | batch_size 250 | grad_norm 6.991 | clip 0.7
INFO: Epoch 188: valid_loss 2.53 | num_tokens 9.14 | batch_size 500 | valid_perplexity 12.5
INFO: Epoch 189: loss 2.07 | lr 0.0003 | num_tokens 10.13 | batch_size 250 | grad_norm 6.86 | clip 0.65
INFO: Epoch 189: valid_loss 2.52 | num_tokens 9.14 | batch_size 500 | valid_perplexity 12.4
INFO: Epoch 190: loss 2.063 | lr 0.0003 | num_tokens 10.13 | batch_size 250 | grad_norm 7.503 | clip 0.675
INFO: Epoch 190: valid_loss 2.52 | num_tokens 9.14 | batch_size 500 | valid_perplexity 12.5
INFO: Epoch 191: loss 2.059 | lr 0.0003 | num_tokens 10.13 | batch_size 250 | grad_norm 6.732 | clip 0.725
INFO: Epoch 191: valid_loss 2.51 | num_tokens 9.14 | batch_size 500 | valid_perplexity 12.4
INFO: Epoch 192: loss 2.052 | lr 0.0003 | num_tokens 10.13 | batch_size 250 | grad_norm 6.842 | clip 0.675
INFO: Epoch 192: valid_loss 2.52 | num_tokens 9.14 | batch_size 500 | valid_perplexity 12.5
INFO: Epoch 193: loss 2.046 | lr 0.0003 | num_tokens 10.13 | batch_size 250 | grad_norm 6.576 | clip 0.65
INFO: Epoch 193: valid_loss 2.52 | num_tokens 9.14 | batch_size 500 | valid_perplexity 12.4
INFO: Epoch 194: loss 2.039 | lr 0.0003 | num_tokens 10.13 | batch_size 250 | grad_norm 6.643 | clip 0.725
INFO: Epoch 194: valid_loss 2.52 | num_tokens 9.14 | batch_size 500 | valid_perplexity 12.4
INFO: No validation set improvements observed for 3 epochs. Early stop!
