INFO: COMMAND: train.py --data data/en-fr/prepared --source-lang fr --target-lang en --save-dir assignments/03/output/en-fr_bs256_lr0012/checkpoints/ --log-file logs/en-fr_bs256_lr0012.log --batch-size 256 --lr 0.0012
INFO: Arguments: {'cuda': False, 'data': 'data/en-fr/prepared', 'source_lang': 'fr', 'target_lang': 'en', 'max_tokens': None, 'batch_size': 256, 'train_on_tiny': False, 'arch': 'lstm', 'max_epoch': 10000, 'clip_norm': 4.0, 'lr': 0.0012, 'patience': 3, 'log_file': 'logs/en-fr_bs256_lr0012.log', 'save_dir': 'assignments/03/output/en-fr_bs256_lr0012/checkpoints/', 'restore_file': 'checkpoint_last.pt', 'save_interval': 1, 'no_save': False, 'epoch_checkpoints': False, 'encoder_embed_dim': 64, 'encoder_embed_path': None, 'encoder_hidden_size': 64, 'encoder_num_layers': 1, 'encoder_bidirectional': 'True', 'encoder_dropout_in': 0.25, 'encoder_dropout_out': 0.25, 'decoder_embed_dim': 64, 'decoder_embed_path': None, 'decoder_hidden_size': 128, 'decoder_num_layers': 1, 'decoder_dropout_in': 0.25, 'decoder_dropout_out': 0.25, 'decoder_use_attention': 'True', 'decoder_use_lexical_model': 'False', 'device_id': 0}
INFO: Loaded a source dictionary (fr) with 4000 words
INFO: Loaded a target dictionary (en) with 4000 words
INFO: Built a model with 1308576 parameters
INFO: Epoch 000: loss 6.402 | lr 0.0012 | num_tokens 10.13 | batch_size 250 | grad_norm 8.375 | clip 0.825
INFO: Epoch 000: valid_loss 5.22 | num_tokens 9.14 | batch_size 500 | valid_perplexity 185
INFO: Epoch 001: loss 5.243 | lr 0.0012 | num_tokens 10.13 | batch_size 250 | grad_norm 8.519 | clip 0.975
INFO: Epoch 001: valid_loss 5.06 | num_tokens 9.14 | batch_size 500 | valid_perplexity 158
INFO: Epoch 002: loss 5.005 | lr 0.0012 | num_tokens 10.13 | batch_size 250 | grad_norm 8.567 | clip 0.725
INFO: Epoch 002: valid_loss 4.97 | num_tokens 9.14 | batch_size 500 | valid_perplexity 144
INFO: Epoch 003: loss 4.926 | lr 0.0012 | num_tokens 10.13 | batch_size 250 | grad_norm 8.772 | clip 0.825
INFO: Epoch 003: valid_loss 4.81 | num_tokens 9.14 | batch_size 500 | valid_perplexity 122
INFO: Epoch 004: loss 4.762 | lr 0.0012 | num_tokens 10.13 | batch_size 250 | grad_norm 7.152 | clip 0.625
INFO: Epoch 004: valid_loss 4.71 | num_tokens 9.14 | batch_size 500 | valid_perplexity 111
INFO: Epoch 005: loss 4.688 | lr 0.0012 | num_tokens 10.13 | batch_size 250 | grad_norm 7.075 | clip 0.725
INFO: Epoch 005: valid_loss 4.5 | num_tokens 9.14 | batch_size 500 | valid_perplexity 89.9
INFO: Epoch 006: loss 4.513 | lr 0.0012 | num_tokens 10.13 | batch_size 250 | grad_norm 6.475 | clip 0.675
INFO: Epoch 006: valid_loss 4.36 | num_tokens 9.14 | batch_size 500 | valid_perplexity 78
INFO: Epoch 007: loss 4.385 | lr 0.0012 | num_tokens 10.13 | batch_size 250 | grad_norm 6.335 | clip 0.675
INFO: Epoch 007: valid_loss 4.24 | num_tokens 9.14 | batch_size 500 | valid_perplexity 69.6
INFO: Epoch 008: loss 4.263 | lr 0.0012 | num_tokens 10.13 | batch_size 250 | grad_norm 6.257 | clip 0.55
INFO: Epoch 008: valid_loss 4.12 | num_tokens 9.14 | batch_size 500 | valid_perplexity 61.7
INFO: Epoch 009: loss 4.155 | lr 0.0012 | num_tokens 10.13 | batch_size 250 | grad_norm 6.07 | clip 0.575
INFO: Epoch 009: valid_loss 4.02 | num_tokens 9.14 | batch_size 500 | valid_perplexity 55.8
INFO: Epoch 010: loss 4.051 | lr 0.0012 | num_tokens 10.13 | batch_size 250 | grad_norm 5.711 | clip 0.475
INFO: Epoch 010: valid_loss 3.95 | num_tokens 9.14 | batch_size 500 | valid_perplexity 52
INFO: Epoch 011: loss 3.97 | lr 0.0012 | num_tokens 10.13 | batch_size 250 | grad_norm 5.575 | clip 0.5
INFO: Epoch 011: valid_loss 3.89 | num_tokens 9.14 | batch_size 500 | valid_perplexity 49.1
INFO: Epoch 012: loss 3.896 | lr 0.0012 | num_tokens 10.13 | batch_size 250 | grad_norm 5.771 | clip 0.525
INFO: Epoch 012: valid_loss 3.84 | num_tokens 9.14 | batch_size 500 | valid_perplexity 46.6
INFO: Epoch 013: loss 3.827 | lr 0.0012 | num_tokens 10.13 | batch_size 250 | grad_norm 5.393 | clip 0.475
INFO: Epoch 013: valid_loss 3.79 | num_tokens 9.14 | batch_size 500 | valid_perplexity 44.4
INFO: Epoch 014: loss 3.76 | lr 0.0012 | num_tokens 10.13 | batch_size 250 | grad_norm 5.269 | clip 0.45
INFO: Epoch 014: valid_loss 3.75 | num_tokens 9.14 | batch_size 500 | valid_perplexity 42.5
INFO: Epoch 015: loss 3.696 | lr 0.0012 | num_tokens 10.13 | batch_size 250 | grad_norm 5.328 | clip 0.5
INFO: Epoch 015: valid_loss 3.7 | num_tokens 9.14 | batch_size 500 | valid_perplexity 40.6
INFO: Epoch 016: loss 3.634 | lr 0.0012 | num_tokens 10.13 | batch_size 250 | grad_norm 5.31 | clip 0.45
INFO: Epoch 016: valid_loss 3.66 | num_tokens 9.14 | batch_size 500 | valid_perplexity 38.9
INFO: Epoch 017: loss 3.573 | lr 0.0012 | num_tokens 10.13 | batch_size 250 | grad_norm 5.056 | clip 0.45
INFO: Epoch 017: valid_loss 3.62 | num_tokens 9.14 | batch_size 500 | valid_perplexity 37.3
INFO: Epoch 018: loss 3.516 | lr 0.0012 | num_tokens 10.13 | batch_size 250 | grad_norm 5.208 | clip 0.5
INFO: Epoch 018: valid_loss 3.58 | num_tokens 9.14 | batch_size 500 | valid_perplexity 36
INFO: Epoch 019: loss 3.458 | lr 0.0012 | num_tokens 10.13 | batch_size 250 | grad_norm 5.068 | clip 0.475
INFO: Epoch 019: valid_loss 3.53 | num_tokens 9.14 | batch_size 500 | valid_perplexity 34.2
INFO: Epoch 020: loss 3.401 | lr 0.0012 | num_tokens 10.13 | batch_size 250 | grad_norm 5.346 | clip 0.475
INFO: Epoch 020: valid_loss 3.48 | num_tokens 9.14 | batch_size 500 | valid_perplexity 32.4
INFO: Epoch 021: loss 3.342 | lr 0.0012 | num_tokens 10.13 | batch_size 250 | grad_norm 5.064 | clip 0.5
INFO: Epoch 021: valid_loss 3.41 | num_tokens 9.14 | batch_size 500 | valid_perplexity 30.3
INFO: Epoch 022: loss 3.279 | lr 0.0012 | num_tokens 10.13 | batch_size 250 | grad_norm 4.956 | clip 0.45
INFO: Epoch 022: valid_loss 3.36 | num_tokens 9.14 | batch_size 500 | valid_perplexity 28.7
INFO: Epoch 023: loss 3.226 | lr 0.0012 | num_tokens 10.13 | batch_size 250 | grad_norm 4.88 | clip 0.425
INFO: Epoch 023: valid_loss 3.33 | num_tokens 9.14 | batch_size 500 | valid_perplexity 28
INFO: Epoch 024: loss 3.174 | lr 0.0012 | num_tokens 10.13 | batch_size 250 | grad_norm 4.714 | clip 0.4
INFO: Epoch 024: valid_loss 3.27 | num_tokens 9.14 | batch_size 500 | valid_perplexity 26.3
INFO: Epoch 025: loss 3.105 | lr 0.0012 | num_tokens 10.13 | batch_size 250 | grad_norm 5.064 | clip 0.375
INFO: Epoch 025: valid_loss 3.23 | num_tokens 9.14 | batch_size 500 | valid_perplexity 25.2
INFO: Epoch 026: loss 3.062 | lr 0.0012 | num_tokens 10.13 | batch_size 250 | grad_norm 4.606 | clip 0.375
INFO: Epoch 026: valid_loss 3.2 | num_tokens 9.14 | batch_size 500 | valid_perplexity 24.5
INFO: Epoch 027: loss 3.008 | lr 0.0012 | num_tokens 10.13 | batch_size 250 | grad_norm 4.627 | clip 0.3
INFO: Epoch 027: valid_loss 3.17 | num_tokens 9.14 | batch_size 500 | valid_perplexity 23.7
INFO: Epoch 028: loss 2.968 | lr 0.0012 | num_tokens 10.13 | batch_size 250 | grad_norm 4.659 | clip 0.35
INFO: Epoch 028: valid_loss 3.14 | num_tokens 9.14 | batch_size 500 | valid_perplexity 23.1
INFO: Epoch 029: loss 2.92 | lr 0.0012 | num_tokens 10.13 | batch_size 250 | grad_norm 4.872 | clip 0.25
INFO: Epoch 029: valid_loss 3.11 | num_tokens 9.14 | batch_size 500 | valid_perplexity 22.3
INFO: Epoch 030: loss 2.885 | lr 0.0012 | num_tokens 10.13 | batch_size 250 | grad_norm 4.517 | clip 0.3
INFO: Epoch 030: valid_loss 3.06 | num_tokens 9.14 | batch_size 500 | valid_perplexity 21.3
INFO: Epoch 031: loss 2.825 | lr 0.0012 | num_tokens 10.13 | batch_size 250 | grad_norm 4.617 | clip 0.275
INFO: Epoch 031: valid_loss 3.07 | num_tokens 9.14 | batch_size 500 | valid_perplexity 21.5
INFO: Epoch 032: loss 2.797 | lr 0.0012 | num_tokens 10.13 | batch_size 250 | grad_norm 4.48 | clip 0.3
INFO: Epoch 032: valid_loss 3 | num_tokens 9.14 | batch_size 500 | valid_perplexity 20.1
INFO: Epoch 033: loss 2.735 | lr 0.0012 | num_tokens 10.13 | batch_size 250 | grad_norm 4.616 | clip 0.15
INFO: Epoch 033: valid_loss 3 | num_tokens 9.14 | batch_size 500 | valid_perplexity 20.1
INFO: Epoch 034: loss 2.713 | lr 0.0012 | num_tokens 10.13 | batch_size 250 | grad_norm 4.675 | clip 0.25
INFO: Epoch 034: valid_loss 2.95 | num_tokens 9.14 | batch_size 500 | valid_perplexity 19.1
INFO: Epoch 035: loss 2.673 | lr 0.0012 | num_tokens 10.13 | batch_size 250 | grad_norm 4.6 | clip 0.225
INFO: Epoch 035: valid_loss 2.91 | num_tokens 9.14 | batch_size 500 | valid_perplexity 18.4
INFO: Epoch 036: loss 2.622 | lr 0.0012 | num_tokens 10.13 | batch_size 250 | grad_norm 4.842 | clip 0.225
INFO: Epoch 036: valid_loss 2.93 | num_tokens 9.14 | batch_size 500 | valid_perplexity 18.7
INFO: Epoch 037: loss 2.609 | lr 0.0012 | num_tokens 10.13 | batch_size 250 | grad_norm 4.993 | clip 0.25
INFO: Epoch 037: valid_loss 2.86 | num_tokens 9.14 | batch_size 500 | valid_perplexity 17.5
INFO: Epoch 038: loss 2.55 | lr 0.0012 | num_tokens 10.13 | batch_size 250 | grad_norm 4.733 | clip 0.2
INFO: Epoch 038: valid_loss 2.89 | num_tokens 9.14 | batch_size 500 | valid_perplexity 18
INFO: Epoch 039: loss 2.537 | lr 0.0012 | num_tokens 10.13 | batch_size 250 | grad_norm 4.537 | clip 0.25
INFO: Epoch 039: valid_loss 2.82 | num_tokens 9.14 | batch_size 500 | valid_perplexity 16.8
INFO: Epoch 040: loss 2.478 | lr 0.0012 | num_tokens 10.13 | batch_size 250 | grad_norm 4.395 | clip 0.2
INFO: Epoch 040: valid_loss 2.82 | num_tokens 9.14 | batch_size 500 | valid_perplexity 16.7
INFO: Epoch 041: loss 2.449 | lr 0.0012 | num_tokens 10.13 | batch_size 250 | grad_norm 4.485 | clip 0.275
INFO: Epoch 041: valid_loss 2.78 | num_tokens 9.14 | batch_size 500 | valid_perplexity 16.1
INFO: Epoch 042: loss 2.414 | lr 0.0012 | num_tokens 10.13 | batch_size 250 | grad_norm 4.448 | clip 0.225
INFO: Epoch 042: valid_loss 2.77 | num_tokens 9.14 | batch_size 500 | valid_perplexity 15.9
INFO: Epoch 043: loss 2.386 | lr 0.0012 | num_tokens 10.13 | batch_size 250 | grad_norm 4.666 | clip 0.25
INFO: Epoch 043: valid_loss 2.73 | num_tokens 9.14 | batch_size 500 | valid_perplexity 15.4
INFO: Epoch 044: loss 2.353 | lr 0.0012 | num_tokens 10.13 | batch_size 250 | grad_norm 5.697 | clip 0.275
INFO: Epoch 044: valid_loss 2.74 | num_tokens 9.14 | batch_size 500 | valid_perplexity 15.5
INFO: Epoch 045: loss 2.333 | lr 0.0012 | num_tokens 10.13 | batch_size 250 | grad_norm 5.357 | clip 0.25
INFO: Epoch 045: valid_loss 2.7 | num_tokens 9.14 | batch_size 500 | valid_perplexity 15
INFO: Epoch 046: loss 2.295 | lr 0.0012 | num_tokens 10.13 | batch_size 250 | grad_norm 5.203 | clip 0.275
INFO: Epoch 046: valid_loss 2.73 | num_tokens 9.14 | batch_size 500 | valid_perplexity 15.4
INFO: Epoch 047: loss 2.288 | lr 0.0012 | num_tokens 10.13 | batch_size 250 | grad_norm 5.032 | clip 0.3
INFO: Epoch 047: valid_loss 2.66 | num_tokens 9.14 | batch_size 500 | valid_perplexity 14.3
INFO: Epoch 048: loss 2.237 | lr 0.0012 | num_tokens 10.13 | batch_size 250 | grad_norm 4.946 | clip 0.25
INFO: Epoch 048: valid_loss 2.68 | num_tokens 9.14 | batch_size 500 | valid_perplexity 14.6
INFO: Epoch 049: loss 2.226 | lr 0.0012 | num_tokens 10.13 | batch_size 250 | grad_norm 5.042 | clip 0.3
INFO: Epoch 049: valid_loss 2.63 | num_tokens 9.14 | batch_size 500 | valid_perplexity 13.9
INFO: Epoch 050: loss 2.183 | lr 0.0012 | num_tokens 10.13 | batch_size 250 | grad_norm 4.71 | clip 0.3
INFO: Epoch 050: valid_loss 2.64 | num_tokens 9.14 | batch_size 500 | valid_perplexity 14
INFO: Epoch 051: loss 2.169 | lr 0.0012 | num_tokens 10.13 | batch_size 250 | grad_norm 4.949 | clip 0.275
INFO: Epoch 051: valid_loss 2.61 | num_tokens 9.14 | batch_size 500 | valid_perplexity 13.6
INFO: Epoch 052: loss 2.137 | lr 0.0012 | num_tokens 10.13 | batch_size 250 | grad_norm 4.921 | clip 0.325
INFO: Epoch 052: valid_loss 2.61 | num_tokens 9.14 | batch_size 500 | valid_perplexity 13.5
INFO: Epoch 053: loss 2.118 | lr 0.0012 | num_tokens 10.13 | batch_size 250 | grad_norm 5.04 | clip 0.3
INFO: Epoch 053: valid_loss 2.58 | num_tokens 9.14 | batch_size 500 | valid_perplexity 13.2
INFO: Epoch 054: loss 2.087 | lr 0.0012 | num_tokens 10.13 | batch_size 250 | grad_norm 5.521 | clip 0.35
INFO: Epoch 054: valid_loss 2.59 | num_tokens 9.14 | batch_size 500 | valid_perplexity 13.3
INFO: Epoch 055: loss 2.078 | lr 0.0012 | num_tokens 10.13 | batch_size 250 | grad_norm 5.007 | clip 0.275
INFO: Epoch 055: valid_loss 2.55 | num_tokens 9.14 | batch_size 500 | valid_perplexity 12.8
INFO: Epoch 056: loss 2.038 | lr 0.0012 | num_tokens 10.13 | batch_size 250 | grad_norm 4.971 | clip 0.3
INFO: Epoch 056: valid_loss 2.56 | num_tokens 9.14 | batch_size 500 | valid_perplexity 13
INFO: Epoch 057: loss 2.031 | lr 0.0012 | num_tokens 10.13 | batch_size 250 | grad_norm 5.177 | clip 0.35
INFO: Epoch 057: valid_loss 2.53 | num_tokens 9.14 | batch_size 500 | valid_perplexity 12.5
INFO: Epoch 058: loss 2.004 | lr 0.0012 | num_tokens 10.13 | batch_size 250 | grad_norm 5.418 | clip 0.35
INFO: Epoch 058: valid_loss 2.55 | num_tokens 9.14 | batch_size 500 | valid_perplexity 12.8
INFO: Epoch 059: loss 1.991 | lr 0.0012 | num_tokens 10.13 | batch_size 250 | grad_norm 5.119 | clip 0.375
INFO: Epoch 059: valid_loss 2.52 | num_tokens 9.14 | batch_size 500 | valid_perplexity 12.4
INFO: Epoch 060: loss 1.953 | lr 0.0012 | num_tokens 10.13 | batch_size 250 | grad_norm 5.216 | clip 0.35
INFO: Epoch 060: valid_loss 2.54 | num_tokens 9.14 | batch_size 500 | valid_perplexity 12.6
INFO: Epoch 061: loss 1.943 | lr 0.0012 | num_tokens 10.13 | batch_size 250 | grad_norm 5.319 | clip 0.325
INFO: Epoch 061: valid_loss 2.49 | num_tokens 9.14 | batch_size 500 | valid_perplexity 12.1
INFO: Epoch 062: loss 1.922 | lr 0.0012 | num_tokens 10.13 | batch_size 250 | grad_norm 5.868 | clip 0.4
INFO: Epoch 062: valid_loss 2.51 | num_tokens 9.14 | batch_size 500 | valid_perplexity 12.3
INFO: Epoch 063: loss 1.909 | lr 0.0012 | num_tokens 10.13 | batch_size 250 | grad_norm 5.248 | clip 0.375
INFO: Epoch 063: valid_loss 2.48 | num_tokens 9.14 | batch_size 500 | valid_perplexity 11.9
INFO: Epoch 064: loss 1.884 | lr 0.0012 | num_tokens 10.13 | batch_size 250 | grad_norm 5.747 | clip 0.375
INFO: Epoch 064: valid_loss 2.49 | num_tokens 9.14 | batch_size 500 | valid_perplexity 12
INFO: Epoch 065: loss 1.876 | lr 0.0012 | num_tokens 10.13 | batch_size 250 | grad_norm 5.544 | clip 0.4
INFO: Epoch 065: valid_loss 2.48 | num_tokens 9.14 | batch_size 500 | valid_perplexity 11.9
INFO: Epoch 066: loss 1.846 | lr 0.0012 | num_tokens 10.13 | batch_size 250 | grad_norm 5.566 | clip 0.425
INFO: Epoch 066: valid_loss 2.47 | num_tokens 9.14 | batch_size 500 | valid_perplexity 11.8
INFO: Epoch 067: loss 1.837 | lr 0.0012 | num_tokens 10.13 | batch_size 250 | grad_norm 5.537 | clip 0.4
INFO: Epoch 067: valid_loss 2.45 | num_tokens 9.14 | batch_size 500 | valid_perplexity 11.6
INFO: Epoch 068: loss 1.812 | lr 0.0012 | num_tokens 10.13 | batch_size 250 | grad_norm 5.576 | clip 0.4
INFO: Epoch 068: valid_loss 2.46 | num_tokens 9.14 | batch_size 500 | valid_perplexity 11.7
INFO: Epoch 069: loss 1.797 | lr 0.0012 | num_tokens 10.13 | batch_size 250 | grad_norm 5.305 | clip 0.425
INFO: Epoch 069: valid_loss 2.44 | num_tokens 9.14 | batch_size 500 | valid_perplexity 11.5
INFO: Epoch 070: loss 1.777 | lr 0.0012 | num_tokens 10.13 | batch_size 250 | grad_norm 5.552 | clip 0.425
INFO: Epoch 070: valid_loss 2.45 | num_tokens 9.14 | batch_size 500 | valid_perplexity 11.6
INFO: Epoch 071: loss 1.767 | lr 0.0012 | num_tokens 10.13 | batch_size 250 | grad_norm 5.342 | clip 0.4
INFO: Epoch 071: valid_loss 2.43 | num_tokens 9.14 | batch_size 500 | valid_perplexity 11.4
INFO: Epoch 072: loss 1.749 | lr 0.0012 | num_tokens 10.13 | batch_size 250 | grad_norm 5.367 | clip 0.45
INFO: Epoch 072: valid_loss 2.41 | num_tokens 9.14 | batch_size 500 | valid_perplexity 11.2
INFO: Epoch 073: loss 1.728 | lr 0.0012 | num_tokens 10.13 | batch_size 250 | grad_norm 5.732 | clip 0.425
INFO: Epoch 073: valid_loss 2.43 | num_tokens 9.14 | batch_size 500 | valid_perplexity 11.4
INFO: Epoch 074: loss 1.719 | lr 0.0012 | num_tokens 10.13 | batch_size 250 | grad_norm 5.48 | clip 0.4
INFO: Epoch 074: valid_loss 2.41 | num_tokens 9.14 | batch_size 500 | valid_perplexity 11.2
INFO: Epoch 075: loss 1.696 | lr 0.0012 | num_tokens 10.13 | batch_size 250 | grad_norm 5.834 | clip 0.425
INFO: Epoch 075: valid_loss 2.43 | num_tokens 9.14 | batch_size 500 | valid_perplexity 11.4
INFO: No validation set improvements observed for 3 epochs. Early stop!
