INFO: COMMAND: train.py --data data/en-fr/prepared --source-lang fr --target-lang en --save-dir assignments/03/output/en-fr_bs4_lr0012/checkpoints/ --log-file logs/en-fr_bs4_lr0012.log --batch-size 4 --lr 0.0012
INFO: Arguments: {'cuda': False, 'data': 'data/en-fr/prepared', 'source_lang': 'fr', 'target_lang': 'en', 'max_tokens': None, 'batch_size': 4, 'train_on_tiny': False, 'arch': 'lstm', 'max_epoch': 10000, 'clip_norm': 4.0, 'lr': 0.0012, 'patience': 3, 'log_file': 'logs/en-fr_bs4_lr0012.log', 'save_dir': 'assignments/03/output/en-fr_bs4_lr0012/checkpoints/', 'restore_file': 'checkpoint_last.pt', 'save_interval': 1, 'no_save': False, 'epoch_checkpoints': False, 'encoder_embed_dim': 64, 'encoder_embed_path': None, 'encoder_hidden_size': 64, 'encoder_num_layers': 1, 'encoder_bidirectional': 'True', 'encoder_dropout_in': 0.25, 'encoder_dropout_out': 0.25, 'decoder_embed_dim': 64, 'decoder_embed_path': None, 'decoder_hidden_size': 128, 'decoder_num_layers': 1, 'decoder_dropout_in': 0.25, 'decoder_dropout_out': 0.25, 'decoder_use_attention': 'True', 'decoder_use_lexical_model': 'False', 'device_id': 0}
INFO: Loaded a source dictionary (fr) with 4000 words
INFO: Loaded a target dictionary (en) with 4000 words
INFO: Built a model with 1308576 parameters
INFO: Epoch 000: loss 4.363 | lr 0.0012 | num_tokens 9.1 | batch_size 4 | grad_norm 16.03 | clip 0.9964
INFO: Epoch 000: valid_loss 5 | num_tokens 9.14 | batch_size 500 | valid_perplexity 148
INFO: Epoch 001: loss 3.531 | lr 0.0012 | num_tokens 9.1 | batch_size 4 | grad_norm 17.65 | clip 1
INFO: Epoch 001: valid_loss 4.3 | num_tokens 9.14 | batch_size 500 | valid_perplexity 73.6
INFO: Epoch 002: loss 3.181 | lr 0.0012 | num_tokens 9.1 | batch_size 4 | grad_norm 18.77 | clip 1
INFO: Epoch 002: valid_loss 3.95 | num_tokens 9.14 | batch_size 500 | valid_perplexity 51.8
INFO: Epoch 003: loss 2.93 | lr 0.0012 | num_tokens 9.1 | batch_size 4 | grad_norm 19.93 | clip 1
INFO: Epoch 003: valid_loss 3.73 | num_tokens 9.14 | batch_size 500 | valid_perplexity 41.8
INFO: Epoch 004: loss 2.74 | lr 0.0012 | num_tokens 9.1 | batch_size 4 | grad_norm 20.99 | clip 1
INFO: Epoch 004: valid_loss 3.49 | num_tokens 9.14 | batch_size 500 | valid_perplexity 32.8
INFO: Epoch 005: loss 2.579 | lr 0.0012 | num_tokens 9.1 | batch_size 4 | grad_norm 21.59 | clip 1
INFO: Epoch 005: valid_loss 3.29 | num_tokens 9.14 | batch_size 500 | valid_perplexity 27
INFO: Epoch 006: loss 2.452 | lr 0.0012 | num_tokens 9.1 | batch_size 4 | grad_norm 21.95 | clip 1
INFO: Epoch 006: valid_loss 3.11 | num_tokens 9.14 | batch_size 500 | valid_perplexity 22.4
INFO: Epoch 007: loss 2.336 | lr 0.0012 | num_tokens 9.1 | batch_size 4 | grad_norm 22.21 | clip 1
INFO: Epoch 007: valid_loss 3.14 | num_tokens 9.14 | batch_size 500 | valid_perplexity 23
INFO: Epoch 008: loss 2.24 | lr 0.0012 | num_tokens 9.1 | batch_size 4 | grad_norm 22.64 | clip 1
INFO: Epoch 008: valid_loss 2.99 | num_tokens 9.14 | batch_size 500 | valid_perplexity 19.8
INFO: Epoch 009: loss 2.164 | lr 0.0012 | num_tokens 9.1 | batch_size 4 | grad_norm 22.88 | clip 1
INFO: Epoch 009: valid_loss 2.9 | num_tokens 9.14 | batch_size 500 | valid_perplexity 18.1
INFO: Epoch 010: loss 2.083 | lr 0.0012 | num_tokens 9.1 | batch_size 4 | grad_norm 22.99 | clip 1
INFO: Epoch 010: valid_loss 2.91 | num_tokens 9.14 | batch_size 500 | valid_perplexity 18.4
INFO: Epoch 011: loss 2.019 | lr 0.0012 | num_tokens 9.1 | batch_size 4 | grad_norm 22.81 | clip 1
INFO: Epoch 011: valid_loss 2.8 | num_tokens 9.14 | batch_size 500 | valid_perplexity 16.4
INFO: Epoch 012: loss 1.968 | lr 0.0012 | num_tokens 9.1 | batch_size 4 | grad_norm 23.01 | clip 1
INFO: Epoch 012: valid_loss 2.88 | num_tokens 9.14 | batch_size 500 | valid_perplexity 17.8
INFO: Epoch 013: loss 1.915 | lr 0.0012 | num_tokens 9.1 | batch_size 4 | grad_norm 23.11 | clip 1
INFO: Epoch 013: valid_loss 2.77 | num_tokens 9.14 | batch_size 500 | valid_perplexity 16
INFO: Epoch 014: loss 1.864 | lr 0.0012 | num_tokens 9.1 | batch_size 4 | grad_norm 23.06 | clip 1
INFO: Epoch 014: valid_loss 2.76 | num_tokens 9.14 | batch_size 500 | valid_perplexity 15.8
INFO: Epoch 015: loss 1.82 | lr 0.0012 | num_tokens 9.1 | batch_size 4 | grad_norm 23.21 | clip 1
INFO: Epoch 015: valid_loss 2.69 | num_tokens 9.14 | batch_size 500 | valid_perplexity 14.8
INFO: Epoch 016: loss 1.775 | lr 0.0012 | num_tokens 9.1 | batch_size 4 | grad_norm 23.26 | clip 1
INFO: Epoch 016: valid_loss 2.79 | num_tokens 9.14 | batch_size 500 | valid_perplexity 16.2
INFO: Epoch 017: loss 1.735 | lr 0.0012 | num_tokens 9.1 | batch_size 4 | grad_norm 23.03 | clip 1
INFO: Epoch 017: valid_loss 2.64 | num_tokens 9.14 | batch_size 500 | valid_perplexity 14
INFO: Epoch 018: loss 1.698 | lr 0.0012 | num_tokens 9.1 | batch_size 4 | grad_norm 23.09 | clip 1
INFO: Epoch 018: valid_loss 2.66 | num_tokens 9.14 | batch_size 500 | valid_perplexity 14.3
INFO: Epoch 019: loss 1.669 | lr 0.0012 | num_tokens 9.1 | batch_size 4 | grad_norm 23.18 | clip 1
INFO: Epoch 019: valid_loss 2.61 | num_tokens 9.14 | batch_size 500 | valid_perplexity 13.6
INFO: Epoch 020: loss 1.638 | lr 0.0012 | num_tokens 9.1 | batch_size 4 | grad_norm 23.12 | clip 1
INFO: Epoch 020: valid_loss 2.59 | num_tokens 9.14 | batch_size 500 | valid_perplexity 13.3
INFO: Epoch 021: loss 1.613 | lr 0.0012 | num_tokens 9.1 | batch_size 4 | grad_norm 23.12 | clip 1
INFO: Epoch 021: valid_loss 2.53 | num_tokens 9.14 | batch_size 500 | valid_perplexity 12.6
INFO: Epoch 022: loss 1.578 | lr 0.0012 | num_tokens 9.1 | batch_size 4 | grad_norm 22.83 | clip 1
INFO: Epoch 022: valid_loss 2.57 | num_tokens 9.14 | batch_size 500 | valid_perplexity 13.1
INFO: Epoch 023: loss 1.554 | lr 0.0012 | num_tokens 9.1 | batch_size 4 | grad_norm 22.9 | clip 1
INFO: Epoch 023: valid_loss 2.54 | num_tokens 9.14 | batch_size 500 | valid_perplexity 12.7
INFO: Epoch 024: loss 1.532 | lr 0.0012 | num_tokens 9.1 | batch_size 4 | grad_norm 23.12 | clip 1
INFO: Epoch 024: valid_loss 2.5 | num_tokens 9.14 | batch_size 500 | valid_perplexity 12.2
INFO: Epoch 025: loss 1.515 | lr 0.0012 | num_tokens 9.1 | batch_size 4 | grad_norm 22.99 | clip 1
INFO: Epoch 025: valid_loss 2.58 | num_tokens 9.14 | batch_size 500 | valid_perplexity 13.2
INFO: Epoch 026: loss 1.486 | lr 0.0012 | num_tokens 9.1 | batch_size 4 | grad_norm 22.77 | clip 1
INFO: Epoch 026: valid_loss 2.51 | num_tokens 9.14 | batch_size 500 | valid_perplexity 12.3
INFO: Epoch 027: loss 1.472 | lr 0.0012 | num_tokens 9.1 | batch_size 4 | grad_norm 22.71 | clip 1
INFO: Epoch 027: valid_loss 2.5 | num_tokens 9.14 | batch_size 500 | valid_perplexity 12.2
INFO: No validation set improvements observed for 3 epochs. Early stop!
