INFO: COMMAND: train.py --data data/en-fr/prepared --source-lang fr --target-lang en --save-dir assignments/03/output/en-fr_bs1_lr0003/checkpoints/ --log-file logs/en-fr_bs1_lr0003.log --batch-size 1 --lr 0.0003
INFO: Arguments: {'cuda': False, 'data': 'data/en-fr/prepared', 'source_lang': 'fr', 'target_lang': 'en', 'max_tokens': None, 'batch_size': 1, 'train_on_tiny': False, 'arch': 'lstm', 'max_epoch': 10000, 'clip_norm': 4.0, 'lr': 0.0003, 'patience': 3, 'log_file': 'logs/en-fr_bs1_lr0003.log', 'save_dir': 'assignments/03/output/en-fr_bs1_lr0003/checkpoints/', 'restore_file': 'checkpoint_last.pt', 'save_interval': 1, 'no_save': False, 'epoch_checkpoints': False, 'encoder_embed_dim': 64, 'encoder_embed_path': None, 'encoder_hidden_size': 64, 'encoder_num_layers': 1, 'encoder_bidirectional': 'True', 'encoder_dropout_in': 0.25, 'encoder_dropout_out': 0.25, 'decoder_embed_dim': 64, 'decoder_embed_path': None, 'decoder_hidden_size': 128, 'decoder_num_layers': 1, 'decoder_dropout_in': 0.25, 'decoder_dropout_out': 0.25, 'decoder_use_attention': 'True', 'decoder_use_lexical_model': 'False', 'device_id': 0}
INFO: Loaded a source dictionary (fr) with 4000 words
INFO: Loaded a target dictionary (en) with 4000 words
INFO: Built a model with 1308576 parameters
INFO: Epoch 000: loss 4.525 | lr 0.0003 | num_tokens 9.1 | batch_size 1 | grad_norm 31.85 | clip 0.9984
INFO: Epoch 000: valid_loss 4.83 | num_tokens 9.14 | batch_size 500 | valid_perplexity 125
INFO: Epoch 001: loss 3.863 | lr 0.0003 | num_tokens 9.1 | batch_size 1 | grad_norm 37.17 | clip 1
INFO: Epoch 001: valid_loss 4.76 | num_tokens 9.14 | batch_size 500 | valid_perplexity 117
INFO: Epoch 002: loss 3.54 | lr 0.0003 | num_tokens 9.1 | batch_size 1 | grad_norm 40.6 | clip 1
INFO: Epoch 002: valid_loss 4.52 | num_tokens 9.14 | batch_size 500 | valid_perplexity 92.3
INFO: Epoch 003: loss 3.331 | lr 0.0003 | num_tokens 9.1 | batch_size 1 | grad_norm 43.24 | clip 1
INFO: Epoch 003: valid_loss 4.25 | num_tokens 9.14 | batch_size 500 | valid_perplexity 70.4
INFO: Epoch 004: loss 3.188 | lr 0.0003 | num_tokens 9.1 | batch_size 1 | grad_norm 45.31 | clip 1
INFO: Epoch 004: valid_loss 4.02 | num_tokens 9.14 | batch_size 500 | valid_perplexity 55.7
INFO: Epoch 005: loss 3.066 | lr 0.0003 | num_tokens 9.1 | batch_size 1 | grad_norm 46.15 | clip 1
INFO: Epoch 005: valid_loss 3.92 | num_tokens 9.14 | batch_size 500 | valid_perplexity 50.5
INFO: Epoch 006: loss 2.963 | lr 0.0003 | num_tokens 9.1 | batch_size 1 | grad_norm 47.72 | clip 1
INFO: Epoch 006: valid_loss 3.75 | num_tokens 9.14 | batch_size 500 | valid_perplexity 42.4
INFO: Epoch 007: loss 2.873 | lr 0.0003 | num_tokens 9.1 | batch_size 1 | grad_norm 48.98 | clip 0.9998
INFO: Epoch 007: valid_loss 3.62 | num_tokens 9.14 | batch_size 500 | valid_perplexity 37.4
INFO: Epoch 008: loss 2.797 | lr 0.0003 | num_tokens 9.1 | batch_size 1 | grad_norm 49.94 | clip 1
INFO: Epoch 008: valid_loss 3.51 | num_tokens 9.14 | batch_size 500 | valid_perplexity 33.4
INFO: Epoch 009: loss 2.721 | lr 0.0003 | num_tokens 9.1 | batch_size 1 | grad_norm 50.67 | clip 1
INFO: Epoch 009: valid_loss 3.38 | num_tokens 9.14 | batch_size 500 | valid_perplexity 29.4
INFO: Epoch 010: loss 2.657 | lr 0.0003 | num_tokens 9.1 | batch_size 1 | grad_norm 50.65 | clip 1
INFO: Epoch 010: valid_loss 3.34 | num_tokens 9.14 | batch_size 500 | valid_perplexity 28.3
INFO: Epoch 011: loss 2.598 | lr 0.0003 | num_tokens 9.1 | batch_size 1 | grad_norm 51.38 | clip 0.9999
INFO: Epoch 011: valid_loss 3.21 | num_tokens 9.14 | batch_size 500 | valid_perplexity 24.8
INFO: Epoch 012: loss 2.548 | lr 0.0003 | num_tokens 9.1 | batch_size 1 | grad_norm 51.82 | clip 0.9999
INFO: Epoch 012: valid_loss 3.11 | num_tokens 9.14 | batch_size 500 | valid_perplexity 22.4
INFO: Epoch 013: loss 2.493 | lr 0.0003 | num_tokens 9.1 | batch_size 1 | grad_norm 51.75 | clip 1
INFO: Epoch 013: valid_loss 3.07 | num_tokens 9.14 | batch_size 500 | valid_perplexity 21.6
INFO: Epoch 014: loss 2.448 | lr 0.0003 | num_tokens 9.1 | batch_size 1 | grad_norm 51.98 | clip 0.9998
INFO: Epoch 014: valid_loss 3.15 | num_tokens 9.14 | batch_size 500 | valid_perplexity 23.2
INFO: Epoch 015: loss 2.414 | lr 0.0003 | num_tokens 9.1 | batch_size 1 | grad_norm 52.21 | clip 0.9997
INFO: Epoch 015: valid_loss 2.99 | num_tokens 9.14 | batch_size 500 | valid_perplexity 19.9
INFO: Epoch 016: loss 2.372 | lr 0.0003 | num_tokens 9.1 | batch_size 1 | grad_norm 52.16 | clip 0.9996
INFO: Epoch 016: valid_loss 2.9 | num_tokens 9.14 | batch_size 500 | valid_perplexity 18.2
INFO: Epoch 017: loss 2.336 | lr 0.0003 | num_tokens 9.1 | batch_size 1 | grad_norm 52.26 | clip 0.9994
INFO: Epoch 017: valid_loss 2.94 | num_tokens 9.14 | batch_size 500 | valid_perplexity 19
INFO: Epoch 018: loss 2.31 | lr 0.0003 | num_tokens 9.1 | batch_size 1 | grad_norm 52.13 | clip 0.9998
INFO: Epoch 018: valid_loss 2.9 | num_tokens 9.14 | batch_size 500 | valid_perplexity 18.2
INFO: Epoch 019: loss 2.279 | lr 0.0003 | num_tokens 9.1 | batch_size 1 | grad_norm 52.21 | clip 0.9996
INFO: Epoch 019: valid_loss 2.87 | num_tokens 9.14 | batch_size 500 | valid_perplexity 17.6
INFO: Epoch 020: loss 2.258 | lr 0.0003 | num_tokens 9.1 | batch_size 1 | grad_norm 52.26 | clip 0.9995
INFO: Epoch 020: valid_loss 2.81 | num_tokens 9.14 | batch_size 500 | valid_perplexity 16.7
INFO: Epoch 021: loss 2.231 | lr 0.0003 | num_tokens 9.1 | batch_size 1 | grad_norm 52.11 | clip 0.9993
INFO: Epoch 021: valid_loss 2.8 | num_tokens 9.14 | batch_size 500 | valid_perplexity 16.4
INFO: Epoch 022: loss 2.209 | lr 0.0003 | num_tokens 9.1 | batch_size 1 | grad_norm 51.6 | clip 0.999
INFO: Epoch 022: valid_loss 2.76 | num_tokens 9.14 | batch_size 500 | valid_perplexity 15.7
INFO: Epoch 023: loss 2.188 | lr 0.0003 | num_tokens 9.1 | batch_size 1 | grad_norm 51.3 | clip 0.9995
INFO: Epoch 023: valid_loss 2.72 | num_tokens 9.14 | batch_size 500 | valid_perplexity 15.2
INFO: Epoch 024: loss 2.166 | lr 0.0003 | num_tokens 9.1 | batch_size 1 | grad_norm 51.46 | clip 0.9995
INFO: Epoch 024: valid_loss 2.71 | num_tokens 9.14 | batch_size 500 | valid_perplexity 15
INFO: Epoch 025: loss 2.146 | lr 0.0003 | num_tokens 9.1 | batch_size 1 | grad_norm 51.33 | clip 0.9994
INFO: Epoch 025: valid_loss 2.65 | num_tokens 9.14 | batch_size 500 | valid_perplexity 14.1
INFO: Epoch 026: loss 2.13 | lr 0.0003 | num_tokens 9.1 | batch_size 1 | grad_norm 51.11 | clip 0.9997
INFO: Epoch 026: valid_loss 2.69 | num_tokens 9.14 | batch_size 500 | valid_perplexity 14.7
INFO: Epoch 027: loss 2.113 | lr 0.0003 | num_tokens 9.1 | batch_size 1 | grad_norm 51.38 | clip 0.9985
INFO: Epoch 027: valid_loss 2.66 | num_tokens 9.14 | batch_size 500 | valid_perplexity 14.3
INFO: Epoch 028: loss 2.095 | lr 0.0003 | num_tokens 9.1 | batch_size 1 | grad_norm 51.21 | clip 0.9989
INFO: Epoch 028: valid_loss 2.58 | num_tokens 9.14 | batch_size 500 | valid_perplexity 13.2
INFO: Epoch 029: loss 2.076 | lr 0.0003 | num_tokens 9.1 | batch_size 1 | grad_norm 50.92 | clip 0.999
INFO: Epoch 029: valid_loss 2.58 | num_tokens 9.14 | batch_size 500 | valid_perplexity 13.2
INFO: Epoch 030: loss 2.072 | lr 0.0003 | num_tokens 9.1 | batch_size 1 | grad_norm 51.49 | clip 0.9989
INFO: Epoch 030: valid_loss 2.59 | num_tokens 9.14 | batch_size 500 | valid_perplexity 13.3
INFO: Epoch 031: loss 2.049 | lr 0.0003 | num_tokens 9.1 | batch_size 1 | grad_norm 51.45 | clip 0.9993
INFO: Epoch 031: valid_loss 2.55 | num_tokens 9.14 | batch_size 500 | valid_perplexity 12.8
INFO: Epoch 032: loss 2.039 | lr 0.0003 | num_tokens 9.1 | batch_size 1 | grad_norm 51.4 | clip 0.9983
INFO: Epoch 032: valid_loss 2.53 | num_tokens 9.14 | batch_size 500 | valid_perplexity 12.5
INFO: Epoch 033: loss 2.025 | lr 0.0003 | num_tokens 9.1 | batch_size 1 | grad_norm 51.28 | clip 0.9989
INFO: Epoch 033: valid_loss 2.55 | num_tokens 9.14 | batch_size 500 | valid_perplexity 12.7
INFO: Epoch 034: loss 2.013 | lr 0.0003 | num_tokens 9.1 | batch_size 1 | grad_norm 51.77 | clip 0.9985
INFO: Epoch 034: valid_loss 2.53 | num_tokens 9.14 | batch_size 500 | valid_perplexity 12.6
INFO: Epoch 035: loss 1.994 | lr 0.0003 | num_tokens 9.1 | batch_size 1 | grad_norm 51.68 | clip 0.999
INFO: Epoch 035: valid_loss 2.53 | num_tokens 9.14 | batch_size 500 | valid_perplexity 12.5
INFO: Epoch 036: loss 1.987 | lr 0.0003 | num_tokens 9.1 | batch_size 1 | grad_norm 51.27 | clip 0.9981
INFO: Epoch 036: valid_loss 2.54 | num_tokens 9.14 | batch_size 500 | valid_perplexity 12.7
INFO: Epoch 037: loss 1.974 | lr 0.0003 | num_tokens 9.1 | batch_size 1 | grad_norm 50.9 | clip 0.9979
INFO: Epoch 037: valid_loss 2.52 | num_tokens 9.14 | batch_size 500 | valid_perplexity 12.4
INFO: Epoch 038: loss 1.964 | lr 0.0003 | num_tokens 9.1 | batch_size 1 | grad_norm 51.02 | clip 0.9984
INFO: Epoch 038: valid_loss 2.45 | num_tokens 9.14 | batch_size 500 | valid_perplexity 11.5
INFO: Epoch 039: loss 1.956 | lr 0.0003 | num_tokens 9.1 | batch_size 1 | grad_norm 50.73 | clip 0.9976
INFO: Epoch 039: valid_loss 2.46 | num_tokens 9.14 | batch_size 500 | valid_perplexity 11.7
INFO: Epoch 040: loss 1.944 | lr 0.0003 | num_tokens 9.1 | batch_size 1 | grad_norm 50.86 | clip 0.9979
INFO: Epoch 040: valid_loss 2.47 | num_tokens 9.14 | batch_size 500 | valid_perplexity 11.9
INFO: Epoch 041: loss 1.935 | lr 0.0003 | num_tokens 9.1 | batch_size 1 | grad_norm 50.91 | clip 0.9982
INFO: Epoch 041: valid_loss 2.44 | num_tokens 9.14 | batch_size 500 | valid_perplexity 11.4
INFO: Epoch 042: loss 1.92 | lr 0.0003 | num_tokens 9.1 | batch_size 1 | grad_norm 51.31 | clip 0.9979
INFO: Epoch 042: valid_loss 2.49 | num_tokens 9.14 | batch_size 500 | valid_perplexity 12.1
INFO: Epoch 043: loss 1.914 | lr 0.0003 | num_tokens 9.1 | batch_size 1 | grad_norm 51.05 | clip 0.9985
INFO: Epoch 043: valid_loss 2.46 | num_tokens 9.14 | batch_size 500 | valid_perplexity 11.7
INFO: Epoch 044: loss 1.907 | lr 0.0003 | num_tokens 9.1 | batch_size 1 | grad_norm 50.83 | clip 0.9977
INFO: Epoch 044: valid_loss 2.43 | num_tokens 9.14 | batch_size 500 | valid_perplexity 11.4
INFO: Epoch 045: loss 1.898 | lr 0.0003 | num_tokens 9.1 | batch_size 1 | grad_norm 50.93 | clip 0.9973
INFO: Epoch 045: valid_loss 2.44 | num_tokens 9.14 | batch_size 500 | valid_perplexity 11.4
INFO: Epoch 046: loss 1.88 | lr 0.0003 | num_tokens 9.1 | batch_size 1 | grad_norm 50.91 | clip 0.9975
INFO: Epoch 046: valid_loss 2.41 | num_tokens 9.14 | batch_size 500 | valid_perplexity 11.2
INFO: Epoch 047: loss 1.881 | lr 0.0003 | num_tokens 9.1 | batch_size 1 | grad_norm 50.88 | clip 0.997
INFO: Epoch 047: valid_loss 2.47 | num_tokens 9.14 | batch_size 500 | valid_perplexity 11.8
INFO: Epoch 048: loss 1.867 | lr 0.0003 | num_tokens 9.1 | batch_size 1 | grad_norm 51.02 | clip 0.9973
INFO: Epoch 048: valid_loss 2.43 | num_tokens 9.14 | batch_size 500 | valid_perplexity 11.3
INFO: Epoch 049: loss 1.862 | lr 0.0003 | num_tokens 9.1 | batch_size 1 | grad_norm 51.32 | clip 0.9967
INFO: Epoch 049: valid_loss 2.39 | num_tokens 9.14 | batch_size 500 | valid_perplexity 10.9
INFO: Epoch 050: loss 1.855 | lr 0.0003 | num_tokens 9.1 | batch_size 1 | grad_norm 51.2 | clip 0.9978
INFO: Epoch 050: valid_loss 2.37 | num_tokens 9.14 | batch_size 500 | valid_perplexity 10.7
INFO: Epoch 051: loss 1.847 | lr 0.0003 | num_tokens 9.1 | batch_size 1 | grad_norm 50.7 | clip 0.9971
INFO: Epoch 051: valid_loss 2.36 | num_tokens 9.14 | batch_size 500 | valid_perplexity 10.6
INFO: Epoch 052: loss 1.839 | lr 0.0003 | num_tokens 9.1 | batch_size 1 | grad_norm 50.91 | clip 0.9966
INFO: Epoch 052: valid_loss 2.39 | num_tokens 9.14 | batch_size 500 | valid_perplexity 11
INFO: Epoch 053: loss 1.826 | lr 0.0003 | num_tokens 9.1 | batch_size 1 | grad_norm 50.91 | clip 0.9965
INFO: Epoch 053: valid_loss 2.38 | num_tokens 9.14 | batch_size 500 | valid_perplexity 10.8
INFO: Epoch 054: loss 1.822 | lr 0.0003 | num_tokens 9.1 | batch_size 1 | grad_norm 50.95 | clip 0.9968
INFO: Epoch 054: valid_loss 2.35 | num_tokens 9.14 | batch_size 500 | valid_perplexity 10.5
INFO: Epoch 055: loss 1.821 | lr 0.0003 | num_tokens 9.1 | batch_size 1 | grad_norm 51.33 | clip 0.9969
INFO: Epoch 055: valid_loss 2.36 | num_tokens 9.14 | batch_size 500 | valid_perplexity 10.5
INFO: Epoch 056: loss 1.805 | lr 0.0003 | num_tokens 9.1 | batch_size 1 | grad_norm 50.96 | clip 0.9966
INFO: Epoch 056: valid_loss 2.37 | num_tokens 9.14 | batch_size 500 | valid_perplexity 10.6
INFO: Epoch 057: loss 1.793 | lr 0.0003 | num_tokens 9.1 | batch_size 1 | grad_norm 50.78 | clip 0.9961
INFO: Epoch 057: valid_loss 2.37 | num_tokens 9.14 | batch_size 500 | valid_perplexity 10.7
INFO: No validation set improvements observed for 3 epochs. Early stop!
