INFO: COMMAND: train.py --data data/en-fr/prepared --source-lang fr --target-lang en --save-dir assignments/03/output/en-fr_bs1_lr0006/checkpoints/ --log-file logs/en-fr_bs1_lr0006.log --batch-size 1 --lr 0.0006
INFO: Arguments: {'cuda': False, 'data': 'data/en-fr/prepared', 'source_lang': 'fr', 'target_lang': 'en', 'max_tokens': None, 'batch_size': 1, 'train_on_tiny': False, 'arch': 'lstm', 'max_epoch': 10000, 'clip_norm': 4.0, 'lr': 0.0006, 'patience': 3, 'log_file': 'logs/en-fr_bs1_lr0006.log', 'save_dir': 'assignments/03/output/en-fr_bs1_lr0006/checkpoints/', 'restore_file': 'checkpoint_last.pt', 'save_interval': 1, 'no_save': False, 'epoch_checkpoints': False, 'encoder_embed_dim': 64, 'encoder_embed_path': None, 'encoder_hidden_size': 64, 'encoder_num_layers': 1, 'encoder_bidirectional': 'True', 'encoder_dropout_in': 0.25, 'encoder_dropout_out': 0.25, 'decoder_embed_dim': 64, 'decoder_embed_path': None, 'decoder_hidden_size': 128, 'decoder_num_layers': 1, 'decoder_dropout_in': 0.25, 'decoder_dropout_out': 0.25, 'decoder_use_attention': 'True', 'decoder_use_lexical_model': 'False', 'device_id': 0}
INFO: Loaded a source dictionary (fr) with 4000 words
INFO: Loaded a target dictionary (en) with 4000 words
INFO: Built a model with 1308576 parameters
INFO: Epoch 000: loss 4.269 | lr 0.0006 | num_tokens 9.1 | batch_size 1 | grad_norm 34.87 | clip 0.9987
INFO: Epoch 000: valid_loss 4.97 | num_tokens 9.14 | batch_size 500 | valid_perplexity 145
INFO: Epoch 001: loss 3.511 | lr 0.0006 | num_tokens 9.1 | batch_size 1 | grad_norm 39.19 | clip 1
INFO: Epoch 001: valid_loss 4.51 | num_tokens 9.14 | batch_size 500 | valid_perplexity 90.8
INFO: Epoch 002: loss 3.23 | lr 0.0006 | num_tokens 9.1 | batch_size 1 | grad_norm 41.47 | clip 0.9999
INFO: Epoch 002: valid_loss 4.23 | num_tokens 9.14 | batch_size 500 | valid_perplexity 68.7
INFO: Epoch 003: loss 3.041 | lr 0.0006 | num_tokens 9.1 | batch_size 1 | grad_norm 42.88 | clip 1
INFO: Epoch 003: valid_loss 3.88 | num_tokens 9.14 | batch_size 500 | valid_perplexity 48.5
INFO: Epoch 004: loss 2.898 | lr 0.0006 | num_tokens 9.1 | batch_size 1 | grad_norm 43.86 | clip 1
INFO: Epoch 004: valid_loss 3.67 | num_tokens 9.14 | batch_size 500 | valid_perplexity 39.3
INFO: Epoch 005: loss 2.785 | lr 0.0006 | num_tokens 9.1 | batch_size 1 | grad_norm 44.04 | clip 1
INFO: Epoch 005: valid_loss 3.64 | num_tokens 9.14 | batch_size 500 | valid_perplexity 37.9
INFO: Epoch 006: loss 2.69 | lr 0.0006 | num_tokens 9.1 | batch_size 1 | grad_norm 44.54 | clip 1
INFO: Epoch 006: valid_loss 3.63 | num_tokens 9.14 | batch_size 500 | valid_perplexity 37.8
INFO: Epoch 007: loss 2.612 | lr 0.0006 | num_tokens 9.1 | batch_size 1 | grad_norm 44.84 | clip 0.9999
INFO: Epoch 007: valid_loss 3.45 | num_tokens 9.14 | batch_size 500 | valid_perplexity 31.4
INFO: Epoch 008: loss 2.547 | lr 0.0006 | num_tokens 9.1 | batch_size 1 | grad_norm 44.84 | clip 0.9998
INFO: Epoch 008: valid_loss 3.38 | num_tokens 9.14 | batch_size 500 | valid_perplexity 29.4
INFO: Epoch 009: loss 2.488 | lr 0.0006 | num_tokens 9.1 | batch_size 1 | grad_norm 45.35 | clip 0.9996
INFO: Epoch 009: valid_loss 3.39 | num_tokens 9.14 | batch_size 500 | valid_perplexity 29.6
INFO: Epoch 010: loss 2.448 | lr 0.0006 | num_tokens 9.1 | batch_size 1 | grad_norm 44.56 | clip 0.9997
INFO: Epoch 010: valid_loss 3.27 | num_tokens 9.14 | batch_size 500 | valid_perplexity 26.3
INFO: Epoch 011: loss 2.403 | lr 0.0006 | num_tokens 9.1 | batch_size 1 | grad_norm 44.54 | clip 0.9997
INFO: Epoch 011: valid_loss 3.2 | num_tokens 9.14 | batch_size 500 | valid_perplexity 24.6
INFO: Epoch 012: loss 2.367 | lr 0.0006 | num_tokens 9.1 | batch_size 1 | grad_norm 44.41 | clip 0.9995
INFO: Epoch 012: valid_loss 2.99 | num_tokens 9.14 | batch_size 500 | valid_perplexity 19.9
INFO: Epoch 013: loss 2.328 | lr 0.0006 | num_tokens 9.1 | batch_size 1 | grad_norm 43.84 | clip 0.9997
INFO: Epoch 013: valid_loss 3 | num_tokens 9.14 | batch_size 500 | valid_perplexity 20.2
INFO: Epoch 014: loss 2.291 | lr 0.0006 | num_tokens 9.1 | batch_size 1 | grad_norm 44.1 | clip 0.9996
INFO: Epoch 014: valid_loss 2.98 | num_tokens 9.14 | batch_size 500 | valid_perplexity 19.7
INFO: Epoch 015: loss 2.273 | lr 0.0006 | num_tokens 9.1 | batch_size 1 | grad_norm 44.42 | clip 0.9997
INFO: Epoch 015: valid_loss 2.93 | num_tokens 9.14 | batch_size 500 | valid_perplexity 18.6
INFO: Epoch 016: loss 2.245 | lr 0.0006 | num_tokens 9.1 | batch_size 1 | grad_norm 44.45 | clip 0.9993
INFO: Epoch 016: valid_loss 2.93 | num_tokens 9.14 | batch_size 500 | valid_perplexity 18.7
INFO: Epoch 017: loss 2.219 | lr 0.0006 | num_tokens 9.1 | batch_size 1 | grad_norm 44.75 | clip 0.9989
INFO: Epoch 017: valid_loss 2.88 | num_tokens 9.14 | batch_size 500 | valid_perplexity 17.8
INFO: Epoch 018: loss 2.201 | lr 0.0006 | num_tokens 9.1 | batch_size 1 | grad_norm 44.42 | clip 0.999
INFO: Epoch 018: valid_loss 2.85 | num_tokens 9.14 | batch_size 500 | valid_perplexity 17.2
INFO: Epoch 019: loss 2.178 | lr 0.0006 | num_tokens 9.1 | batch_size 1 | grad_norm 44.28 | clip 0.999
INFO: Epoch 019: valid_loss 2.78 | num_tokens 9.14 | batch_size 500 | valid_perplexity 16.1
INFO: Epoch 020: loss 2.161 | lr 0.0006 | num_tokens 9.1 | batch_size 1 | grad_norm 44.17 | clip 0.9983
INFO: Epoch 020: valid_loss 2.79 | num_tokens 9.14 | batch_size 500 | valid_perplexity 16.3
INFO: Epoch 021: loss 2.142 | lr 0.0006 | num_tokens 9.1 | batch_size 1 | grad_norm 44.48 | clip 0.9995
INFO: Epoch 021: valid_loss 2.76 | num_tokens 9.14 | batch_size 500 | valid_perplexity 15.7
INFO: Epoch 022: loss 2.131 | lr 0.0006 | num_tokens 9.1 | batch_size 1 | grad_norm 44.57 | clip 0.9982
INFO: Epoch 022: valid_loss 2.74 | num_tokens 9.14 | batch_size 500 | valid_perplexity 15.4
INFO: Epoch 023: loss 2.114 | lr 0.0006 | num_tokens 9.1 | batch_size 1 | grad_norm 44.55 | clip 0.9987
INFO: Epoch 023: valid_loss 2.67 | num_tokens 9.14 | batch_size 500 | valid_perplexity 14.4
INFO: Epoch 024: loss 2.091 | lr 0.0006 | num_tokens 9.1 | batch_size 1 | grad_norm 44.46 | clip 0.9987
INFO: Epoch 024: valid_loss 2.63 | num_tokens 9.14 | batch_size 500 | valid_perplexity 13.8
INFO: Epoch 025: loss 2.079 | lr 0.0006 | num_tokens 9.1 | batch_size 1 | grad_norm 44.27 | clip 0.9991
INFO: Epoch 025: valid_loss 2.6 | num_tokens 9.14 | batch_size 500 | valid_perplexity 13.5
INFO: Epoch 026: loss 2.068 | lr 0.0006 | num_tokens 9.1 | batch_size 1 | grad_norm 44.46 | clip 0.9987
INFO: Epoch 026: valid_loss 2.66 | num_tokens 9.14 | batch_size 500 | valid_perplexity 14.4
INFO: Epoch 027: loss 2.059 | lr 0.0006 | num_tokens 9.1 | batch_size 1 | grad_norm 44.47 | clip 0.9984
INFO: Epoch 027: valid_loss 2.67 | num_tokens 9.14 | batch_size 500 | valid_perplexity 14.5
INFO: Epoch 028: loss 2.041 | lr 0.0006 | num_tokens 9.1 | batch_size 1 | grad_norm 44.17 | clip 0.9986
INFO: Epoch 028: valid_loss 2.68 | num_tokens 9.14 | batch_size 500 | valid_perplexity 14.6
INFO: No validation set improvements observed for 3 epochs. Early stop!
