INFO: COMMAND: train.py --data data/en-fr/prepared --source-lang fr --target-lang en --save-dir assignments/03/output/en-fr_bs4_lr0048/checkpoints/ --log-file logs/en-fr_bs4_lr0048.log --batch-size 4 --lr 0.0048
INFO: Arguments: {'cuda': False, 'data': 'data/en-fr/prepared', 'source_lang': 'fr', 'target_lang': 'en', 'max_tokens': None, 'batch_size': 4, 'train_on_tiny': False, 'arch': 'lstm', 'max_epoch': 10000, 'clip_norm': 4.0, 'lr': 0.0048, 'patience': 3, 'log_file': 'logs/en-fr_bs4_lr0048.log', 'save_dir': 'assignments/03/output/en-fr_bs4_lr0048/checkpoints/', 'restore_file': 'checkpoint_last.pt', 'save_interval': 1, 'no_save': False, 'epoch_checkpoints': False, 'encoder_embed_dim': 64, 'encoder_embed_path': None, 'encoder_hidden_size': 64, 'encoder_num_layers': 1, 'encoder_bidirectional': 'True', 'encoder_dropout_in': 0.25, 'encoder_dropout_out': 0.25, 'decoder_embed_dim': 64, 'decoder_embed_path': None, 'decoder_hidden_size': 128, 'decoder_num_layers': 1, 'decoder_dropout_in': 0.25, 'decoder_dropout_out': 0.25, 'decoder_use_attention': 'True', 'decoder_use_lexical_model': 'False', 'device_id': 0}
INFO: Loaded a source dictionary (fr) with 4000 words
INFO: Loaded a target dictionary (en) with 4000 words
INFO: Built a model with 1308576 parameters
INFO: Epoch 000: loss 4.179 | lr 0.0048 | num_tokens 9.1 | batch_size 4 | grad_norm 16.17 | clip 0.9988
INFO: Epoch 000: valid_loss 4.08 | num_tokens 9.14 | batch_size 500 | valid_perplexity 58.9
INFO: Epoch 001: loss 3.46 | lr 0.0048 | num_tokens 9.1 | batch_size 4 | grad_norm 14.95 | clip 1
INFO: Epoch 001: valid_loss 3.87 | num_tokens 9.14 | batch_size 500 | valid_perplexity 47.8
INFO: Epoch 002: loss 3.171 | lr 0.0048 | num_tokens 9.1 | batch_size 4 | grad_norm 15.06 | clip 1
INFO: Epoch 002: valid_loss 3.51 | num_tokens 9.14 | batch_size 500 | valid_perplexity 33.6
INFO: Epoch 003: loss 2.988 | lr 0.0048 | num_tokens 9.1 | batch_size 4 | grad_norm 15.04 | clip 1
INFO: Epoch 003: valid_loss 3.47 | num_tokens 9.14 | batch_size 500 | valid_perplexity 32
INFO: Epoch 004: loss 2.826 | lr 0.0048 | num_tokens 9.1 | batch_size 4 | grad_norm 15.23 | clip 1
INFO: Epoch 004: valid_loss 3.42 | num_tokens 9.14 | batch_size 500 | valid_perplexity 30.6
INFO: Epoch 005: loss 2.719 | lr 0.0048 | num_tokens 9.1 | batch_size 4 | grad_norm 15.51 | clip 1
INFO: Epoch 005: valid_loss 3.34 | num_tokens 9.14 | batch_size 500 | valid_perplexity 28.1
INFO: Epoch 006: loss 2.62 | lr 0.0048 | num_tokens 9.1 | batch_size 4 | grad_norm 15.23 | clip 1
INFO: Epoch 006: valid_loss 3.34 | num_tokens 9.14 | batch_size 500 | valid_perplexity 28.2
INFO: Epoch 007: loss 2.547 | lr 0.0048 | num_tokens 9.1 | batch_size 4 | grad_norm 15.5 | clip 1
INFO: Epoch 007: valid_loss 3.34 | num_tokens 9.14 | batch_size 500 | valid_perplexity 28.2
INFO: Epoch 008: loss 2.478 | lr 0.0048 | num_tokens 9.1 | batch_size 4 | grad_norm 15.78 | clip 1
INFO: Epoch 008: valid_loss 3.33 | num_tokens 9.14 | batch_size 500 | valid_perplexity 27.9
INFO: Epoch 009: loss 2.433 | lr 0.0048 | num_tokens 9.1 | batch_size 4 | grad_norm 15.66 | clip 0.9996
INFO: Epoch 009: valid_loss 3.32 | num_tokens 9.14 | batch_size 500 | valid_perplexity 27.7
INFO: Epoch 010: loss 2.376 | lr 0.0048 | num_tokens 9.1 | batch_size 4 | grad_norm 15.83 | clip 1
INFO: Epoch 010: valid_loss 3.3 | num_tokens 9.14 | batch_size 500 | valid_perplexity 27.1
INFO: Epoch 011: loss 2.332 | lr 0.0048 | num_tokens 9.1 | batch_size 4 | grad_norm 15.86 | clip 1
INFO: Epoch 011: valid_loss 3.31 | num_tokens 9.14 | batch_size 500 | valid_perplexity 27.5
INFO: Epoch 012: loss 2.299 | lr 0.0048 | num_tokens 9.1 | batch_size 4 | grad_norm 15.79 | clip 1
INFO: Epoch 012: valid_loss 3.33 | num_tokens 9.14 | batch_size 500 | valid_perplexity 27.9
INFO: Epoch 013: loss 2.264 | lr 0.0048 | num_tokens 9.1 | batch_size 4 | grad_norm 16.06 | clip 1
INFO: Epoch 013: valid_loss 3.11 | num_tokens 9.14 | batch_size 500 | valid_perplexity 22.4
INFO: Epoch 014: loss 2.236 | lr 0.0048 | num_tokens 9.1 | batch_size 4 | grad_norm 15.99 | clip 1
INFO: Epoch 014: valid_loss 3.15 | num_tokens 9.14 | batch_size 500 | valid_perplexity 23.3
INFO: Epoch 015: loss 2.201 | lr 0.0048 | num_tokens 9.1 | batch_size 4 | grad_norm 16.01 | clip 0.9996
INFO: Epoch 015: valid_loss 3.07 | num_tokens 9.14 | batch_size 500 | valid_perplexity 21.5
INFO: Epoch 016: loss 2.178 | lr 0.0048 | num_tokens 9.1 | batch_size 4 | grad_norm 16.22 | clip 1
INFO: Epoch 016: valid_loss 2.95 | num_tokens 9.14 | batch_size 500 | valid_perplexity 19.1
INFO: Epoch 017: loss 2.158 | lr 0.0048 | num_tokens 9.1 | batch_size 4 | grad_norm 16.05 | clip 0.9996
INFO: Epoch 017: valid_loss 3.05 | num_tokens 9.14 | batch_size 500 | valid_perplexity 21.1
INFO: Epoch 018: loss 2.144 | lr 0.0048 | num_tokens 9.1 | batch_size 4 | grad_norm 16.28 | clip 1
INFO: Epoch 018: valid_loss 3.05 | num_tokens 9.14 | batch_size 500 | valid_perplexity 21.1
INFO: Epoch 019: loss 2.124 | lr 0.0048 | num_tokens 9.1 | batch_size 4 | grad_norm 16.55 | clip 1
INFO: Epoch 019: valid_loss 2.98 | num_tokens 9.14 | batch_size 500 | valid_perplexity 19.7
INFO: No validation set improvements observed for 3 epochs. Early stop!
