INFO: COMMAND: train.py --data data/en-fr/prepared --source-lang fr --target-lang en --save-dir assignments/03/output/en-fr_bs1_lr0012/checkpoints/ --log-file logs/en-fr_bs1_lr0012.log --batch-size 1 --lr 0.0012
INFO: Arguments: {'cuda': False, 'data': 'data/en-fr/prepared', 'source_lang': 'fr', 'target_lang': 'en', 'max_tokens': None, 'batch_size': 1, 'train_on_tiny': False, 'arch': 'lstm', 'max_epoch': 10000, 'clip_norm': 4.0, 'lr': 0.0012, 'patience': 3, 'log_file': 'logs/en-fr_bs1_lr0012.log', 'save_dir': 'assignments/03/output/en-fr_bs1_lr0012/checkpoints/', 'restore_file': 'checkpoint_last.pt', 'save_interval': 1, 'no_save': False, 'epoch_checkpoints': False, 'encoder_embed_dim': 64, 'encoder_embed_path': None, 'encoder_hidden_size': 64, 'encoder_num_layers': 1, 'encoder_bidirectional': 'True', 'encoder_dropout_in': 0.25, 'encoder_dropout_out': 0.25, 'decoder_embed_dim': 64, 'decoder_embed_path': None, 'decoder_hidden_size': 128, 'decoder_num_layers': 1, 'decoder_dropout_in': 0.25, 'decoder_dropout_out': 0.25, 'decoder_use_attention': 'True', 'decoder_use_lexical_model': 'False', 'device_id': 0}
INFO: Loaded a source dictionary (fr) with 4000 words
INFO: Loaded a target dictionary (en) with 4000 words
INFO: Built a model with 1308576 parameters
INFO: Epoch 000: loss 4.055 | lr 0.0012 | num_tokens 9.1 | batch_size 1 | grad_norm 35.82 | clip 0.9993
INFO: Epoch 000: valid_loss 4.62 | num_tokens 9.14 | batch_size 500 | valid_perplexity 102
INFO: Epoch 001: loss 3.379 | lr 0.0012 | num_tokens 9.1 | batch_size 1 | grad_norm 36.45 | clip 1
INFO: Epoch 001: valid_loss 4.08 | num_tokens 9.14 | batch_size 500 | valid_perplexity 59.1
INFO: Epoch 002: loss 3.113 | lr 0.0012 | num_tokens 9.1 | batch_size 1 | grad_norm 36.67 | clip 0.9999
INFO: Epoch 002: valid_loss 3.93 | num_tokens 9.14 | batch_size 500 | valid_perplexity 50.7
INFO: Epoch 003: loss 2.941 | lr 0.0012 | num_tokens 9.1 | batch_size 1 | grad_norm 37.22 | clip 1
INFO: Epoch 003: valid_loss 3.77 | num_tokens 9.14 | batch_size 500 | valid_perplexity 43.5
INFO: Epoch 004: loss 2.827 | lr 0.0012 | num_tokens 9.1 | batch_size 1 | grad_norm 37.66 | clip 0.9999
INFO: Epoch 004: valid_loss 3.57 | num_tokens 9.14 | batch_size 500 | valid_perplexity 35.4
INFO: Epoch 005: loss 2.739 | lr 0.0012 | num_tokens 9.1 | batch_size 1 | grad_norm 37.54 | clip 0.9996
INFO: Epoch 005: valid_loss 3.52 | num_tokens 9.14 | batch_size 500 | valid_perplexity 33.9
INFO: Epoch 006: loss 2.67 | lr 0.0012 | num_tokens 9.1 | batch_size 1 | grad_norm 37.54 | clip 0.9995
INFO: Epoch 006: valid_loss 3.4 | num_tokens 9.14 | batch_size 500 | valid_perplexity 29.9
INFO: Epoch 007: loss 2.613 | lr 0.0012 | num_tokens 9.1 | batch_size 1 | grad_norm 37.57 | clip 0.9999
INFO: Epoch 007: valid_loss 3.26 | num_tokens 9.14 | batch_size 500 | valid_perplexity 26.1
INFO: Epoch 008: loss 2.569 | lr 0.0012 | num_tokens 9.1 | batch_size 1 | grad_norm 37.57 | clip 0.9996
INFO: Epoch 008: valid_loss 3.26 | num_tokens 9.14 | batch_size 500 | valid_perplexity 26.1
INFO: Epoch 009: loss 2.524 | lr 0.0012 | num_tokens 9.1 | batch_size 1 | grad_norm 37.77 | clip 0.9996
INFO: Epoch 009: valid_loss 3.16 | num_tokens 9.14 | batch_size 500 | valid_perplexity 23.6
INFO: Epoch 010: loss 2.484 | lr 0.0012 | num_tokens 9.1 | batch_size 1 | grad_norm 37.99 | clip 0.9991
INFO: Epoch 010: valid_loss 3.05 | num_tokens 9.14 | batch_size 500 | valid_perplexity 21.1
INFO: Epoch 011: loss 2.45 | lr 0.0012 | num_tokens 9.1 | batch_size 1 | grad_norm 37.53 | clip 0.9994
INFO: Epoch 011: valid_loss 3 | num_tokens 9.14 | batch_size 500 | valid_perplexity 20.1
INFO: Epoch 012: loss 2.419 | lr 0.0012 | num_tokens 9.1 | batch_size 1 | grad_norm 37.72 | clip 0.9988
INFO: Epoch 012: valid_loss 3.13 | num_tokens 9.14 | batch_size 500 | valid_perplexity 22.9
INFO: Epoch 013: loss 2.392 | lr 0.0012 | num_tokens 9.1 | batch_size 1 | grad_norm 38.04 | clip 0.9993
INFO: Epoch 013: valid_loss 3.02 | num_tokens 9.14 | batch_size 500 | valid_perplexity 20.4
INFO: Epoch 014: loss 2.37 | lr 0.0012 | num_tokens 9.1 | batch_size 1 | grad_norm 38.26 | clip 0.9991
INFO: Epoch 014: valid_loss 2.93 | num_tokens 9.14 | batch_size 500 | valid_perplexity 18.8
INFO: Epoch 015: loss 2.351 | lr 0.0012 | num_tokens 9.1 | batch_size 1 | grad_norm 38.22 | clip 0.9995
INFO: Epoch 015: valid_loss 3.03 | num_tokens 9.14 | batch_size 500 | valid_perplexity 20.8
INFO: Epoch 016: loss 2.334 | lr 0.0012 | num_tokens 9.1 | batch_size 1 | grad_norm 38.68 | clip 0.999
INFO: Epoch 016: valid_loss 2.97 | num_tokens 9.14 | batch_size 500 | valid_perplexity 19.5
INFO: Epoch 017: loss 2.323 | lr 0.0012 | num_tokens 9.1 | batch_size 1 | grad_norm 38.67 | clip 0.9992
INFO: Epoch 017: valid_loss 2.82 | num_tokens 9.14 | batch_size 500 | valid_perplexity 16.8
INFO: Epoch 018: loss 2.297 | lr 0.0012 | num_tokens 9.1 | batch_size 1 | grad_norm 38.66 | clip 0.9991
INFO: Epoch 018: valid_loss 2.75 | num_tokens 9.14 | batch_size 500 | valid_perplexity 15.6
INFO: Epoch 019: loss 2.28 | lr 0.0012 | num_tokens 9.1 | batch_size 1 | grad_norm 38.88 | clip 0.9991
INFO: Epoch 019: valid_loss 2.85 | num_tokens 9.14 | batch_size 500 | valid_perplexity 17.3
INFO: Epoch 020: loss 2.273 | lr 0.0012 | num_tokens 9.1 | batch_size 1 | grad_norm 38.72 | clip 0.9991
INFO: Epoch 020: valid_loss 2.86 | num_tokens 9.14 | batch_size 500 | valid_perplexity 17.5
INFO: Epoch 021: loss 2.26 | lr 0.0012 | num_tokens 9.1 | batch_size 1 | grad_norm 38.19 | clip 0.9989
INFO: Epoch 021: valid_loss 2.73 | num_tokens 9.14 | batch_size 500 | valid_perplexity 15.3
INFO: Epoch 022: loss 2.242 | lr 0.0012 | num_tokens 9.1 | batch_size 1 | grad_norm 38.21 | clip 0.9993
INFO: Epoch 022: valid_loss 2.84 | num_tokens 9.14 | batch_size 500 | valid_perplexity 17.1
INFO: Epoch 023: loss 2.225 | lr 0.0012 | num_tokens 9.1 | batch_size 1 | grad_norm 38.44 | clip 0.9991
INFO: Epoch 023: valid_loss 2.76 | num_tokens 9.14 | batch_size 500 | valid_perplexity 15.9
INFO: Epoch 024: loss 2.211 | lr 0.0012 | num_tokens 9.1 | batch_size 1 | grad_norm 38.33 | clip 0.9985
INFO: Epoch 024: valid_loss 2.77 | num_tokens 9.14 | batch_size 500 | valid_perplexity 16
INFO: No validation set improvements observed for 3 epochs. Early stop!
