INFO: COMMAND: train.py --data data/en-fr/prepared --source-lang fr --target-lang en --save-dir assignments/03/output/en-fr_bs1_lr0024/checkpoints/ --log-file logs/en-fr_bs1_lr0024.log --batch-size 1 --lr 0.0024
INFO: Arguments: {'cuda': False, 'data': 'data/en-fr/prepared', 'source_lang': 'fr', 'target_lang': 'en', 'max_tokens': None, 'batch_size': 1, 'train_on_tiny': False, 'arch': 'lstm', 'max_epoch': 10000, 'clip_norm': 4.0, 'lr': 0.0024, 'patience': 3, 'log_file': 'logs/en-fr_bs1_lr0024.log', 'save_dir': 'assignments/03/output/en-fr_bs1_lr0024/checkpoints/', 'restore_file': 'checkpoint_last.pt', 'save_interval': 1, 'no_save': False, 'epoch_checkpoints': False, 'encoder_embed_dim': 64, 'encoder_embed_path': None, 'encoder_hidden_size': 64, 'encoder_num_layers': 1, 'encoder_bidirectional': 'True', 'encoder_dropout_in': 0.25, 'encoder_dropout_out': 0.25, 'decoder_embed_dim': 64, 'decoder_embed_path': None, 'decoder_hidden_size': 128, 'decoder_num_layers': 1, 'decoder_dropout_in': 0.25, 'decoder_dropout_out': 0.25, 'decoder_use_attention': 'True', 'decoder_use_lexical_model': 'False', 'device_id': 0}
INFO: Loaded a source dictionary (fr) with 4000 words
INFO: Loaded a target dictionary (en) with 4000 words
INFO: Built a model with 1308576 parameters
INFO: Epoch 000: loss 4.112 | lr 0.0024 | num_tokens 9.1 | batch_size 1 | grad_norm 33.89 | clip 0.9995
INFO: Epoch 000: valid_loss 4.26 | num_tokens 9.14 | batch_size 500 | valid_perplexity 71
INFO: Epoch 001: loss 3.479 | lr 0.0024 | num_tokens 9.1 | batch_size 1 | grad_norm 30.37 | clip 1
INFO: Epoch 001: valid_loss 4.02 | num_tokens 9.14 | batch_size 500 | valid_perplexity 55.4
INFO: Epoch 002: loss 3.258 | lr 0.0024 | num_tokens 9.1 | batch_size 1 | grad_norm 30.39 | clip 1
INFO: Epoch 002: valid_loss 3.94 | num_tokens 9.14 | batch_size 500 | valid_perplexity 51.3
INFO: Epoch 003: loss 3.115 | lr 0.0024 | num_tokens 9.1 | batch_size 1 | grad_norm 30.31 | clip 0.9999
INFO: Epoch 003: valid_loss 3.83 | num_tokens 9.14 | batch_size 500 | valid_perplexity 46.1
INFO: Epoch 004: loss 3.022 | lr 0.0024 | num_tokens 9.1 | batch_size 1 | grad_norm 30.71 | clip 0.9999
INFO: Epoch 004: valid_loss 3.6 | num_tokens 9.14 | batch_size 500 | valid_perplexity 36.6
INFO: Epoch 005: loss 2.949 | lr 0.0024 | num_tokens 9.1 | batch_size 1 | grad_norm 30.6 | clip 0.9997
INFO: Epoch 005: valid_loss 3.69 | num_tokens 9.14 | batch_size 500 | valid_perplexity 40
INFO: Epoch 006: loss 2.9 | lr 0.0024 | num_tokens 9.1 | batch_size 1 | grad_norm 30.61 | clip 0.9995
INFO: Epoch 006: valid_loss 3.62 | num_tokens 9.14 | batch_size 500 | valid_perplexity 37.2
INFO: Epoch 007: loss 2.839 | lr 0.0024 | num_tokens 9.1 | batch_size 1 | grad_norm 30.7 | clip 0.9996
INFO: Epoch 007: valid_loss 3.7 | num_tokens 9.14 | batch_size 500 | valid_perplexity 40.3
INFO: No validation set improvements observed for 3 epochs. Early stop!
