INFO: COMMAND: train.py --data data/en-fr/prepared --source-lang fr --target-lang en --save-dir assignments/03/output/en-fr_bs4_lr0006/checkpoints/ --log-file logs/en-fr_bs4_lr0006.log --batch-size 4 --lr 0.0006
INFO: Arguments: {'cuda': False, 'data': 'data/en-fr/prepared', 'source_lang': 'fr', 'target_lang': 'en', 'max_tokens': None, 'batch_size': 4, 'train_on_tiny': False, 'arch': 'lstm', 'max_epoch': 10000, 'clip_norm': 4.0, 'lr': 0.0006, 'patience': 3, 'log_file': 'logs/en-fr_bs4_lr0006.log', 'save_dir': 'assignments/03/output/en-fr_bs4_lr0006/checkpoints/', 'restore_file': 'checkpoint_last.pt', 'save_interval': 1, 'no_save': False, 'epoch_checkpoints': False, 'encoder_embed_dim': 64, 'encoder_embed_path': None, 'encoder_hidden_size': 64, 'encoder_num_layers': 1, 'encoder_bidirectional': 'True', 'encoder_dropout_in': 0.25, 'encoder_dropout_out': 0.25, 'decoder_embed_dim': 64, 'decoder_embed_path': None, 'decoder_hidden_size': 128, 'decoder_num_layers': 1, 'decoder_dropout_in': 0.25, 'decoder_dropout_out': 0.25, 'decoder_use_attention': 'True', 'decoder_use_lexical_model': 'False', 'device_id': 0}
INFO: Loaded a source dictionary (fr) with 4000 words
INFO: Loaded a target dictionary (en) with 4000 words
INFO: Built a model with 1308576 parameters
INFO: Epoch 000: loss 4.58 | lr 0.0006 | num_tokens 9.1 | batch_size 4 | grad_norm 15.09 | clip 0.9932
INFO: Epoch 000: valid_loss 4.94 | num_tokens 9.14 | batch_size 500 | valid_perplexity 139
INFO: Epoch 001: loss 3.821 | lr 0.0006 | num_tokens 9.1 | batch_size 4 | grad_norm 16.75 | clip 1
INFO: Epoch 001: valid_loss 4.62 | num_tokens 9.14 | batch_size 500 | valid_perplexity 102
INFO: Epoch 002: loss 3.474 | lr 0.0006 | num_tokens 9.1 | batch_size 4 | grad_norm 18.34 | clip 1
INFO: Epoch 002: valid_loss 4.45 | num_tokens 9.14 | batch_size 500 | valid_perplexity 85.4
INFO: Epoch 003: loss 3.25 | lr 0.0006 | num_tokens 9.1 | batch_size 4 | grad_norm 19.53 | clip 1
INFO: Epoch 003: valid_loss 4.05 | num_tokens 9.14 | batch_size 500 | valid_perplexity 57.4
INFO: Epoch 004: loss 3.076 | lr 0.0006 | num_tokens 9.1 | batch_size 4 | grad_norm 20.57 | clip 1
INFO: Epoch 004: valid_loss 3.86 | num_tokens 9.14 | batch_size 500 | valid_perplexity 47.5
INFO: Epoch 005: loss 2.921 | lr 0.0006 | num_tokens 9.1 | batch_size 4 | grad_norm 21.54 | clip 1
INFO: Epoch 005: valid_loss 3.69 | num_tokens 9.14 | batch_size 500 | valid_perplexity 39.9
INFO: Epoch 006: loss 2.782 | lr 0.0006 | num_tokens 9.1 | batch_size 4 | grad_norm 22.25 | clip 1
INFO: Epoch 006: valid_loss 3.53 | num_tokens 9.14 | batch_size 500 | valid_perplexity 34.2
INFO: Epoch 007: loss 2.664 | lr 0.0006 | num_tokens 9.1 | batch_size 4 | grad_norm 22.94 | clip 1
INFO: Epoch 007: valid_loss 3.44 | num_tokens 9.14 | batch_size 500 | valid_perplexity 31.2
INFO: Epoch 008: loss 2.552 | lr 0.0006 | num_tokens 9.1 | batch_size 4 | grad_norm 23.56 | clip 1
INFO: Epoch 008: valid_loss 3.3 | num_tokens 9.14 | batch_size 500 | valid_perplexity 27
INFO: Epoch 009: loss 2.458 | lr 0.0006 | num_tokens 9.1 | batch_size 4 | grad_norm 24.19 | clip 1
INFO: Epoch 009: valid_loss 3.17 | num_tokens 9.14 | batch_size 500 | valid_perplexity 23.7
INFO: Epoch 010: loss 2.366 | lr 0.0006 | num_tokens 9.1 | batch_size 4 | grad_norm 24.68 | clip 1
INFO: Epoch 010: valid_loss 3.1 | num_tokens 9.14 | batch_size 500 | valid_perplexity 22.2
INFO: Epoch 011: loss 2.287 | lr 0.0006 | num_tokens 9.1 | batch_size 4 | grad_norm 25.03 | clip 1
INFO: Epoch 011: valid_loss 3.09 | num_tokens 9.14 | batch_size 500 | valid_perplexity 22.1
INFO: Epoch 012: loss 2.226 | lr 0.0006 | num_tokens 9.1 | batch_size 4 | grad_norm 25.32 | clip 1
INFO: Epoch 012: valid_loss 2.96 | num_tokens 9.14 | batch_size 500 | valid_perplexity 19.3
INFO: Epoch 013: loss 2.156 | lr 0.0006 | num_tokens 9.1 | batch_size 4 | grad_norm 25.39 | clip 1
INFO: Epoch 013: valid_loss 2.89 | num_tokens 9.14 | batch_size 500 | valid_perplexity 18
INFO: Epoch 014: loss 2.102 | lr 0.0006 | num_tokens 9.1 | batch_size 4 | grad_norm 25.8 | clip 1
INFO: Epoch 014: valid_loss 2.92 | num_tokens 9.14 | batch_size 500 | valid_perplexity 18.5
INFO: Epoch 015: loss 2.041 | lr 0.0006 | num_tokens 9.1 | batch_size 4 | grad_norm 26.2 | clip 1
INFO: Epoch 015: valid_loss 2.84 | num_tokens 9.14 | batch_size 500 | valid_perplexity 17.1
INFO: Epoch 016: loss 1.994 | lr 0.0006 | num_tokens 9.1 | batch_size 4 | grad_norm 26.19 | clip 1
INFO: Epoch 016: valid_loss 2.81 | num_tokens 9.14 | batch_size 500 | valid_perplexity 16.6
INFO: Epoch 017: loss 1.939 | lr 0.0006 | num_tokens 9.1 | batch_size 4 | grad_norm 26.36 | clip 1
INFO: Epoch 017: valid_loss 2.77 | num_tokens 9.14 | batch_size 500 | valid_perplexity 16
INFO: Epoch 018: loss 1.903 | lr 0.0006 | num_tokens 9.1 | batch_size 4 | grad_norm 26.52 | clip 1
INFO: Epoch 018: valid_loss 2.72 | num_tokens 9.14 | batch_size 500 | valid_perplexity 15.2
INFO: Epoch 019: loss 1.856 | lr 0.0006 | num_tokens 9.1 | batch_size 4 | grad_norm 26.57 | clip 1
INFO: Epoch 019: valid_loss 2.74 | num_tokens 9.14 | batch_size 500 | valid_perplexity 15.5
INFO: Epoch 020: loss 1.821 | lr 0.0006 | num_tokens 9.1 | batch_size 4 | grad_norm 26.63 | clip 1
INFO: Epoch 020: valid_loss 2.65 | num_tokens 9.14 | batch_size 500 | valid_perplexity 14.1
INFO: Epoch 021: loss 1.787 | lr 0.0006 | num_tokens 9.1 | batch_size 4 | grad_norm 26.81 | clip 1
INFO: Epoch 021: valid_loss 2.63 | num_tokens 9.14 | batch_size 500 | valid_perplexity 13.9
INFO: Epoch 022: loss 1.747 | lr 0.0006 | num_tokens 9.1 | batch_size 4 | grad_norm 26.69 | clip 1
INFO: Epoch 022: valid_loss 2.56 | num_tokens 9.14 | batch_size 500 | valid_perplexity 12.9
INFO: Epoch 023: loss 1.715 | lr 0.0006 | num_tokens 9.1 | batch_size 4 | grad_norm 27.09 | clip 1
INFO: Epoch 023: valid_loss 2.58 | num_tokens 9.14 | batch_size 500 | valid_perplexity 13.2
INFO: Epoch 024: loss 1.69 | lr 0.0006 | num_tokens 9.1 | batch_size 4 | grad_norm 27.14 | clip 1
INFO: Epoch 024: valid_loss 2.62 | num_tokens 9.14 | batch_size 500 | valid_perplexity 13.7
INFO: Epoch 025: loss 1.653 | lr 0.0006 | num_tokens 9.1 | batch_size 4 | grad_norm 27.02 | clip 1
INFO: Epoch 025: valid_loss 2.58 | num_tokens 9.14 | batch_size 500 | valid_perplexity 13.2
INFO: No validation set improvements observed for 3 epochs. Early stop!
