INFO: COMMAND: train.py --data data/en-fr/prepared --source-lang fr --target-lang en --save-dir assignments/03/output/en-fr_bs16_lr0024/checkpoints/ --log-file logs/en-fr_bs16_lr0024.log --batch-size 16 --lr 0.0024
INFO: Arguments: {'cuda': False, 'data': 'data/en-fr/prepared', 'source_lang': 'fr', 'target_lang': 'en', 'max_tokens': None, 'batch_size': 16, 'train_on_tiny': False, 'arch': 'lstm', 'max_epoch': 10000, 'clip_norm': 4.0, 'lr': 0.0024, 'patience': 3, 'log_file': 'logs/en-fr_bs16_lr0024.log', 'save_dir': 'assignments/03/output/en-fr_bs16_lr0024/checkpoints/', 'restore_file': 'checkpoint_last.pt', 'save_interval': 1, 'no_save': False, 'epoch_checkpoints': False, 'encoder_embed_dim': 64, 'encoder_embed_path': None, 'encoder_hidden_size': 64, 'encoder_num_layers': 1, 'encoder_bidirectional': 'True', 'encoder_dropout_in': 0.25, 'encoder_dropout_out': 0.25, 'decoder_embed_dim': 64, 'decoder_embed_path': None, 'decoder_hidden_size': 128, 'decoder_num_layers': 1, 'decoder_dropout_in': 0.25, 'decoder_dropout_out': 0.25, 'decoder_use_attention': 'True', 'decoder_use_lexical_model': 'False', 'device_id': 0}
INFO: Loaded a source dictionary (fr) with 4000 words
INFO: Loaded a target dictionary (en) with 4000 words
INFO: Built a model with 1308576 parameters
INFO: Epoch 000: loss 4.674 | lr 0.0024 | num_tokens 9.1 | batch_size 16 | grad_norm 8.396 | clip 0.992
INFO: Epoch 000: valid_loss 4.64 | num_tokens 9.14 | batch_size 500 | valid_perplexity 103
INFO: Epoch 001: loss 3.841 | lr 0.0024 | num_tokens 9.1 | batch_size 16 | grad_norm 7.42 | clip 1
INFO: Epoch 001: valid_loss 4.2 | num_tokens 9.14 | batch_size 500 | valid_perplexity 66.5
INFO: Epoch 002: loss 3.437 | lr 0.0024 | num_tokens 9.1 | batch_size 16 | grad_norm 7.905 | clip 1
INFO: Epoch 002: valid_loss 3.9 | num_tokens 9.14 | batch_size 500 | valid_perplexity 49.5
INFO: Epoch 003: loss 3.162 | lr 0.0024 | num_tokens 9.1 | batch_size 16 | grad_norm 8.512 | clip 1
INFO: Epoch 003: valid_loss 3.6 | num_tokens 9.14 | batch_size 500 | valid_perplexity 36.5
INFO: Epoch 004: loss 2.936 | lr 0.0024 | num_tokens 9.1 | batch_size 16 | grad_norm 8.957 | clip 1
INFO: Epoch 004: valid_loss 3.46 | num_tokens 9.14 | batch_size 500 | valid_perplexity 31.9
INFO: Epoch 005: loss 2.738 | lr 0.0024 | num_tokens 9.1 | batch_size 16 | grad_norm 9.282 | clip 1
INFO: Epoch 005: valid_loss 3.27 | num_tokens 9.14 | batch_size 500 | valid_perplexity 26.2
INFO: Epoch 006: loss 2.57 | lr 0.0024 | num_tokens 9.1 | batch_size 16 | grad_norm 9.842 | clip 1
INFO: Epoch 006: valid_loss 3.15 | num_tokens 9.14 | batch_size 500 | valid_perplexity 23.3
INFO: Epoch 007: loss 2.432 | lr 0.0024 | num_tokens 9.1 | batch_size 16 | grad_norm 10.2 | clip 1
INFO: Epoch 007: valid_loss 3.01 | num_tokens 9.14 | batch_size 500 | valid_perplexity 20.3
INFO: Epoch 008: loss 2.312 | lr 0.0024 | num_tokens 9.1 | batch_size 16 | grad_norm 10.45 | clip 1
INFO: Epoch 008: valid_loss 2.92 | num_tokens 9.14 | batch_size 500 | valid_perplexity 18.5
INFO: Epoch 009: loss 2.205 | lr 0.0024 | num_tokens 9.1 | batch_size 16 | grad_norm 10.46 | clip 1
INFO: Epoch 009: valid_loss 2.9 | num_tokens 9.14 | batch_size 500 | valid_perplexity 18.2
INFO: Epoch 010: loss 2.109 | lr 0.0024 | num_tokens 9.1 | batch_size 16 | grad_norm 10.64 | clip 1
INFO: Epoch 010: valid_loss 2.87 | num_tokens 9.14 | batch_size 500 | valid_perplexity 17.6
INFO: Epoch 011: loss 2.031 | lr 0.0024 | num_tokens 9.1 | batch_size 16 | grad_norm 10.87 | clip 1
INFO: Epoch 011: valid_loss 2.79 | num_tokens 9.14 | batch_size 500 | valid_perplexity 16.3
INFO: Epoch 012: loss 1.961 | lr 0.0024 | num_tokens 9.1 | batch_size 16 | grad_norm 11 | clip 1
INFO: Epoch 012: valid_loss 2.72 | num_tokens 9.14 | batch_size 500 | valid_perplexity 15.2
INFO: Epoch 013: loss 1.887 | lr 0.0024 | num_tokens 9.1 | batch_size 16 | grad_norm 10.85 | clip 1
INFO: Epoch 013: valid_loss 2.71 | num_tokens 9.14 | batch_size 500 | valid_perplexity 15
INFO: Epoch 014: loss 1.827 | lr 0.0024 | num_tokens 9.1 | batch_size 16 | grad_norm 11.02 | clip 1
INFO: Epoch 014: valid_loss 2.63 | num_tokens 9.14 | batch_size 500 | valid_perplexity 13.9
INFO: Epoch 015: loss 1.778 | lr 0.0024 | num_tokens 9.1 | batch_size 16 | grad_norm 11.04 | clip 1
INFO: Epoch 015: valid_loss 2.72 | num_tokens 9.14 | batch_size 500 | valid_perplexity 15.2
INFO: Epoch 016: loss 1.727 | lr 0.0024 | num_tokens 9.1 | batch_size 16 | grad_norm 11.06 | clip 1
INFO: Epoch 016: valid_loss 2.69 | num_tokens 9.14 | batch_size 500 | valid_perplexity 14.8
INFO: Epoch 017: loss 1.687 | lr 0.0024 | num_tokens 9.1 | batch_size 16 | grad_norm 11.08 | clip 1
INFO: Epoch 017: valid_loss 2.64 | num_tokens 9.14 | batch_size 500 | valid_perplexity 14
INFO: No validation set improvements observed for 3 epochs. Early stop!
