INFO: COMMAND: train.py --data data/en-fr/prepared --source-lang fr --target-lang en --save-dir assignments/03/output/en-fr_bs64_lr0012/checkpoints/ --log-file logs/en-fr_bs64_lr0012.log --batch-size 64 --lr 0.0012
INFO: Arguments: {'cuda': False, 'data': 'data/en-fr/prepared', 'source_lang': 'fr', 'target_lang': 'en', 'max_tokens': None, 'batch_size': 64, 'train_on_tiny': False, 'arch': 'lstm', 'max_epoch': 10000, 'clip_norm': 4.0, 'lr': 0.0012, 'patience': 3, 'log_file': 'logs/en-fr_bs64_lr0012.log', 'save_dir': 'assignments/03/output/en-fr_bs64_lr0012/checkpoints/', 'restore_file': 'checkpoint_last.pt', 'save_interval': 1, 'no_save': False, 'epoch_checkpoints': False, 'encoder_embed_dim': 64, 'encoder_embed_path': None, 'encoder_hidden_size': 64, 'encoder_num_layers': 1, 'encoder_bidirectional': 'True', 'encoder_dropout_in': 0.25, 'encoder_dropout_out': 0.25, 'decoder_embed_dim': 64, 'decoder_embed_path': None, 'decoder_hidden_size': 128, 'decoder_num_layers': 1, 'decoder_dropout_in': 0.25, 'decoder_dropout_out': 0.25, 'decoder_use_attention': 'True', 'decoder_use_lexical_model': 'False', 'device_id': 0}
INFO: Loaded a source dictionary (fr) with 4000 words
INFO: Loaded a target dictionary (en) with 4000 words
INFO: Built a model with 1308576 parameters
INFO: Epoch 000: loss 5.378 | lr 0.0012 | num_tokens 9.309 | batch_size 63.69 | grad_norm 7.819 | clip 0.9554
INFO: Epoch 000: valid_loss 5.14 | num_tokens 9.14 | batch_size 500 | valid_perplexity 171
INFO: Epoch 001: loss 4.634 | lr 0.0012 | num_tokens 9.309 | batch_size 63.69 | grad_norm 6.478 | clip 0.9045
INFO: Epoch 001: valid_loss 4.81 | num_tokens 9.14 | batch_size 500 | valid_perplexity 122
INFO: Epoch 002: loss 4.337 | lr 0.0012 | num_tokens 9.309 | batch_size 63.69 | grad_norm 5.869 | clip 0.828
INFO: Epoch 002: valid_loss 4.47 | num_tokens 9.14 | batch_size 500 | valid_perplexity 87.1
INFO: Epoch 003: loss 4.098 | lr 0.0012 | num_tokens 9.309 | batch_size 63.69 | grad_norm 5.337 | clip 0.7643
INFO: Epoch 003: valid_loss 4.25 | num_tokens 9.14 | batch_size 500 | valid_perplexity 69.8
INFO: Epoch 004: loss 3.91 | lr 0.0012 | num_tokens 9.309 | batch_size 63.69 | grad_norm 5.987 | clip 0.7389
INFO: Epoch 004: valid_loss 4.09 | num_tokens 9.14 | batch_size 500 | valid_perplexity 59.9
INFO: Epoch 005: loss 3.749 | lr 0.0012 | num_tokens 9.309 | batch_size 63.69 | grad_norm 5.182 | clip 0.7389
INFO: Epoch 005: valid_loss 3.97 | num_tokens 9.14 | batch_size 500 | valid_perplexity 53.2
INFO: Epoch 006: loss 3.622 | lr 0.0012 | num_tokens 9.309 | batch_size 63.69 | grad_norm 5.258 | clip 0.7006
INFO: Epoch 006: valid_loss 3.89 | num_tokens 9.14 | batch_size 500 | valid_perplexity 48.9
INFO: Epoch 007: loss 3.491 | lr 0.0012 | num_tokens 9.309 | batch_size 63.69 | grad_norm 5.227 | clip 0.7261
INFO: Epoch 007: valid_loss 3.78 | num_tokens 9.14 | batch_size 500 | valid_perplexity 43.7
INFO: Epoch 008: loss 3.371 | lr 0.0012 | num_tokens 9.309 | batch_size 63.69 | grad_norm 5.372 | clip 0.7389
INFO: Epoch 008: valid_loss 3.65 | num_tokens 9.14 | batch_size 500 | valid_perplexity 38.6
INFO: Epoch 009: loss 3.252 | lr 0.0012 | num_tokens 9.309 | batch_size 63.69 | grad_norm 5.403 | clip 0.7516
INFO: Epoch 009: valid_loss 3.56 | num_tokens 9.14 | batch_size 500 | valid_perplexity 35
INFO: Epoch 010: loss 3.15 | lr 0.0012 | num_tokens 9.309 | batch_size 63.69 | grad_norm 5.506 | clip 0.7834
INFO: Epoch 010: valid_loss 3.49 | num_tokens 9.14 | batch_size 500 | valid_perplexity 32.8
INFO: Epoch 011: loss 3.051 | lr 0.0012 | num_tokens 9.309 | batch_size 63.69 | grad_norm 5.654 | clip 0.8089
INFO: Epoch 011: valid_loss 3.39 | num_tokens 9.14 | batch_size 500 | valid_perplexity 29.6
INFO: Epoch 012: loss 2.958 | lr 0.0012 | num_tokens 9.309 | batch_size 63.69 | grad_norm 5.741 | clip 0.828
INFO: Epoch 012: valid_loss 3.31 | num_tokens 9.14 | batch_size 500 | valid_perplexity 27.5
INFO: Epoch 013: loss 2.862 | lr 0.0012 | num_tokens 9.309 | batch_size 63.69 | grad_norm 5.899 | clip 0.828
INFO: Epoch 013: valid_loss 3.22 | num_tokens 9.14 | batch_size 500 | valid_perplexity 25.1
INFO: Epoch 014: loss 2.779 | lr 0.0012 | num_tokens 9.309 | batch_size 63.69 | grad_norm 6.03 | clip 0.879
INFO: Epoch 014: valid_loss 3.14 | num_tokens 9.14 | batch_size 500 | valid_perplexity 23
INFO: Epoch 015: loss 2.693 | lr 0.0012 | num_tokens 9.309 | batch_size 63.69 | grad_norm 6.114 | clip 0.8471
INFO: Epoch 015: valid_loss 3.16 | num_tokens 9.14 | batch_size 500 | valid_perplexity 23.6
INFO: Epoch 016: loss 2.634 | lr 0.0012 | num_tokens 9.309 | batch_size 63.69 | grad_norm 6.17 | clip 0.8854
INFO: Epoch 016: valid_loss 3.03 | num_tokens 9.14 | batch_size 500 | valid_perplexity 20.7
INFO: Epoch 017: loss 2.553 | lr 0.0012 | num_tokens 9.309 | batch_size 63.69 | grad_norm 6.352 | clip 0.8726
INFO: Epoch 017: valid_loss 3 | num_tokens 9.14 | batch_size 500 | valid_perplexity 20
INFO: Epoch 018: loss 2.493 | lr 0.0012 | num_tokens 9.309 | batch_size 63.69 | grad_norm 6.395 | clip 0.8917
INFO: Epoch 018: valid_loss 2.95 | num_tokens 9.14 | batch_size 500 | valid_perplexity 19.2
INFO: Epoch 019: loss 2.431 | lr 0.0012 | num_tokens 9.309 | batch_size 63.69 | grad_norm 6.487 | clip 0.8917
INFO: Epoch 019: valid_loss 2.94 | num_tokens 9.14 | batch_size 500 | valid_perplexity 18.9
INFO: Epoch 020: loss 2.371 | lr 0.0012 | num_tokens 9.309 | batch_size 63.69 | grad_norm 6.607 | clip 0.9045
INFO: Epoch 020: valid_loss 2.89 | num_tokens 9.14 | batch_size 500 | valid_perplexity 18
INFO: Epoch 021: loss 2.315 | lr 0.0012 | num_tokens 9.309 | batch_size 63.69 | grad_norm 6.996 | clip 0.9236
INFO: Epoch 021: valid_loss 2.81 | num_tokens 9.14 | batch_size 500 | valid_perplexity 16.6
INFO: Epoch 022: loss 2.259 | lr 0.0012 | num_tokens 9.309 | batch_size 63.69 | grad_norm 6.786 | clip 0.9172
INFO: Epoch 022: valid_loss 2.88 | num_tokens 9.14 | batch_size 500 | valid_perplexity 17.8
INFO: Epoch 023: loss 2.22 | lr 0.0012 | num_tokens 9.309 | batch_size 63.69 | grad_norm 6.847 | clip 0.9618
INFO: Epoch 023: valid_loss 2.75 | num_tokens 9.14 | batch_size 500 | valid_perplexity 15.7
INFO: Epoch 024: loss 2.167 | lr 0.0012 | num_tokens 9.309 | batch_size 63.69 | grad_norm 6.899 | clip 0.9363
INFO: Epoch 024: valid_loss 2.74 | num_tokens 9.14 | batch_size 500 | valid_perplexity 15.4
INFO: Epoch 025: loss 2.123 | lr 0.0012 | num_tokens 9.309 | batch_size 63.69 | grad_norm 7.049 | clip 0.9363
INFO: Epoch 025: valid_loss 2.71 | num_tokens 9.14 | batch_size 500 | valid_perplexity 15
INFO: Epoch 026: loss 2.08 | lr 0.0012 | num_tokens 9.309 | batch_size 63.69 | grad_norm 7.063 | clip 0.9618
INFO: Epoch 026: valid_loss 2.66 | num_tokens 9.14 | batch_size 500 | valid_perplexity 14.2
INFO: Epoch 027: loss 2.034 | lr 0.0012 | num_tokens 9.309 | batch_size 63.69 | grad_norm 7.101 | clip 0.949
INFO: Epoch 027: valid_loss 2.66 | num_tokens 9.14 | batch_size 500 | valid_perplexity 14.2
INFO: Epoch 028: loss 1.997 | lr 0.0012 | num_tokens 9.309 | batch_size 63.69 | grad_norm 7.181 | clip 0.9363
INFO: Epoch 028: valid_loss 2.69 | num_tokens 9.14 | batch_size 500 | valid_perplexity 14.7
INFO: Epoch 029: loss 1.965 | lr 0.0012 | num_tokens 9.309 | batch_size 63.69 | grad_norm 7.36 | clip 0.9618
INFO: Epoch 029: valid_loss 2.63 | num_tokens 9.14 | batch_size 500 | valid_perplexity 13.9
INFO: Epoch 030: loss 1.925 | lr 0.0012 | num_tokens 9.309 | batch_size 63.69 | grad_norm 7.229 | clip 0.9745
INFO: Epoch 030: valid_loss 2.58 | num_tokens 9.14 | batch_size 500 | valid_perplexity 13.2
INFO: Epoch 031: loss 1.888 | lr 0.0012 | num_tokens 9.309 | batch_size 63.69 | grad_norm 7.33 | clip 0.9618
INFO: Epoch 031: valid_loss 2.62 | num_tokens 9.14 | batch_size 500 | valid_perplexity 13.7
INFO: Epoch 032: loss 1.859 | lr 0.0012 | num_tokens 9.309 | batch_size 63.69 | grad_norm 7.505 | clip 0.9745
INFO: Epoch 032: valid_loss 2.53 | num_tokens 9.14 | batch_size 500 | valid_perplexity 12.6
INFO: Epoch 033: loss 1.823 | lr 0.0012 | num_tokens 9.309 | batch_size 63.69 | grad_norm 7.583 | clip 0.9554
INFO: Epoch 033: valid_loss 2.66 | num_tokens 9.14 | batch_size 500 | valid_perplexity 14.4
INFO: Epoch 034: loss 1.798 | lr 0.0012 | num_tokens 9.309 | batch_size 63.69 | grad_norm 7.453 | clip 0.9745
INFO: Epoch 034: valid_loss 2.51 | num_tokens 9.14 | batch_size 500 | valid_perplexity 12.4
INFO: Epoch 035: loss 1.77 | lr 0.0012 | num_tokens 9.309 | batch_size 63.69 | grad_norm 7.473 | clip 0.9682
INFO: Epoch 035: valid_loss 2.57 | num_tokens 9.14 | batch_size 500 | valid_perplexity 13
INFO: Epoch 036: loss 1.741 | lr 0.0012 | num_tokens 9.309 | batch_size 63.69 | grad_norm 7.578 | clip 0.9618
INFO: Epoch 036: valid_loss 2.53 | num_tokens 9.14 | batch_size 500 | valid_perplexity 12.5
INFO: Epoch 037: loss 1.719 | lr 0.0012 | num_tokens 9.309 | batch_size 63.69 | grad_norm 7.702 | clip 0.9745
INFO: Epoch 037: valid_loss 2.51 | num_tokens 9.14 | batch_size 500 | valid_perplexity 12.3
INFO: Epoch 038: loss 1.691 | lr 0.0012 | num_tokens 9.309 | batch_size 63.69 | grad_norm 7.832 | clip 0.9745
INFO: Epoch 038: valid_loss 2.51 | num_tokens 9.14 | batch_size 500 | valid_perplexity 12.3
INFO: Epoch 039: loss 1.668 | lr 0.0012 | num_tokens 9.309 | batch_size 63.69 | grad_norm 7.716 | clip 0.9873
INFO: Epoch 039: valid_loss 2.45 | num_tokens 9.14 | batch_size 500 | valid_perplexity 11.6
INFO: Epoch 040: loss 1.639 | lr 0.0012 | num_tokens 9.309 | batch_size 63.69 | grad_norm 7.55 | clip 0.9554
INFO: Epoch 040: valid_loss 2.48 | num_tokens 9.14 | batch_size 500 | valid_perplexity 12
INFO: Epoch 041: loss 1.62 | lr 0.0012 | num_tokens 9.309 | batch_size 63.69 | grad_norm 7.861 | clip 0.9618
INFO: Epoch 041: valid_loss 2.49 | num_tokens 9.14 | batch_size 500 | valid_perplexity 12
INFO: Epoch 042: loss 1.597 | lr 0.0012 | num_tokens 9.309 | batch_size 63.69 | grad_norm 7.79 | clip 0.9745
INFO: Epoch 042: valid_loss 2.43 | num_tokens 9.14 | batch_size 500 | valid_perplexity 11.4
INFO: Epoch 043: loss 1.571 | lr 0.0012 | num_tokens 9.309 | batch_size 63.69 | grad_norm 7.785 | clip 0.9554
INFO: Epoch 043: valid_loss 2.45 | num_tokens 9.14 | batch_size 500 | valid_perplexity 11.6
INFO: Epoch 044: loss 1.554 | lr 0.0012 | num_tokens 9.309 | batch_size 63.69 | grad_norm 7.979 | clip 0.9618
INFO: Epoch 044: valid_loss 2.42 | num_tokens 9.14 | batch_size 500 | valid_perplexity 11.2
INFO: Epoch 045: loss 1.536 | lr 0.0012 | num_tokens 9.309 | batch_size 63.69 | grad_norm 7.862 | clip 0.9745
INFO: Epoch 045: valid_loss 2.41 | num_tokens 9.14 | batch_size 500 | valid_perplexity 11.1
INFO: Epoch 046: loss 1.513 | lr 0.0012 | num_tokens 9.309 | batch_size 63.69 | grad_norm 7.768 | clip 0.949
INFO: Epoch 046: valid_loss 2.46 | num_tokens 9.14 | batch_size 500 | valid_perplexity 11.7
INFO: Epoch 047: loss 1.502 | lr 0.0012 | num_tokens 9.309 | batch_size 63.69 | grad_norm 7.855 | clip 0.9618
INFO: Epoch 047: valid_loss 2.4 | num_tokens 9.14 | batch_size 500 | valid_perplexity 11
INFO: Epoch 048: loss 1.476 | lr 0.0012 | num_tokens 9.309 | batch_size 63.69 | grad_norm 7.905 | clip 0.9682
INFO: Epoch 048: valid_loss 2.43 | num_tokens 9.14 | batch_size 500 | valid_perplexity 11.3
INFO: Epoch 049: loss 1.461 | lr 0.0012 | num_tokens 9.309 | batch_size 63.69 | grad_norm 7.805 | clip 0.9682
INFO: Epoch 049: valid_loss 2.39 | num_tokens 9.14 | batch_size 500 | valid_perplexity 10.9
INFO: Epoch 050: loss 1.446 | lr 0.0012 | num_tokens 9.309 | batch_size 63.69 | grad_norm 7.905 | clip 0.9682
INFO: Epoch 050: valid_loss 2.4 | num_tokens 9.14 | batch_size 500 | valid_perplexity 11.1
INFO: Epoch 051: loss 1.432 | lr 0.0012 | num_tokens 9.309 | batch_size 63.69 | grad_norm 7.987 | clip 0.949
INFO: Epoch 051: valid_loss 2.39 | num_tokens 9.14 | batch_size 500 | valid_perplexity 10.9
INFO: Epoch 052: loss 1.414 | lr 0.0012 | num_tokens 9.309 | batch_size 63.69 | grad_norm 7.944 | clip 0.9682
INFO: Epoch 052: valid_loss 2.37 | num_tokens 9.14 | batch_size 500 | valid_perplexity 10.7
INFO: Epoch 053: loss 1.395 | lr 0.0012 | num_tokens 9.309 | batch_size 63.69 | grad_norm 7.915 | clip 0.9618
INFO: Epoch 053: valid_loss 2.36 | num_tokens 9.14 | batch_size 500 | valid_perplexity 10.6
INFO: Epoch 054: loss 1.378 | lr 0.0012 | num_tokens 9.309 | batch_size 63.69 | grad_norm 8.003 | clip 0.9363
INFO: Epoch 054: valid_loss 2.43 | num_tokens 9.14 | batch_size 500 | valid_perplexity 11.4
INFO: Epoch 055: loss 1.376 | lr 0.0012 | num_tokens 9.309 | batch_size 63.69 | grad_norm 8.12 | clip 0.9618
INFO: Epoch 055: valid_loss 2.36 | num_tokens 9.14 | batch_size 500 | valid_perplexity 10.6
INFO: Epoch 056: loss 1.356 | lr 0.0012 | num_tokens 9.309 | batch_size 63.69 | grad_norm 8.001 | clip 0.949
INFO: Epoch 056: valid_loss 2.39 | num_tokens 9.14 | batch_size 500 | valid_perplexity 10.9
INFO: No validation set improvements observed for 3 epochs. Early stop!
